Determining if the pthread_create exist failed with the following output:
Change Dir: /home/ltl21/PulsarCode/Ellipsis/build/CMakeFiles/CMakeTmp

Run Build Command:/usr/bin/gmake "cmTryCompileExec3087267395/fast"
/usr/bin/gmake -f CMakeFiles/cmTryCompileExec3087267395.dir/build.make CMakeFiles/cmTryCompileExec3087267395.dir/build
gmake[1]: Entering directory `/home/ltl21/PulsarCode/Ellipsis/build/CMakeFiles/CMakeTmp'
/usr/bin/cmake -E cmake_progress_report /home/ltl21/PulsarCode/Ellipsis/build/CMakeFiles/CMakeTmp/CMakeFiles 1
Building C object CMakeFiles/cmTryCompileExec3087267395.dir/CheckSymbolExists.c.o
/usr/local/Cluster-Apps/gcc/4.8.1/bin/gcc   -std=c89 -pedantic -Wall -Wextra -Wfatal-errors -O3    -o CMakeFiles/cmTryCompileExec3087267395.dir/CheckSymbolExists.c.o   -c /home/ltl21/PulsarCode/Ellipsis/build/CMakeFiles/CMakeTmp/CheckSymbolExists.c
/home/ltl21/PulsarCode/Ellipsis/build/CMakeFiles/CMakeTmp/CheckSymbolExists.c: In function ‘main’:
/home/ltl21/PulsarCode/Ellipsis/build/CMakeFiles/CMakeTmp/CheckSymbolExists.c:8:11: warning: ISO C forbids conversion of function pointer to object pointer type [-Wpedantic]
   return ((int*)(&pthread_create))[argc];
           ^
Linking C executable cmTryCompileExec3087267395
/usr/bin/cmake -E cmake_link_script CMakeFiles/cmTryCompileExec3087267395.dir/link.txt --verbose=1
/usr/local/Cluster-Apps/gcc/4.8.1/bin/gcc   -std=c89 -pedantic -Wall -Wextra -Wfatal-errors -O3     CMakeFiles/cmTryCompileExec3087267395.dir/CheckSymbolExists.c.o  -o cmTryCompileExec3087267395 -rdynamic 
CMakeFiles/cmTryCompileExec3087267395.dir/CheckSymbolExists.c.o: In function `main':
CheckSymbolExists.c:(.text.startup+0x6): undefined reference to `pthread_create'
collect2: error: ld returned 1 exit status
gmake[1]: *** [cmTryCompileExec3087267395] Error 1
gmake[1]: Leaving directory `/home/ltl21/PulsarCode/Ellipsis/build/CMakeFiles/CMakeTmp'
gmake: *** [cmTryCompileExec3087267395/fast] Error 2

File /home/ltl21/PulsarCode/Ellipsis/build/CMakeFiles/CMakeTmp/CheckSymbolExists.c:
/* */
#include <pthread.h>

int main(int argc, char** argv)
{
  (void)argv;
#ifndef pthread_create
  return ((int*)(&pthread_create))[argc];
#else
  (void)argc;
  return 0;
#endif
}

Determining if the function pthread_create exists in the pthreads failed with the following output:
Change Dir: /home/ltl21/PulsarCode/Ellipsis/build/CMakeFiles/CMakeTmp

Run Build Command:/usr/bin/gmake "cmTryCompileExec1807432797/fast"
/usr/bin/gmake -f CMakeFiles/cmTryCompileExec1807432797.dir/build.make CMakeFiles/cmTryCompileExec1807432797.dir/build
gmake[1]: Entering directory `/home/ltl21/PulsarCode/Ellipsis/build/CMakeFiles/CMakeTmp'
/usr/bin/cmake -E cmake_progress_report /home/ltl21/PulsarCode/Ellipsis/build/CMakeFiles/CMakeTmp/CMakeFiles 1
Building C object CMakeFiles/cmTryCompileExec1807432797.dir/CheckFunctionExists.c.o
/usr/local/Cluster-Apps/gcc/4.8.1/bin/gcc   -std=c89 -pedantic -Wall -Wextra -Wfatal-errors -O3 -DCHECK_FUNCTION_EXISTS=pthread_create   -o CMakeFiles/cmTryCompileExec1807432797.dir/CheckFunctionExists.c.o   -c /usr/share/cmake/Modules/CheckFunctionExists.c
Linking C executable cmTryCompileExec1807432797
/usr/bin/cmake -E cmake_link_script CMakeFiles/cmTryCompileExec1807432797.dir/link.txt --verbose=1
/usr/local/Cluster-Apps/gcc/4.8.1/bin/gcc   -std=c89 -pedantic -Wall -Wextra -Wfatal-errors -O3 -DCHECK_FUNCTION_EXISTS=pthread_create    CMakeFiles/cmTryCompileExec1807432797.dir/CheckFunctionExists.c.o  -o cmTryCompileExec1807432797 -rdynamic -lpthreads 
/usr/bin/ld: cannot find -lpthreads
collect2: error: ld returned 1 exit status
gmake[1]: *** [cmTryCompileExec1807432797] Error 1
gmake[1]: Leaving directory `/home/ltl21/PulsarCode/Ellipsis/build/CMakeFiles/CMakeTmp'
gmake: *** [cmTryCompileExec1807432797/fast] Error 2


