The system is: Linux - 2.6.32-573.18.1.el6.x86_64 - x86_64
Compiling the C compiler identification source file "CMakeCCompilerId.c" succeeded.
Compiler: /usr/local/x86_64/gnu/gcc-4.8.2/bin/gcc 
Build flags: -mtune=native;-O2;-ffast-math;-pthread
Id flags: 

The output was:
0


Compilation of the C compiler identification source "CMakeCCompilerId.c" produced "a.out"

The C compiler identification is GNU, found in "/home/llentati/PulsarCode/TempoNest/Ellipsis/build/CMakeFiles/CompilerIdC/a.out"

Determining if the C compiler works passed with the following output:
Change Dir: /home/llentati/PulsarCode/TempoNest/Ellipsis/build/CMakeFiles/CMakeTmp

Run Build Command:/usr/bin/gmake "cmTryCompileExec2343826449/fast"
/usr/bin/gmake -f CMakeFiles/cmTryCompileExec2343826449.dir/build.make CMakeFiles/cmTryCompileExec2343826449.dir/build
gmake[1]: Entering directory `/mnt/home/llentati/PulsarCode/TempoNest/Ellipsis/build/CMakeFiles/CMakeTmp'
/usr/local/x86_64/gnu/cmake-2.8.8/bin/cmake -E cmake_progress_report /home/llentati/PulsarCode/TempoNest/Ellipsis/build/CMakeFiles/CMakeTmp/CMakeFiles 1
Building C object CMakeFiles/cmTryCompileExec2343826449.dir/testCCompiler.c.o
/usr/local/x86_64/gnu/gcc-4.8.2/bin/gcc   -mtune=native -O2 -ffast-math -pthread      -o CMakeFiles/cmTryCompileExec2343826449.dir/testCCompiler.c.o   -c /home/llentati/PulsarCode/TempoNest/Ellipsis/build/CMakeFiles/CMakeTmp/testCCompiler.c
Linking C executable cmTryCompileExec2343826449
/usr/local/x86_64/gnu/cmake-2.8.8/bin/cmake -E cmake_link_script CMakeFiles/cmTryCompileExec2343826449.dir/link.txt --verbose=1
/usr/local/x86_64/gnu/gcc-4.8.2/bin/gcc   -mtune=native -O2 -ffast-math -pthread       CMakeFiles/cmTryCompileExec2343826449.dir/testCCompiler.c.o  -o cmTryCompileExec2343826449 -rdynamic 
gmake[1]: Leaving directory `/mnt/home/llentati/PulsarCode/TempoNest/Ellipsis/build/CMakeFiles/CMakeTmp'


Detecting C compiler ABI info compiled with the following output:
Change Dir: /home/llentati/PulsarCode/TempoNest/Ellipsis/build/CMakeFiles/CMakeTmp

Run Build Command:/usr/bin/gmake "cmTryCompileExec2443352504/fast"
/usr/bin/gmake -f CMakeFiles/cmTryCompileExec2443352504.dir/build.make CMakeFiles/cmTryCompileExec2443352504.dir/build
gmake[1]: Entering directory `/mnt/home/llentati/PulsarCode/TempoNest/Ellipsis/build/CMakeFiles/CMakeTmp'
/usr/local/x86_64/gnu/cmake-2.8.8/bin/cmake -E cmake_progress_report /home/llentati/PulsarCode/TempoNest/Ellipsis/build/CMakeFiles/CMakeTmp/CMakeFiles 1
Building C object CMakeFiles/cmTryCompileExec2443352504.dir/CMakeCCompilerABI.c.o
/usr/local/x86_64/gnu/gcc-4.8.2/bin/gcc   -mtune=native -O2 -ffast-math -pthread      -o CMakeFiles/cmTryCompileExec2443352504.dir/CMakeCCompilerABI.c.o   -c /usr/local/x86_64/gnu/cmake-2.8.8/share/cmake-2.8/Modules/CMakeCCompilerABI.c
Linking C executable cmTryCompileExec2443352504
/usr/local/x86_64/gnu/cmake-2.8.8/bin/cmake -E cmake_link_script CMakeFiles/cmTryCompileExec2443352504.dir/link.txt --verbose=1
/usr/local/x86_64/gnu/gcc-4.8.2/bin/gcc   -mtune=native -O2 -ffast-math -pthread     -v CMakeFiles/cmTryCompileExec2443352504.dir/CMakeCCompilerABI.c.o  -o cmTryCompileExec2443352504 -rdynamic  
Using built-in specs.
COLLECT_GCC=/usr/local/x86_64/gnu/gcc-4.8.2/bin/gcc
COLLECT_LTO_WRAPPER=/usr/local/x86_64/gnu/gcc-4.8.2/libexec/gcc/x86_64-unknown-linux-gnu/4.8.2/lto-wrapper
Target: x86_64-unknown-linux-gnu
Configured with: /usr/local/inst_src/gcc-4.8.2/configure --prefix=/usr/local/x86_64/gnu/gcc-4.8.2 --with-mpc=/usr/local/x86_64/gnu/mpc-1.0 --with-gmp=/usr/local/x86_64/gnu/gmp-5.0.5 --with-mpfr=/usr/local/x86_64/gnu/mpfr-3.1.1
Thread model: posix
gcc version 4.8.2 (GCC) 
COMPILER_PATH=/usr/local/x86_64/gnu/gcc-4.8.2/libexec/gcc/x86_64-unknown-linux-gnu/4.8.2/:/usr/local/x86_64/gnu/gcc-4.8.2/libexec/gcc/x86_64-unknown-linux-gnu/4.8.2/:/usr/local/x86_64/gnu/gcc-4.8.2/libexec/gcc/x86_64-unknown-linux-gnu/:/usr/local/x86_64/gnu/gcc-4.8.2/lib/gcc/x86_64-unknown-linux-gnu/4.8.2/:/usr/local/x86_64/gnu/gcc-4.8.2/lib/gcc/x86_64-unknown-linux-gnu/
LIBRARY_PATH=/usr/local/cuda-6.0/lib64/../lib64/:/usr/local/cuda-6.0/lib/../lib64/:/usr/local/x86_64/gnu/gcc-4.8.2/lib/gcc/x86_64-unknown-linux-gnu/4.8.2/:/usr/local/x86_64/gnu/gcc-4.8.2/lib/gcc/x86_64-unknown-linux-gnu/4.8.2/../../../../lib64/:/lib/../lib64/:/usr/lib/../lib64/:/usr/local/intel/composer_xe_2011_sp1.7.256/compiler/lib/intel64/:/usr/local/intel/composer_xe_2011_sp1.7.256/mkl/lib/intel64/:/usr/local/intel/composer_xe_2011_sp1.7.256/compiler/lib/intel64/:/usr/local/intel/composer_xe_2011_sp1.7.256/ipp/../compiler/lib/intel64/:/usr/local/intel/composer_xe_2011_sp1.7.256/ipp/lib/intel64/:/usr/local/intel/composer_xe_2011_sp1.7.256/compiler/lib/intel64/:/usr/local/intel/composer_xe_2011_sp1.7.256/mkl/lib/intel64/:/usr/local/intel/composer_xe_2011_sp1.7.256/tbb/lib/intel64//cc4.1.0_libc2.4_kernel2.6.16.21/:/usr/local/intel/composer_xe_2011_sp1.7.256/compiler/lib/intel64/:/usr/local/intel/composer_xe_2011_sp1.7.256/ipp/../compiler/lib/intel64/:/usr/local/intel/composer_xe_2011_sp1.7.256/ipp/lib/intel64/:/usr/local/intel/composer_xe_2011_sp1.7.256/compiler/lib/intel64/:/usr/local/intel/composer_xe_2011_sp1.7.256/mkl/lib/intel64/:/usr/local/intel/composer_xe_2011_sp1.7.256/tbb/lib/intel64//cc4.1.0_libc2.4_kernel2.6.16.21/:/usr/local/intel/composer_xe_2011_sp1.7.256/compiler/lib/intel64/:/usr/local/intel/composer_xe_2011_sp1.7.256/mkl/lib/intel64/:/usr/local/intel/composer_xe_2011_sp1.7.256/compiler/lib/intel64/:/usr/local/intel/composer_xe_2011_sp1.7.256/ipp/../compiler/lib/intel64/:/usr/local/intel/composer_xe_2011_sp1.7.256/ipp/lib/intel64/:/usr/local/intel/composer_xe_2011_sp1.7.256/compiler/lib/intel64/:/usr/local/intel/composer_xe_2011_sp1.7.256/mkl/lib/intel64/:/usr/local/intel/composer_xe_2011_sp1.7.256/tbb/lib/intel64//cc4.1.0_libc2.4_kernel2.6.16.21/:/usr/local/intel/composer_xe_2011_sp1.7.256/compiler/lib/intel64/:/usr/local/intel/composer_xe_2011_sp1.7.256/ipp/../compiler/lib/intel64/:/usr/local/intel/composer_xe_2011_sp1.7.256/ipp/lib/intel64/:/usr/local/intel/composer_xe_2011_sp1.7.256/compiler/lib/intel64/:/usr/local/intel/composer_xe_2011_sp1.7.256/mkl/lib/intel64/:/usr/local/intel/composer_xe_2011_sp1.7.256/tbb/lib/intel64//cc4.1.0_libc2.4_kernel2.6.16.21/:/usr/local/cuda-6.0/lib64/:/usr/local/cuda-6.0/lib/:/usr/local/x86_64/gnu/openmpi-1.8.3-dlopen/lib/:/usr/local/x86_64/gnu/mpc-1.0/lib/:/usr/local/x86_64/gnu/mpfr-3.1.1/lib/:/usr/local/x86_64/gnu/gmp-5.0.5/lib/:/usr/local/intel-15.3.0/composer_xe_2015.3.187/ipp/lib/intel64/:/usr/local/intel-15.3.0/composer_xe_2015.3.187/compiler/lib/intel64/:/usr/local/intel-15.3.0/composer_xe_2015.3.187/mkl/lib/intel64/:/usr/local/intel-15.3.0/composer_xe_2015.3.187/tbb/lib/intel64/gcc4.4/:/usr/local/x86_64/gnu/cfitsio-3.290/lib/:/usr/local/x86_64/gnu/gcc-4.8.2/lib/gcc/x86_64-unknown-linux-gnu/4.8.2/../../../:/lib/:/usr/lib/
COLLECT_GCC_OPTIONS='-mtune=native' '-O2' '-ffast-math' '-pthread' '-v' '-o' 'cmTryCompileExec2443352504' '-rdynamic' '-march=x86-64'
 /usr/local/x86_64/gnu/gcc-4.8.2/libexec/gcc/x86_64-unknown-linux-gnu/4.8.2/collect2 --eh-frame-hdr -m elf_x86_64 -export-dynamic -dynamic-linker /lib64/ld-linux-x86-64.so.2 -o cmTryCompileExec2443352504 /usr/lib/../lib64/crt1.o /usr/lib/../lib64/crti.o /usr/local/x86_64/gnu/gcc-4.8.2/lib/gcc/x86_64-unknown-linux-gnu/4.8.2/crtbegin.o -L/usr/local/cuda-6.0/lib64/../lib64 -L/usr/local/cuda-6.0/lib/../lib64 -L/usr/local/x86_64/gnu/gcc-4.8.2/lib/gcc/x86_64-unknown-linux-gnu/4.8.2 -L/usr/local/x86_64/gnu/gcc-4.8.2/lib/gcc/x86_64-unknown-linux-gnu/4.8.2/../../../../lib64 -L/lib/../lib64 -L/usr/lib/../lib64 -L/usr/local/intel/composer_xe_2011_sp1.7.256/compiler/lib/intel64 -L/usr/local/intel/composer_xe_2011_sp1.7.256/mkl/lib/intel64 -L/usr/local/intel/composer_xe_2011_sp1.7.256/compiler/lib/intel64 -L/usr/local/intel/composer_xe_2011_sp1.7.256/ipp/../compiler/lib/intel64 -L/usr/local/intel/composer_xe_2011_sp1.7.256/ipp/lib/intel64 -L/usr/local/intel/composer_xe_2011_sp1.7.256/compiler/lib/intel64 -L/usr/local/intel/composer_xe_2011_sp1.7.256/mkl/lib/intel64 -L/usr/local/intel/composer_xe_2011_sp1.7.256/tbb/lib/intel64//cc4.1.0_libc2.4_kernel2.6.16.21 -L/usr/local/intel/composer_xe_2011_sp1.7.256/compiler/lib/intel64 -L/usr/local/intel/composer_xe_2011_sp1.7.256/ipp/../compiler/lib/intel64 -L/usr/local/intel/composer_xe_2011_sp1.7.256/ipp/lib/intel64 -L/usr/local/intel/composer_xe_2011_sp1.7.256/compiler/lib/intel64 -L/usr/local/intel/composer_xe_2011_sp1.7.256/mkl/lib/intel64 -L/usr/local/intel/composer_xe_2011_sp1.7.256/tbb/lib/intel64//cc4.1.0_libc2.4_kernel2.6.16.21 -L/usr/local/intel/composer_xe_2011_sp1.7.256/compiler/lib/intel64 -L/usr/local/intel/composer_xe_2011_sp1.7.256/mkl/lib/intel64 -L/usr/local/intel/composer_xe_2011_sp1.7.256/compiler/lib/intel64 -L/usr/local/intel/composer_xe_2011_sp1.7.256/ipp/../compiler/lib/intel64 -L/usr/local/intel/composer_xe_2011_sp1.7.256/ipp/lib/intel64 -L/usr/local/intel/composer_xe_2011_sp1.7.256/compiler/lib/intel64 -L/usr/local/intel/composer_xe_2011_sp1.7.256/mkl/lib/intel64 -L/usr/local/intel/composer_xe_2011_sp1.7.256/tbb/lib/intel64//cc4.1.0_libc2.4_kernel2.6.16.21 -L/usr/local/intel/composer_xe_2011_sp1.7.256/compiler/lib/intel64 -L/usr/local/intel/composer_xe_2011_sp1.7.256/ipp/../compiler/lib/intel64 -L/usr/local/intel/composer_xe_2011_sp1.7.256/ipp/lib/intel64 -L/usr/local/intel/composer_xe_2011_sp1.7.256/compiler/lib/intel64 -L/usr/local/intel/composer_xe_2011_sp1.7.256/mkl/lib/intel64 -L/usr/local/intel/composer_xe_2011_sp1.7.256/tbb/lib/intel64//cc4.1.0_libc2.4_kernel2.6.16.21 -L/usr/local/cuda-6.0/lib64 -L/usr/local/cuda-6.0/lib -L/usr/local/x86_64/gnu/openmpi-1.8.3-dlopen/lib -L/usr/local/x86_64/gnu/mpc-1.0/lib -L/usr/local/x86_64/gnu/mpfr-3.1.1/lib -L/usr/local/x86_64/gnu/gmp-5.0.5/lib -L/usr/local/intel-15.3.0/composer_xe_2015.3.187/ipp/lib/intel64 -L/usr/local/intel-15.3.0/composer_xe_2015.3.187/compiler/lib/intel64 -L/usr/local/intel-15.3.0/composer_xe_2015.3.187/mkl/lib/intel64 -L/usr/local/intel-15.3.0/composer_xe_2015.3.187/tbb/lib/intel64/gcc4.4 -L/usr/local/x86_64/gnu/cfitsio-3.290/lib -L/usr/local/x86_64/gnu/gcc-4.8.2/lib/gcc/x86_64-unknown-linux-gnu/4.8.2/../../.. CMakeFiles/cmTryCompileExec2443352504.dir/CMakeCCompilerABI.c.o -lgcc --as-needed -lgcc_s --no-as-needed -lpthread -lc -lgcc --as-needed -lgcc_s --no-as-needed /usr/local/x86_64/gnu/gcc-4.8.2/lib/gcc/x86_64-unknown-linux-gnu/4.8.2/crtfastmath.o /usr/local/x86_64/gnu/gcc-4.8.2/lib/gcc/x86_64-unknown-linux-gnu/4.8.2/crtend.o /usr/lib/../lib64/crtn.o
gmake[1]: Leaving directory `/mnt/home/llentati/PulsarCode/TempoNest/Ellipsis/build/CMakeFiles/CMakeTmp'


Parsed C implicit link information from above output:
  link line regex: [^( *|.*[/\])(ld|ld|collect2)[^/\]*( |$)]
  ignore line: [Change Dir: /home/llentati/PulsarCode/TempoNest/Ellipsis/build/CMakeFiles/CMakeTmp]
  ignore line: []
  ignore line: [Run Build Command:/usr/bin/gmake "cmTryCompileExec2443352504/fast"]
  ignore line: [/usr/bin/gmake -f CMakeFiles/cmTryCompileExec2443352504.dir/build.make CMakeFiles/cmTryCompileExec2443352504.dir/build]
  ignore line: [gmake[1]: Entering directory `/mnt/home/llentati/PulsarCode/TempoNest/Ellipsis/build/CMakeFiles/CMakeTmp']
  ignore line: [/usr/local/x86_64/gnu/cmake-2.8.8/bin/cmake -E cmake_progress_report /home/llentati/PulsarCode/TempoNest/Ellipsis/build/CMakeFiles/CMakeTmp/CMakeFiles 1]
  ignore line: [Building C object CMakeFiles/cmTryCompileExec2443352504.dir/CMakeCCompilerABI.c.o]
  ignore line: [/usr/local/x86_64/gnu/gcc-4.8.2/bin/gcc   -mtune=native -O2 -ffast-math -pthread      -o CMakeFiles/cmTryCompileExec2443352504.dir/CMakeCCompilerABI.c.o   -c /usr/local/x86_64/gnu/cmake-2.8.8/share/cmake-2.8/Modules/CMakeCCompilerABI.c]
  ignore line: [Linking C executable cmTryCompileExec2443352504]
  ignore line: [/usr/local/x86_64/gnu/cmake-2.8.8/bin/cmake -E cmake_link_script CMakeFiles/cmTryCompileExec2443352504.dir/link.txt --verbose=1]
  ignore line: [/usr/local/x86_64/gnu/gcc-4.8.2/bin/gcc   -mtune=native -O2 -ffast-math -pthread     -v CMakeFiles/cmTryCompileExec2443352504.dir/CMakeCCompilerABI.c.o  -o cmTryCompileExec2443352504 -rdynamic  ]
  ignore line: [Using built-in specs.]
  ignore line: [COLLECT_GCC=/usr/local/x86_64/gnu/gcc-4.8.2/bin/gcc]
  ignore line: [COLLECT_LTO_WRAPPER=/usr/local/x86_64/gnu/gcc-4.8.2/libexec/gcc/x86_64-unknown-linux-gnu/4.8.2/lto-wrapper]
  ignore line: [Target: x86_64-unknown-linux-gnu]
  ignore line: [Configured with: /usr/local/inst_src/gcc-4.8.2/configure --prefix=/usr/local/x86_64/gnu/gcc-4.8.2 --with-mpc=/usr/local/x86_64/gnu/mpc-1.0 --with-gmp=/usr/local/x86_64/gnu/gmp-5.0.5 --with-mpfr=/usr/local/x86_64/gnu/mpfr-3.1.1]
  ignore line: [Thread model: posix]
  ignore line: [gcc version 4.8.2 (GCC) ]
  ignore line: [COMPILER_PATH=/usr/local/x86_64/gnu/gcc-4.8.2/libexec/gcc/x86_64-unknown-linux-gnu/4.8.2/:/usr/local/x86_64/gnu/gcc-4.8.2/libexec/gcc/x86_64-unknown-linux-gnu/4.8.2/:/usr/local/x86_64/gnu/gcc-4.8.2/libexec/gcc/x86_64-unknown-linux-gnu/:/usr/local/x86_64/gnu/gcc-4.8.2/lib/gcc/x86_64-unknown-linux-gnu/4.8.2/:/usr/local/x86_64/gnu/gcc-4.8.2/lib/gcc/x86_64-unknown-linux-gnu/]
  ignore line: [LIBRARY_PATH=/usr/local/cuda-6.0/lib64/../lib64/:/usr/local/cuda-6.0/lib/../lib64/:/usr/local/x86_64/gnu/gcc-4.8.2/lib/gcc/x86_64-unknown-linux-gnu/4.8.2/:/usr/local/x86_64/gnu/gcc-4.8.2/lib/gcc/x86_64-unknown-linux-gnu/4.8.2/../../../../lib64/:/lib/../lib64/:/usr/lib/../lib64/:/usr/local/intel/composer_xe_2011_sp1.7.256/compiler/lib/intel64/:/usr/local/intel/composer_xe_2011_sp1.7.256/mkl/lib/intel64/:/usr/local/intel/composer_xe_2011_sp1.7.256/compiler/lib/intel64/:/usr/local/intel/composer_xe_2011_sp1.7.256/ipp/../compiler/lib/intel64/:/usr/local/intel/composer_xe_2011_sp1.7.256/ipp/lib/intel64/:/usr/local/intel/composer_xe_2011_sp1.7.256/compiler/lib/intel64/:/usr/local/intel/composer_xe_2011_sp1.7.256/mkl/lib/intel64/:/usr/local/intel/composer_xe_2011_sp1.7.256/tbb/lib/intel64//cc4.1.0_libc2.4_kernel2.6.16.21/:/usr/local/intel/composer_xe_2011_sp1.7.256/compiler/lib/intel64/:/usr/local/intel/composer_xe_2011_sp1.7.256/ipp/../compiler/lib/intel64/:/usr/local/intel/composer_xe_2011_sp1.7.256/ipp/lib/intel64/:/usr/local/intel/composer_xe_2011_sp1.7.256/compiler/lib/intel64/:/usr/local/intel/composer_xe_2011_sp1.7.256/mkl/lib/intel64/:/usr/local/intel/composer_xe_2011_sp1.7.256/tbb/lib/intel64//cc4.1.0_libc2.4_kernel2.6.16.21/:/usr/local/intel/composer_xe_2011_sp1.7.256/compiler/lib/intel64/:/usr/local/intel/composer_xe_2011_sp1.7.256/mkl/lib/intel64/:/usr/local/intel/composer_xe_2011_sp1.7.256/compiler/lib/intel64/:/usr/local/intel/composer_xe_2011_sp1.7.256/ipp/../compiler/lib/intel64/:/usr/local/intel/composer_xe_2011_sp1.7.256/ipp/lib/intel64/:/usr/local/intel/composer_xe_2011_sp1.7.256/compiler/lib/intel64/:/usr/local/intel/composer_xe_2011_sp1.7.256/mkl/lib/intel64/:/usr/local/intel/composer_xe_2011_sp1.7.256/tbb/lib/intel64//cc4.1.0_libc2.4_kernel2.6.16.21/:/usr/local/intel/composer_xe_2011_sp1.7.256/compiler/lib/intel64/:/usr/local/intel/composer_xe_2011_sp1.7.256/ipp/../compiler/lib/intel64/:/usr/local/intel/composer_xe_2011_sp1.7.256/ipp/lib/intel64/:/usr/local/intel/composer_xe_2011_sp1.7.256/compiler/lib/intel64/:/usr/local/intel/composer_xe_2011_sp1.7.256/mkl/lib/intel64/:/usr/local/intel/composer_xe_2011_sp1.7.256/tbb/lib/intel64//cc4.1.0_libc2.4_kernel2.6.16.21/:/usr/local/cuda-6.0/lib64/:/usr/local/cuda-6.0/lib/:/usr/local/x86_64/gnu/openmpi-1.8.3-dlopen/lib/:/usr/local/x86_64/gnu/mpc-1.0/lib/:/usr/local/x86_64/gnu/mpfr-3.1.1/lib/:/usr/local/x86_64/gnu/gmp-5.0.5/lib/:/usr/local/intel-15.3.0/composer_xe_2015.3.187/ipp/lib/intel64/:/usr/local/intel-15.3.0/composer_xe_2015.3.187/compiler/lib/intel64/:/usr/local/intel-15.3.0/composer_xe_2015.3.187/mkl/lib/intel64/:/usr/local/intel-15.3.0/composer_xe_2015.3.187/tbb/lib/intel64/gcc4.4/:/usr/local/x86_64/gnu/cfitsio-3.290/lib/:/usr/local/x86_64/gnu/gcc-4.8.2/lib/gcc/x86_64-unknown-linux-gnu/4.8.2/../../../:/lib/:/usr/lib/]
  ignore line: [COLLECT_GCC_OPTIONS='-mtune=native' '-O2' '-ffast-math' '-pthread' '-v' '-o' 'cmTryCompileExec2443352504' '-rdynamic' '-march=x86-64']
  link line: [ /usr/local/x86_64/gnu/gcc-4.8.2/libexec/gcc/x86_64-unknown-linux-gnu/4.8.2/collect2 --eh-frame-hdr -m elf_x86_64 -export-dynamic -dynamic-linker /lib64/ld-linux-x86-64.so.2 -o cmTryCompileExec2443352504 /usr/lib/../lib64/crt1.o /usr/lib/../lib64/crti.o /usr/local/x86_64/gnu/gcc-4.8.2/lib/gcc/x86_64-unknown-linux-gnu/4.8.2/crtbegin.o -L/usr/local/cuda-6.0/lib64/../lib64 -L/usr/local/cuda-6.0/lib/../lib64 -L/usr/local/x86_64/gnu/gcc-4.8.2/lib/gcc/x86_64-unknown-linux-gnu/4.8.2 -L/usr/local/x86_64/gnu/gcc-4.8.2/lib/gcc/x86_64-unknown-linux-gnu/4.8.2/../../../../lib64 -L/lib/../lib64 -L/usr/lib/../lib64 -L/usr/local/intel/composer_xe_2011_sp1.7.256/compiler/lib/intel64 -L/usr/local/intel/composer_xe_2011_sp1.7.256/mkl/lib/intel64 -L/usr/local/intel/composer_xe_2011_sp1.7.256/compiler/lib/intel64 -L/usr/local/intel/composer_xe_2011_sp1.7.256/ipp/../compiler/lib/intel64 -L/usr/local/intel/composer_xe_2011_sp1.7.256/ipp/lib/intel64 -L/usr/local/intel/composer_xe_2011_sp1.7.256/compiler/lib/intel64 -L/usr/local/intel/composer_xe_2011_sp1.7.256/mkl/lib/intel64 -L/usr/local/intel/composer_xe_2011_sp1.7.256/tbb/lib/intel64//cc4.1.0_libc2.4_kernel2.6.16.21 -L/usr/local/intel/composer_xe_2011_sp1.7.256/compiler/lib/intel64 -L/usr/local/intel/composer_xe_2011_sp1.7.256/ipp/../compiler/lib/intel64 -L/usr/local/intel/composer_xe_2011_sp1.7.256/ipp/lib/intel64 -L/usr/local/intel/composer_xe_2011_sp1.7.256/compiler/lib/intel64 -L/usr/local/intel/composer_xe_2011_sp1.7.256/mkl/lib/intel64 -L/usr/local/intel/composer_xe_2011_sp1.7.256/tbb/lib/intel64//cc4.1.0_libc2.4_kernel2.6.16.21 -L/usr/local/intel/composer_xe_2011_sp1.7.256/compiler/lib/intel64 -L/usr/local/intel/composer_xe_2011_sp1.7.256/mkl/lib/intel64 -L/usr/local/intel/composer_xe_2011_sp1.7.256/compiler/lib/intel64 -L/usr/local/intel/composer_xe_2011_sp1.7.256/ipp/../compiler/lib/intel64 -L/usr/local/intel/composer_xe_2011_sp1.7.256/ipp/lib/intel64 -L/usr/local/intel/composer_xe_2011_sp1.7.256/compiler/lib/intel64 -L/usr/local/intel/composer_xe_2011_sp1.7.256/mkl/lib/intel64 -L/usr/local/intel/composer_xe_2011_sp1.7.256/tbb/lib/intel64//cc4.1.0_libc2.4_kernel2.6.16.21 -L/usr/local/intel/composer_xe_2011_sp1.7.256/compiler/lib/intel64 -L/usr/local/intel/composer_xe_2011_sp1.7.256/ipp/../compiler/lib/intel64 -L/usr/local/intel/composer_xe_2011_sp1.7.256/ipp/lib/intel64 -L/usr/local/intel/composer_xe_2011_sp1.7.256/compiler/lib/intel64 -L/usr/local/intel/composer_xe_2011_sp1.7.256/mkl/lib/intel64 -L/usr/local/intel/composer_xe_2011_sp1.7.256/tbb/lib/intel64//cc4.1.0_libc2.4_kernel2.6.16.21 -L/usr/local/cuda-6.0/lib64 -L/usr/local/cuda-6.0/lib -L/usr/local/x86_64/gnu/openmpi-1.8.3-dlopen/lib -L/usr/local/x86_64/gnu/mpc-1.0/lib -L/usr/local/x86_64/gnu/mpfr-3.1.1/lib -L/usr/local/x86_64/gnu/gmp-5.0.5/lib -L/usr/local/intel-15.3.0/composer_xe_2015.3.187/ipp/lib/intel64 -L/usr/local/intel-15.3.0/composer_xe_2015.3.187/compiler/lib/intel64 -L/usr/local/intel-15.3.0/composer_xe_2015.3.187/mkl/lib/intel64 -L/usr/local/intel-15.3.0/composer_xe_2015.3.187/tbb/lib/intel64/gcc4.4 -L/usr/local/x86_64/gnu/cfitsio-3.290/lib -L/usr/local/x86_64/gnu/gcc-4.8.2/lib/gcc/x86_64-unknown-linux-gnu/4.8.2/../../.. CMakeFiles/cmTryCompileExec2443352504.dir/CMakeCCompilerABI.c.o -lgcc --as-needed -lgcc_s --no-as-needed -lpthread -lc -lgcc --as-needed -lgcc_s --no-as-needed /usr/local/x86_64/gnu/gcc-4.8.2/lib/gcc/x86_64-unknown-linux-gnu/4.8.2/crtfastmath.o /usr/local/x86_64/gnu/gcc-4.8.2/lib/gcc/x86_64-unknown-linux-gnu/4.8.2/crtend.o /usr/lib/../lib64/crtn.o]
    arg [/usr/local/x86_64/gnu/gcc-4.8.2/libexec/gcc/x86_64-unknown-linux-gnu/4.8.2/collect2] ==> ignore
    arg [--eh-frame-hdr] ==> ignore
    arg [-m] ==> ignore
    arg [elf_x86_64] ==> ignore
    arg [-export-dynamic] ==> ignore
    arg [-dynamic-linker] ==> ignore
    arg [/lib64/ld-linux-x86-64.so.2] ==> ignore
    arg [-o] ==> ignore
    arg [cmTryCompileExec2443352504] ==> ignore
    arg [/usr/lib/../lib64/crt1.o] ==> ignore
    arg [/usr/lib/../lib64/crti.o] ==> ignore
    arg [/usr/local/x86_64/gnu/gcc-4.8.2/lib/gcc/x86_64-unknown-linux-gnu/4.8.2/crtbegin.o] ==> ignore
    arg [-L/usr/local/cuda-6.0/lib64/../lib64] ==> dir [/usr/local/cuda-6.0/lib64/../lib64]
    arg [-L/usr/local/cuda-6.0/lib/../lib64] ==> dir [/usr/local/cuda-6.0/lib/../lib64]
    arg [-L/usr/local/x86_64/gnu/gcc-4.8.2/lib/gcc/x86_64-unknown-linux-gnu/4.8.2] ==> dir [/usr/local/x86_64/gnu/gcc-4.8.2/lib/gcc/x86_64-unknown-linux-gnu/4.8.2]
    arg [-L/usr/local/x86_64/gnu/gcc-4.8.2/lib/gcc/x86_64-unknown-linux-gnu/4.8.2/../../../../lib64] ==> dir [/usr/local/x86_64/gnu/gcc-4.8.2/lib/gcc/x86_64-unknown-linux-gnu/4.8.2/../../../../lib64]
    arg [-L/lib/../lib64] ==> dir [/lib/../lib64]
    arg [-L/usr/lib/../lib64] ==> dir [/usr/lib/../lib64]
    arg [-L/usr/local/intel/composer_xe_2011_sp1.7.256/compiler/lib/intel64] ==> dir [/usr/local/intel/composer_xe_2011_sp1.7.256/compiler/lib/intel64]
    arg [-L/usr/local/intel/composer_xe_2011_sp1.7.256/mkl/lib/intel64] ==> dir [/usr/local/intel/composer_xe_2011_sp1.7.256/mkl/lib/intel64]
    arg [-L/usr/local/intel/composer_xe_2011_sp1.7.256/compiler/lib/intel64] ==> dir [/usr/local/intel/composer_xe_2011_sp1.7.256/compiler/lib/intel64]
    arg [-L/usr/local/intel/composer_xe_2011_sp1.7.256/ipp/../compiler/lib/intel64] ==> dir [/usr/local/intel/composer_xe_2011_sp1.7.256/ipp/../compiler/lib/intel64]
    arg [-L/usr/local/intel/composer_xe_2011_sp1.7.256/ipp/lib/intel64] ==> dir [/usr/local/intel/composer_xe_2011_sp1.7.256/ipp/lib/intel64]
    arg [-L/usr/local/intel/composer_xe_2011_sp1.7.256/compiler/lib/intel64] ==> dir [/usr/local/intel/composer_xe_2011_sp1.7.256/compiler/lib/intel64]
    arg [-L/usr/local/intel/composer_xe_2011_sp1.7.256/mkl/lib/intel64] ==> dir [/usr/local/intel/composer_xe_2011_sp1.7.256/mkl/lib/intel64]
    arg [-L/usr/local/intel/composer_xe_2011_sp1.7.256/tbb/lib/intel64//cc4.1.0_libc2.4_kernel2.6.16.21] ==> dir [/usr/local/intel/composer_xe_2011_sp1.7.256/tbb/lib/intel64//cc4.1.0_libc2.4_kernel2.6.16.21]
    arg [-L/usr/local/intel/composer_xe_2011_sp1.7.256/compiler/lib/intel64] ==> dir [/usr/local/intel/composer_xe_2011_sp1.7.256/compiler/lib/intel64]
    arg [-L/usr/local/intel/composer_xe_2011_sp1.7.256/ipp/../compiler/lib/intel64] ==> dir [/usr/local/intel/composer_xe_2011_sp1.7.256/ipp/../compiler/lib/intel64]
    arg [-L/usr/local/intel/composer_xe_2011_sp1.7.256/ipp/lib/intel64] ==> dir [/usr/local/intel/composer_xe_2011_sp1.7.256/ipp/lib/intel64]
    arg [-L/usr/local/intel/composer_xe_2011_sp1.7.256/compiler/lib/intel64] ==> dir [/usr/local/intel/composer_xe_2011_sp1.7.256/compiler/lib/intel64]
    arg [-L/usr/local/intel/composer_xe_2011_sp1.7.256/mkl/lib/intel64] ==> dir [/usr/local/intel/composer_xe_2011_sp1.7.256/mkl/lib/intel64]
    arg [-L/usr/local/intel/composer_xe_2011_sp1.7.256/tbb/lib/intel64//cc4.1.0_libc2.4_kernel2.6.16.21] ==> dir [/usr/local/intel/composer_xe_2011_sp1.7.256/tbb/lib/intel64//cc4.1.0_libc2.4_kernel2.6.16.21]
    arg [-L/usr/local/intel/composer_xe_2011_sp1.7.256/compiler/lib/intel64] ==> dir [/usr/local/intel/composer_xe_2011_sp1.7.256/compiler/lib/intel64]
    arg [-L/usr/local/intel/composer_xe_2011_sp1.7.256/mkl/lib/intel64] ==> dir [/usr/local/intel/composer_xe_2011_sp1.7.256/mkl/lib/intel64]
    arg [-L/usr/local/intel/composer_xe_2011_sp1.7.256/compiler/lib/intel64] ==> dir [/usr/local/intel/composer_xe_2011_sp1.7.256/compiler/lib/intel64]
    arg [-L/usr/local/intel/composer_xe_2011_sp1.7.256/ipp/../compiler/lib/intel64] ==> dir [/usr/local/intel/composer_xe_2011_sp1.7.256/ipp/../compiler/lib/intel64]
    arg [-L/usr/local/intel/composer_xe_2011_sp1.7.256/ipp/lib/intel64] ==> dir [/usr/local/intel/composer_xe_2011_sp1.7.256/ipp/lib/intel64]
    arg [-L/usr/local/intel/composer_xe_2011_sp1.7.256/compiler/lib/intel64] ==> dir [/usr/local/intel/composer_xe_2011_sp1.7.256/compiler/lib/intel64]
    arg [-L/usr/local/intel/composer_xe_2011_sp1.7.256/mkl/lib/intel64] ==> dir [/usr/local/intel/composer_xe_2011_sp1.7.256/mkl/lib/intel64]
    arg [-L/usr/local/intel/composer_xe_2011_sp1.7.256/tbb/lib/intel64//cc4.1.0_libc2.4_kernel2.6.16.21] ==> dir [/usr/local/intel/composer_xe_2011_sp1.7.256/tbb/lib/intel64//cc4.1.0_libc2.4_kernel2.6.16.21]
    arg [-L/usr/local/intel/composer_xe_2011_sp1.7.256/compiler/lib/intel64] ==> dir [/usr/local/intel/composer_xe_2011_sp1.7.256/compiler/lib/intel64]
    arg [-L/usr/local/intel/composer_xe_2011_sp1.7.256/ipp/../compiler/lib/intel64] ==> dir [/usr/local/intel/composer_xe_2011_sp1.7.256/ipp/../compiler/lib/intel64]
    arg [-L/usr/local/intel/composer_xe_2011_sp1.7.256/ipp/lib/intel64] ==> dir [/usr/local/intel/composer_xe_2011_sp1.7.256/ipp/lib/intel64]
    arg [-L/usr/local/intel/composer_xe_2011_sp1.7.256/compiler/lib/intel64] ==> dir [/usr/local/intel/composer_xe_2011_sp1.7.256/compiler/lib/intel64]
    arg [-L/usr/local/intel/composer_xe_2011_sp1.7.256/mkl/lib/intel64] ==> dir [/usr/local/intel/composer_xe_2011_sp1.7.256/mkl/lib/intel64]
    arg [-L/usr/local/intel/composer_xe_2011_sp1.7.256/tbb/lib/intel64//cc4.1.0_libc2.4_kernel2.6.16.21] ==> dir [/usr/local/intel/composer_xe_2011_sp1.7.256/tbb/lib/intel64//cc4.1.0_libc2.4_kernel2.6.16.21]
    arg [-L/usr/local/cuda-6.0/lib64] ==> dir [/usr/local/cuda-6.0/lib64]
    arg [-L/usr/local/cuda-6.0/lib] ==> dir [/usr/local/cuda-6.0/lib]
    arg [-L/usr/local/x86_64/gnu/openmpi-1.8.3-dlopen/lib] ==> dir [/usr/local/x86_64/gnu/openmpi-1.8.3-dlopen/lib]
    arg [-L/usr/local/x86_64/gnu/mpc-1.0/lib] ==> dir [/usr/local/x86_64/gnu/mpc-1.0/lib]
    arg [-L/usr/local/x86_64/gnu/mpfr-3.1.1/lib] ==> dir [/usr/local/x86_64/gnu/mpfr-3.1.1/lib]
    arg [-L/usr/local/x86_64/gnu/gmp-5.0.5/lib] ==> dir [/usr/local/x86_64/gnu/gmp-5.0.5/lib]
    arg [-L/usr/local/intel-15.3.0/composer_xe_2015.3.187/ipp/lib/intel64] ==> dir [/usr/local/intel-15.3.0/composer_xe_2015.3.187/ipp/lib/intel64]
    arg [-L/usr/local/intel-15.3.0/composer_xe_2015.3.187/compiler/lib/intel64] ==> dir [/usr/local/intel-15.3.0/composer_xe_2015.3.187/compiler/lib/intel64]
    arg [-L/usr/local/intel-15.3.0/composer_xe_2015.3.187/mkl/lib/intel64] ==> dir [/usr/local/intel-15.3.0/composer_xe_2015.3.187/mkl/lib/intel64]
    arg [-L/usr/local/intel-15.3.0/composer_xe_2015.3.187/tbb/lib/intel64/gcc4.4] ==> dir [/usr/local/intel-15.3.0/composer_xe_2015.3.187/tbb/lib/intel64/gcc4.4]
    arg [-L/usr/local/x86_64/gnu/cfitsio-3.290/lib] ==> dir [/usr/local/x86_64/gnu/cfitsio-3.290/lib]
    arg [-L/usr/local/x86_64/gnu/gcc-4.8.2/lib/gcc/x86_64-unknown-linux-gnu/4.8.2/../../..] ==> dir [/usr/local/x86_64/gnu/gcc-4.8.2/lib/gcc/x86_64-unknown-linux-gnu/4.8.2/../../..]
    arg [CMakeFiles/cmTryCompileExec2443352504.dir/CMakeCCompilerABI.c.o] ==> ignore
    arg [-lgcc] ==> lib [gcc]
    arg [--as-needed] ==> ignore
    arg [-lgcc_s] ==> lib [gcc_s]
    arg [--no-as-needed] ==> ignore
    arg [-lpthread] ==> lib [pthread]
    arg [-lc] ==> lib [c]
    arg [-lgcc] ==> lib [gcc]
    arg [--as-needed] ==> ignore
    arg [-lgcc_s] ==> lib [gcc_s]
    arg [--no-as-needed] ==> ignore
    arg [/usr/local/x86_64/gnu/gcc-4.8.2/lib/gcc/x86_64-unknown-linux-gnu/4.8.2/crtfastmath.o] ==> ignore
    arg [/usr/local/x86_64/gnu/gcc-4.8.2/lib/gcc/x86_64-unknown-linux-gnu/4.8.2/crtend.o] ==> ignore
    arg [/usr/lib/../lib64/crtn.o] ==> ignore
  remove lib [gcc]
  remove lib [gcc_s]
  remove lib [gcc]
  remove lib [gcc_s]
  collapse dir [/usr/local/cuda-6.0/lib64/../lib64] ==> [/usr/local/cuda-6.0/lib64]
  collapse dir [/usr/local/cuda-6.0/lib/../lib64] ==> [/usr/local/cuda-6.0/lib64]
  collapse dir [/usr/local/x86_64/gnu/gcc-4.8.2/lib/gcc/x86_64-unknown-linux-gnu/4.8.2] ==> [/usr/local/x86_64/gnu/gcc-4.8.2/lib/gcc/x86_64-unknown-linux-gnu/4.8.2]
  collapse dir [/usr/local/x86_64/gnu/gcc-4.8.2/lib/gcc/x86_64-unknown-linux-gnu/4.8.2/../../../../lib64] ==> [/usr/local/x86_64/gnu/gcc-4.8.2/lib64]
  collapse dir [/lib/../lib64] ==> [/lib64]
  collapse dir [/usr/lib/../lib64] ==> [/usr/lib64]
  collapse dir [/usr/local/intel/composer_xe_2011_sp1.7.256/compiler/lib/intel64] ==> [/usr/local/intel/composer_xe_2011_sp1.7.256/compiler/lib/intel64]
  collapse dir [/usr/local/intel/composer_xe_2011_sp1.7.256/mkl/lib/intel64] ==> [/usr/local/intel/composer_xe_2011_sp1.7.256/mkl/lib/intel64]
  collapse dir [/usr/local/intel/composer_xe_2011_sp1.7.256/compiler/lib/intel64] ==> [/usr/local/intel/composer_xe_2011_sp1.7.256/compiler/lib/intel64]
  collapse dir [/usr/local/intel/composer_xe_2011_sp1.7.256/ipp/../compiler/lib/intel64] ==> [/usr/local/intel/composer_xe_2011_sp1.7.256/compiler/lib/intel64]
  collapse dir [/usr/local/intel/composer_xe_2011_sp1.7.256/ipp/lib/intel64] ==> [/usr/local/intel/composer_xe_2011_sp1.7.256/ipp/lib/intel64]
  collapse dir [/usr/local/intel/composer_xe_2011_sp1.7.256/compiler/lib/intel64] ==> [/usr/local/intel/composer_xe_2011_sp1.7.256/compiler/lib/intel64]
  collapse dir [/usr/local/intel/composer_xe_2011_sp1.7.256/mkl/lib/intel64] ==> [/usr/local/intel/composer_xe_2011_sp1.7.256/mkl/lib/intel64]
  collapse dir [/usr/local/intel/composer_xe_2011_sp1.7.256/tbb/lib/intel64//cc4.1.0_libc2.4_kernel2.6.16.21] ==> [/usr/local/intel/composer_xe_2011_sp1.7.256/tbb/lib/intel64/cc4.1.0_libc2.4_kernel2.6.16.21]
  collapse dir [/usr/local/intel/composer_xe_2011_sp1.7.256/compiler/lib/intel64] ==> [/usr/local/intel/composer_xe_2011_sp1.7.256/compiler/lib/intel64]
  collapse dir [/usr/local/intel/composer_xe_2011_sp1.7.256/ipp/../compiler/lib/intel64] ==> [/usr/local/intel/composer_xe_2011_sp1.7.256/compiler/lib/intel64]
  collapse dir [/usr/local/intel/composer_xe_2011_sp1.7.256/ipp/lib/intel64] ==> [/usr/local/intel/composer_xe_2011_sp1.7.256/ipp/lib/intel64]
  collapse dir [/usr/local/intel/composer_xe_2011_sp1.7.256/compiler/lib/intel64] ==> [/usr/local/intel/composer_xe_2011_sp1.7.256/compiler/lib/intel64]
  collapse dir [/usr/local/intel/composer_xe_2011_sp1.7.256/mkl/lib/intel64] ==> [/usr/local/intel/composer_xe_2011_sp1.7.256/mkl/lib/intel64]
  collapse dir [/usr/local/intel/composer_xe_2011_sp1.7.256/tbb/lib/intel64//cc4.1.0_libc2.4_kernel2.6.16.21] ==> [/usr/local/intel/composer_xe_2011_sp1.7.256/tbb/lib/intel64/cc4.1.0_libc2.4_kernel2.6.16.21]
  collapse dir [/usr/local/intel/composer_xe_2011_sp1.7.256/compiler/lib/intel64] ==> [/usr/local/intel/composer_xe_2011_sp1.7.256/compiler/lib/intel64]
  collapse dir [/usr/local/intel/composer_xe_2011_sp1.7.256/mkl/lib/intel64] ==> [/usr/local/intel/composer_xe_2011_sp1.7.256/mkl/lib/intel64]
  collapse dir [/usr/local/intel/composer_xe_2011_sp1.7.256/compiler/lib/intel64] ==> [/usr/local/intel/composer_xe_2011_sp1.7.256/compiler/lib/intel64]
  collapse dir [/usr/local/intel/composer_xe_2011_sp1.7.256/ipp/../compiler/lib/intel64] ==> [/usr/local/intel/composer_xe_2011_sp1.7.256/compiler/lib/intel64]
  collapse dir [/usr/local/intel/composer_xe_2011_sp1.7.256/ipp/lib/intel64] ==> [/usr/local/intel/composer_xe_2011_sp1.7.256/ipp/lib/intel64]
  collapse dir [/usr/local/intel/composer_xe_2011_sp1.7.256/compiler/lib/intel64] ==> [/usr/local/intel/composer_xe_2011_sp1.7.256/compiler/lib/intel64]
  collapse dir [/usr/local/intel/composer_xe_2011_sp1.7.256/mkl/lib/intel64] ==> [/usr/local/intel/composer_xe_2011_sp1.7.256/mkl/lib/intel64]
  collapse dir [/usr/local/intel/composer_xe_2011_sp1.7.256/tbb/lib/intel64//cc4.1.0_libc2.4_kernel2.6.16.21] ==> [/usr/local/intel/composer_xe_2011_sp1.7.256/tbb/lib/intel64/cc4.1.0_libc2.4_kernel2.6.16.21]
  collapse dir [/usr/local/intel/composer_xe_2011_sp1.7.256/compiler/lib/intel64] ==> [/usr/local/intel/composer_xe_2011_sp1.7.256/compiler/lib/intel64]
  collapse dir [/usr/local/intel/composer_xe_2011_sp1.7.256/ipp/../compiler/lib/intel64] ==> [/usr/local/intel/composer_xe_2011_sp1.7.256/compiler/lib/intel64]
  collapse dir [/usr/local/intel/composer_xe_2011_sp1.7.256/ipp/lib/intel64] ==> [/usr/local/intel/composer_xe_2011_sp1.7.256/ipp/lib/intel64]
  collapse dir [/usr/local/intel/composer_xe_2011_sp1.7.256/compiler/lib/intel64] ==> [/usr/local/intel/composer_xe_2011_sp1.7.256/compiler/lib/intel64]
  collapse dir [/usr/local/intel/composer_xe_2011_sp1.7.256/mkl/lib/intel64] ==> [/usr/local/intel/composer_xe_2011_sp1.7.256/mkl/lib/intel64]
  collapse dir [/usr/local/intel/composer_xe_2011_sp1.7.256/tbb/lib/intel64//cc4.1.0_libc2.4_kernel2.6.16.21] ==> [/usr/local/intel/composer_xe_2011_sp1.7.256/tbb/lib/intel64/cc4.1.0_libc2.4_kernel2.6.16.21]
  collapse dir [/usr/local/cuda-6.0/lib64] ==> [/usr/local/cuda-6.0/lib64]
  collapse dir [/usr/local/cuda-6.0/lib] ==> [/usr/local/cuda-6.0/lib]
  collapse dir [/usr/local/x86_64/gnu/openmpi-1.8.3-dlopen/lib] ==> [/usr/local/x86_64/gnu/openmpi-1.8.3-dlopen/lib]
  collapse dir [/usr/local/x86_64/gnu/mpc-1.0/lib] ==> [/usr/local/x86_64/gnu/mpc-1.0/lib]
  collapse dir [/usr/local/x86_64/gnu/mpfr-3.1.1/lib] ==> [/usr/local/x86_64/gnu/mpfr-3.1.1/lib]
  collapse dir [/usr/local/x86_64/gnu/gmp-5.0.5/lib] ==> [/usr/local/x86_64/gnu/gmp-5.0.5/lib]
  collapse dir [/usr/local/intel-15.3.0/composer_xe_2015.3.187/ipp/lib/intel64] ==> [/usr/local/intel-15.3.0/composer_xe_2015.3.187/ipp/lib/intel64]
  collapse dir [/usr/local/intel-15.3.0/composer_xe_2015.3.187/compiler/lib/intel64] ==> [/usr/local/intel-15.3.0/composer_xe_2015.3.187/compiler/lib/intel64]
  collapse dir [/usr/local/intel-15.3.0/composer_xe_2015.3.187/mkl/lib/intel64] ==> [/usr/local/intel-15.3.0/composer_xe_2015.3.187/mkl/lib/intel64]
  collapse dir [/usr/local/intel-15.3.0/composer_xe_2015.3.187/tbb/lib/intel64/gcc4.4] ==> [/usr/local/intel-15.3.0/composer_xe_2015.3.187/tbb/lib/intel64/gcc4.4]
  collapse dir [/usr/local/x86_64/gnu/cfitsio-3.290/lib] ==> [/usr/local/x86_64/gnu/cfitsio-3.290/lib]
  collapse dir [/usr/local/x86_64/gnu/gcc-4.8.2/lib/gcc/x86_64-unknown-linux-gnu/4.8.2/../../..] ==> [/usr/local/x86_64/gnu/gcc-4.8.2/lib]
  implicit libs: [pthread;c]
  implicit dirs: [/usr/local/cuda-6.0/lib64;/usr/local/x86_64/gnu/gcc-4.8.2/lib/gcc/x86_64-unknown-linux-gnu/4.8.2;/usr/local/x86_64/gnu/gcc-4.8.2/lib64;/lib64;/usr/lib64;/usr/local/intel/composer_xe_2011_sp1.7.256/compiler/lib/intel64;/usr/local/intel/composer_xe_2011_sp1.7.256/mkl/lib/intel64;/usr/local/intel/composer_xe_2011_sp1.7.256/ipp/lib/intel64;/usr/local/intel/composer_xe_2011_sp1.7.256/tbb/lib/intel64/cc4.1.0_libc2.4_kernel2.6.16.21;/usr/local/cuda-6.0/lib;/usr/local/x86_64/gnu/openmpi-1.8.3-dlopen/lib;/usr/local/x86_64/gnu/mpc-1.0/lib;/usr/local/x86_64/gnu/mpfr-3.1.1/lib;/usr/local/x86_64/gnu/gmp-5.0.5/lib;/usr/local/intel-15.3.0/composer_xe_2015.3.187/ipp/lib/intel64;/usr/local/intel-15.3.0/composer_xe_2015.3.187/compiler/lib/intel64;/usr/local/intel-15.3.0/composer_xe_2015.3.187/mkl/lib/intel64;/usr/local/intel-15.3.0/composer_xe_2015.3.187/tbb/lib/intel64/gcc4.4;/usr/local/x86_64/gnu/cfitsio-3.290/lib;/usr/local/x86_64/gnu/gcc-4.8.2/lib]


Compiling the Fortran compiler identification source file "CMakeFortranCompilerId.F" succeeded.
Compiler: /usr/local/x86_64/gnu/gcc-4.8.2/bin/gfortran 
Build flags: 
Id flags: 

The output was:
0


Compilation of the Fortran compiler identification source "CMakeFortranCompilerId.F" produced "a.out"

The Fortran compiler identification is GNU, found in "/home/llentati/PulsarCode/TempoNest/Ellipsis/build/CMakeFiles/CompilerIdFortran/a.out"

Determining if the Fortran compiler works passed with the following output:
Change Dir: /home/llentati/PulsarCode/TempoNest/Ellipsis/build/CMakeFiles/CMakeTmp

Run Build Command:/usr/bin/gmake "cmTryCompileExec1561149455/fast"
/usr/bin/gmake -f CMakeFiles/cmTryCompileExec1561149455.dir/build.make CMakeFiles/cmTryCompileExec1561149455.dir/build
gmake[1]: Entering directory `/mnt/home/llentati/PulsarCode/TempoNest/Ellipsis/build/CMakeFiles/CMakeTmp'
/usr/local/x86_64/gnu/cmake-2.8.8/bin/cmake -E cmake_progress_report /home/llentati/PulsarCode/TempoNest/Ellipsis/build/CMakeFiles/CMakeTmp/CMakeFiles 1
Building Fortran object CMakeFiles/cmTryCompileExec1561149455.dir/testFortranCompiler.f.o
/usr/local/x86_64/gnu/gcc-4.8.2/bin/gfortran    -c /home/llentati/PulsarCode/TempoNest/Ellipsis/build/CMakeFiles/CMakeTmp/testFortranCompiler.f -o CMakeFiles/cmTryCompileExec1561149455.dir/testFortranCompiler.f.o
Linking Fortran executable cmTryCompileExec1561149455
/usr/local/x86_64/gnu/cmake-2.8.8/bin/cmake -E cmake_link_script CMakeFiles/cmTryCompileExec1561149455.dir/link.txt --verbose=1
/usr/local/x86_64/gnu/gcc-4.8.2/bin/gfortran         CMakeFiles/cmTryCompileExec1561149455.dir/testFortranCompiler.f.o  -o cmTryCompileExec1561149455 -rdynamic 
gmake[1]: Leaving directory `/mnt/home/llentati/PulsarCode/TempoNest/Ellipsis/build/CMakeFiles/CMakeTmp'


Detecting Fortran compiler ABI info compiled with the following output:
Change Dir: /home/llentati/PulsarCode/TempoNest/Ellipsis/build/CMakeFiles/CMakeTmp

Run Build Command:/usr/bin/gmake "cmTryCompileExec4129585168/fast"
/usr/bin/gmake -f CMakeFiles/cmTryCompileExec4129585168.dir/build.make CMakeFiles/cmTryCompileExec4129585168.dir/build
gmake[1]: Entering directory `/mnt/home/llentati/PulsarCode/TempoNest/Ellipsis/build/CMakeFiles/CMakeTmp'
/usr/local/x86_64/gnu/cmake-2.8.8/bin/cmake -E cmake_progress_report /home/llentati/PulsarCode/TempoNest/Ellipsis/build/CMakeFiles/CMakeTmp/CMakeFiles 1
Building Fortran object CMakeFiles/cmTryCompileExec4129585168.dir/CMakeFortranCompilerABI.F.o
/usr/local/x86_64/gnu/gcc-4.8.2/bin/gfortran    -c /usr/local/x86_64/gnu/cmake-2.8.8/share/cmake-2.8/Modules/CMakeFortranCompilerABI.F -o CMakeFiles/cmTryCompileExec4129585168.dir/CMakeFortranCompilerABI.F.o
Linking Fortran executable cmTryCompileExec4129585168
/usr/local/x86_64/gnu/cmake-2.8.8/bin/cmake -E cmake_link_script CMakeFiles/cmTryCompileExec4129585168.dir/link.txt --verbose=1
/usr/local/x86_64/gnu/gcc-4.8.2/bin/gfortran   -v     CMakeFiles/cmTryCompileExec4129585168.dir/CMakeFortranCompilerABI.F.o  -o cmTryCompileExec4129585168 -rdynamic  
Driving: /usr/local/x86_64/gnu/gcc-4.8.2/bin/gfortran -v CMakeFiles/cmTryCompileExec4129585168.dir/CMakeFortranCompilerABI.F.o -o cmTryCompileExec4129585168 -rdynamic -l gfortran -l m -shared-libgcc
Using built-in specs.
COLLECT_GCC=/usr/local/x86_64/gnu/gcc-4.8.2/bin/gfortran
COLLECT_LTO_WRAPPER=/usr/local/x86_64/gnu/gcc-4.8.2/libexec/gcc/x86_64-unknown-linux-gnu/4.8.2/lto-wrapper
Target: x86_64-unknown-linux-gnu
Configured with: /usr/local/inst_src/gcc-4.8.2/configure --prefix=/usr/local/x86_64/gnu/gcc-4.8.2 --with-mpc=/usr/local/x86_64/gnu/mpc-1.0 --with-gmp=/usr/local/x86_64/gnu/gmp-5.0.5 --with-mpfr=/usr/local/x86_64/gnu/mpfr-3.1.1
Thread model: posix
gcc version 4.8.2 (GCC) 
Reading specs from /usr/local/x86_64/gnu/gcc-4.8.2/lib/gcc/x86_64-unknown-linux-gnu/4.8.2/../../../../lib64/libgfortran.spec
rename spec lib to liborig
COLLECT_GCC_OPTIONS='-v' '-o' 'cmTryCompileExec4129585168' '-rdynamic' '-shared-libgcc' '-mtune=generic' '-march=x86-64'
COMPILER_PATH=/usr/local/x86_64/gnu/gcc-4.8.2/libexec/gcc/x86_64-unknown-linux-gnu/4.8.2/:/usr/local/x86_64/gnu/gcc-4.8.2/libexec/gcc/x86_64-unknown-linux-gnu/4.8.2/:/usr/local/x86_64/gnu/gcc-4.8.2/libexec/gcc/x86_64-unknown-linux-gnu/:/usr/local/x86_64/gnu/gcc-4.8.2/lib/gcc/x86_64-unknown-linux-gnu/4.8.2/:/usr/local/x86_64/gnu/gcc-4.8.2/lib/gcc/x86_64-unknown-linux-gnu/
LIBRARY_PATH=/usr/local/cuda-6.0/lib64/../lib64/:/usr/local/cuda-6.0/lib/../lib64/:/usr/local/x86_64/gnu/gcc-4.8.2/lib/gcc/x86_64-unknown-linux-gnu/4.8.2/:/usr/local/x86_64/gnu/gcc-4.8.2/lib/gcc/x86_64-unknown-linux-gnu/4.8.2/../../../../lib64/:/lib/../lib64/:/usr/lib/../lib64/:/usr/local/intel/composer_xe_2011_sp1.7.256/compiler/lib/intel64/:/usr/local/intel/composer_xe_2011_sp1.7.256/mkl/lib/intel64/:/usr/local/intel/composer_xe_2011_sp1.7.256/compiler/lib/intel64/:/usr/local/intel/composer_xe_2011_sp1.7.256/ipp/../compiler/lib/intel64/:/usr/local/intel/composer_xe_2011_sp1.7.256/ipp/lib/intel64/:/usr/local/intel/composer_xe_2011_sp1.7.256/compiler/lib/intel64/:/usr/local/intel/composer_xe_2011_sp1.7.256/mkl/lib/intel64/:/usr/local/intel/composer_xe_2011_sp1.7.256/tbb/lib/intel64//cc4.1.0_libc2.4_kernel2.6.16.21/:/usr/local/intel/composer_xe_2011_sp1.7.256/compiler/lib/intel64/:/usr/local/intel/composer_xe_2011_sp1.7.256/ipp/../compiler/lib/intel64/:/usr/local/intel/composer_xe_2011_sp1.7.256/ipp/lib/intel64/:/usr/local/intel/composer_xe_2011_sp1.7.256/compiler/lib/intel64/:/usr/local/intel/composer_xe_2011_sp1.7.256/mkl/lib/intel64/:/usr/local/intel/composer_xe_2011_sp1.7.256/tbb/lib/intel64//cc4.1.0_libc2.4_kernel2.6.16.21/:/usr/local/intel/composer_xe_2011_sp1.7.256/compiler/lib/intel64/:/usr/local/intel/composer_xe_2011_sp1.7.256/mkl/lib/intel64/:/usr/local/intel/composer_xe_2011_sp1.7.256/compiler/lib/intel64/:/usr/local/intel/composer_xe_2011_sp1.7.256/ipp/../compiler/lib/intel64/:/usr/local/intel/composer_xe_2011_sp1.7.256/ipp/lib/intel64/:/usr/local/intel/composer_xe_2011_sp1.7.256/compiler/lib/intel64/:/usr/local/intel/composer_xe_2011_sp1.7.256/mkl/lib/intel64/:/usr/local/intel/composer_xe_2011_sp1.7.256/tbb/lib/intel64//cc4.1.0_libc2.4_kernel2.6.16.21/:/usr/local/intel/composer_xe_2011_sp1.7.256/compiler/lib/intel64/:/usr/local/intel/composer_xe_2011_sp1.7.256/ipp/../compiler/lib/intel64/:/usr/local/intel/composer_xe_2011_sp1.7.256/ipp/lib/intel64/:/usr/local/intel/composer_xe_2011_sp1.7.256/compiler/lib/intel64/:/usr/local/intel/composer_xe_2011_sp1.7.256/mkl/lib/intel64/:/usr/local/intel/composer_xe_2011_sp1.7.256/tbb/lib/intel64//cc4.1.0_libc2.4_kernel2.6.16.21/:/usr/local/cuda-6.0/lib64/:/usr/local/cuda-6.0/lib/:/usr/local/x86_64/gnu/openmpi-1.8.3-dlopen/lib/:/usr/local/x86_64/gnu/mpc-1.0/lib/:/usr/local/x86_64/gnu/mpfr-3.1.1/lib/:/usr/local/x86_64/gnu/gmp-5.0.5/lib/:/usr/local/intel-15.3.0/composer_xe_2015.3.187/ipp/lib/intel64/:/usr/local/intel-15.3.0/composer_xe_2015.3.187/compiler/lib/intel64/:/usr/local/intel-15.3.0/composer_xe_2015.3.187/mkl/lib/intel64/:/usr/local/intel-15.3.0/composer_xe_2015.3.187/tbb/lib/intel64/gcc4.4/:/usr/local/x86_64/gnu/cfitsio-3.290/lib/:/usr/local/x86_64/gnu/gcc-4.8.2/lib/gcc/x86_64-unknown-linux-gnu/4.8.2/../../../:/lib/:/usr/lib/
COLLECT_GCC_OPTIONS='-v' '-o' 'cmTryCompileExec4129585168' '-rdynamic' '-shared-libgcc' '-mtune=generic' '-march=x86-64'
 /usr/local/x86_64/gnu/gcc-4.8.2/libexec/gcc/x86_64-unknown-linux-gnu/4.8.2/collect2 --eh-frame-hdr -m elf_x86_64 -export-dynamic -dynamic-linker /lib64/ld-linux-x86-64.so.2 -o cmTryCompileExec4129585168 /usr/lib/../lib64/crt1.o /usr/lib/../lib64/crti.o /usr/local/x86_64/gnu/gcc-4.8.2/lib/gcc/x86_64-unknown-linux-gnu/4.8.2/crtbegin.o -L/usr/local/cuda-6.0/lib64/../lib64 -L/usr/local/cuda-6.0/lib/../lib64 -L/usr/local/x86_64/gnu/gcc-4.8.2/lib/gcc/x86_64-unknown-linux-gnu/4.8.2 -L/usr/local/x86_64/gnu/gcc-4.8.2/lib/gcc/x86_64-unknown-linux-gnu/4.8.2/../../../../lib64 -L/lib/../lib64 -L/usr/lib/../lib64 -L/usr/local/intel/composer_xe_2011_sp1.7.256/compiler/lib/intel64 -L/usr/local/intel/composer_xe_2011_sp1.7.256/mkl/lib/intel64 -L/usr/local/intel/composer_xe_2011_sp1.7.256/compiler/lib/intel64 -L/usr/local/intel/composer_xe_2011_sp1.7.256/ipp/../compiler/lib/intel64 -L/usr/local/intel/composer_xe_2011_sp1.7.256/ipp/lib/intel64 -L/usr/local/intel/composer_xe_2011_sp1.7.256/compiler/lib/intel64 -L/usr/local/intel/composer_xe_2011_sp1.7.256/mkl/lib/intel64 -L/usr/local/intel/composer_xe_2011_sp1.7.256/tbb/lib/intel64//cc4.1.0_libc2.4_kernel2.6.16.21 -L/usr/local/intel/composer_xe_2011_sp1.7.256/compiler/lib/intel64 -L/usr/local/intel/composer_xe_2011_sp1.7.256/ipp/../compiler/lib/intel64 -L/usr/local/intel/composer_xe_2011_sp1.7.256/ipp/lib/intel64 -L/usr/local/intel/composer_xe_2011_sp1.7.256/compiler/lib/intel64 -L/usr/local/intel/composer_xe_2011_sp1.7.256/mkl/lib/intel64 -L/usr/local/intel/composer_xe_2011_sp1.7.256/tbb/lib/intel64//cc4.1.0_libc2.4_kernel2.6.16.21 -L/usr/local/intel/composer_xe_2011_sp1.7.256/compiler/lib/intel64 -L/usr/local/intel/composer_xe_2011_sp1.7.256/mkl/lib/intel64 -L/usr/local/intel/composer_xe_2011_sp1.7.256/compiler/lib/intel64 -L/usr/local/intel/composer_xe_2011_sp1.7.256/ipp/../compiler/lib/intel64 -L/usr/local/intel/composer_xe_2011_sp1.7.256/ipp/lib/intel64 -L/usr/local/intel/composer_xe_2011_sp1.7.256/compiler/lib/intel64 -L/usr/local/intel/composer_xe_2011_sp1.7.256/mkl/lib/intel64 -L/usr/local/intel/composer_xe_2011_sp1.7.256/tbb/lib/intel64//cc4.1.0_libc2.4_kernel2.6.16.21 -L/usr/local/intel/composer_xe_2011_sp1.7.256/compiler/lib/intel64 -L/usr/local/intel/composer_xe_2011_sp1.7.256/ipp/../compiler/lib/intel64 -L/usr/local/intel/composer_xe_2011_sp1.7.256/ipp/lib/intel64 -L/usr/local/intel/composer_xe_2011_sp1.7.256/compiler/lib/intel64 -L/usr/local/intel/composer_xe_2011_sp1.7.256/mkl/lib/intel64 -L/usr/local/intel/composer_xe_2011_sp1.7.256/tbb/lib/intel64//cc4.1.0_libc2.4_kernel2.6.16.21 -L/usr/local/cuda-6.0/lib64 -L/usr/local/cuda-6.0/lib -L/usr/local/x86_64/gnu/openmpi-1.8.3-dlopen/lib -L/usr/local/x86_64/gnu/mpc-1.0/lib -L/usr/local/x86_64/gnu/mpfr-3.1.1/lib -L/usr/local/x86_64/gnu/gmp-5.0.5/lib -L/usr/local/intel-15.3.0/composer_xe_2015.3.187/ipp/lib/intel64 -L/usr/local/intel-15.3.0/composer_xe_2015.3.187/compiler/lib/intel64 -L/usr/local/intel-15.3.0/composer_xe_2015.3.187/mkl/lib/intel64 -L/usr/local/intel-15.3.0/composer_xe_2015.3.187/tbb/lib/intel64/gcc4.4 -L/usr/local/x86_64/gnu/cfitsio-3.290/lib -L/usr/local/x86_64/gnu/gcc-4.8.2/lib/gcc/x86_64-unknown-linux-gnu/4.8.2/../../.. CMakeFiles/cmTryCompileExec4129585168.dir/CMakeFortranCompilerABI.F.o -lgfortran -lm -lgcc_s -lgcc -lquadmath -lm -lgcc_s -lgcc -lc -lgcc_s -lgcc /usr/local/x86_64/gnu/gcc-4.8.2/lib/gcc/x86_64-unknown-linux-gnu/4.8.2/crtend.o /usr/lib/../lib64/crtn.o
gmake[1]: Leaving directory `/mnt/home/llentati/PulsarCode/TempoNest/Ellipsis/build/CMakeFiles/CMakeTmp'


Parsed Fortran implicit link information from above output:
  link line regex: [^( *|.*[/\])(ld|ld|collect2)[^/\]*( |$)]
  ignore line: [Change Dir: /home/llentati/PulsarCode/TempoNest/Ellipsis/build/CMakeFiles/CMakeTmp]
  ignore line: []
  ignore line: [Run Build Command:/usr/bin/gmake "cmTryCompileExec4129585168/fast"]
  ignore line: [/usr/bin/gmake -f CMakeFiles/cmTryCompileExec4129585168.dir/build.make CMakeFiles/cmTryCompileExec4129585168.dir/build]
  ignore line: [gmake[1]: Entering directory `/mnt/home/llentati/PulsarCode/TempoNest/Ellipsis/build/CMakeFiles/CMakeTmp']
  ignore line: [/usr/local/x86_64/gnu/cmake-2.8.8/bin/cmake -E cmake_progress_report /home/llentati/PulsarCode/TempoNest/Ellipsis/build/CMakeFiles/CMakeTmp/CMakeFiles 1]
  ignore line: [Building Fortran object CMakeFiles/cmTryCompileExec4129585168.dir/CMakeFortranCompilerABI.F.o]
  ignore line: [/usr/local/x86_64/gnu/gcc-4.8.2/bin/gfortran    -c /usr/local/x86_64/gnu/cmake-2.8.8/share/cmake-2.8/Modules/CMakeFortranCompilerABI.F -o CMakeFiles/cmTryCompileExec4129585168.dir/CMakeFortranCompilerABI.F.o]
  ignore line: [Linking Fortran executable cmTryCompileExec4129585168]
  ignore line: [/usr/local/x86_64/gnu/cmake-2.8.8/bin/cmake -E cmake_link_script CMakeFiles/cmTryCompileExec4129585168.dir/link.txt --verbose=1]
  ignore line: [/usr/local/x86_64/gnu/gcc-4.8.2/bin/gfortran   -v     CMakeFiles/cmTryCompileExec4129585168.dir/CMakeFortranCompilerABI.F.o  -o cmTryCompileExec4129585168 -rdynamic  ]
  ignore line: [Driving: /usr/local/x86_64/gnu/gcc-4.8.2/bin/gfortran -v CMakeFiles/cmTryCompileExec4129585168.dir/CMakeFortranCompilerABI.F.o -o cmTryCompileExec4129585168 -rdynamic -l gfortran -l m -shared-libgcc]
  ignore line: [Using built-in specs.]
  ignore line: [COLLECT_GCC=/usr/local/x86_64/gnu/gcc-4.8.2/bin/gfortran]
  ignore line: [COLLECT_LTO_WRAPPER=/usr/local/x86_64/gnu/gcc-4.8.2/libexec/gcc/x86_64-unknown-linux-gnu/4.8.2/lto-wrapper]
  ignore line: [Target: x86_64-unknown-linux-gnu]
  ignore line: [Configured with: /usr/local/inst_src/gcc-4.8.2/configure --prefix=/usr/local/x86_64/gnu/gcc-4.8.2 --with-mpc=/usr/local/x86_64/gnu/mpc-1.0 --with-gmp=/usr/local/x86_64/gnu/gmp-5.0.5 --with-mpfr=/usr/local/x86_64/gnu/mpfr-3.1.1]
  ignore line: [Thread model: posix]
  ignore line: [gcc version 4.8.2 (GCC) ]
  ignore line: [Reading specs from /usr/local/x86_64/gnu/gcc-4.8.2/lib/gcc/x86_64-unknown-linux-gnu/4.8.2/../../../../lib64/libgfortran.spec]
  ignore line: [rename spec lib to liborig]
  ignore line: [COLLECT_GCC_OPTIONS='-v' '-o' 'cmTryCompileExec4129585168' '-rdynamic' '-shared-libgcc' '-mtune=generic' '-march=x86-64']
  ignore line: [COMPILER_PATH=/usr/local/x86_64/gnu/gcc-4.8.2/libexec/gcc/x86_64-unknown-linux-gnu/4.8.2/:/usr/local/x86_64/gnu/gcc-4.8.2/libexec/gcc/x86_64-unknown-linux-gnu/4.8.2/:/usr/local/x86_64/gnu/gcc-4.8.2/libexec/gcc/x86_64-unknown-linux-gnu/:/usr/local/x86_64/gnu/gcc-4.8.2/lib/gcc/x86_64-unknown-linux-gnu/4.8.2/:/usr/local/x86_64/gnu/gcc-4.8.2/lib/gcc/x86_64-unknown-linux-gnu/]
  ignore line: [LIBRARY_PATH=/usr/local/cuda-6.0/lib64/../lib64/:/usr/local/cuda-6.0/lib/../lib64/:/usr/local/x86_64/gnu/gcc-4.8.2/lib/gcc/x86_64-unknown-linux-gnu/4.8.2/:/usr/local/x86_64/gnu/gcc-4.8.2/lib/gcc/x86_64-unknown-linux-gnu/4.8.2/../../../../lib64/:/lib/../lib64/:/usr/lib/../lib64/:/usr/local/intel/composer_xe_2011_sp1.7.256/compiler/lib/intel64/:/usr/local/intel/composer_xe_2011_sp1.7.256/mkl/lib/intel64/:/usr/local/intel/composer_xe_2011_sp1.7.256/compiler/lib/intel64/:/usr/local/intel/composer_xe_2011_sp1.7.256/ipp/../compiler/lib/intel64/:/usr/local/intel/composer_xe_2011_sp1.7.256/ipp/lib/intel64/:/usr/local/intel/composer_xe_2011_sp1.7.256/compiler/lib/intel64/:/usr/local/intel/composer_xe_2011_sp1.7.256/mkl/lib/intel64/:/usr/local/intel/composer_xe_2011_sp1.7.256/tbb/lib/intel64//cc4.1.0_libc2.4_kernel2.6.16.21/:/usr/local/intel/composer_xe_2011_sp1.7.256/compiler/lib/intel64/:/usr/local/intel/composer_xe_2011_sp1.7.256/ipp/../compiler/lib/intel64/:/usr/local/intel/composer_xe_2011_sp1.7.256/ipp/lib/intel64/:/usr/local/intel/composer_xe_2011_sp1.7.256/compiler/lib/intel64/:/usr/local/intel/composer_xe_2011_sp1.7.256/mkl/lib/intel64/:/usr/local/intel/composer_xe_2011_sp1.7.256/tbb/lib/intel64//cc4.1.0_libc2.4_kernel2.6.16.21/:/usr/local/intel/composer_xe_2011_sp1.7.256/compiler/lib/intel64/:/usr/local/intel/composer_xe_2011_sp1.7.256/mkl/lib/intel64/:/usr/local/intel/composer_xe_2011_sp1.7.256/compiler/lib/intel64/:/usr/local/intel/composer_xe_2011_sp1.7.256/ipp/../compiler/lib/intel64/:/usr/local/intel/composer_xe_2011_sp1.7.256/ipp/lib/intel64/:/usr/local/intel/composer_xe_2011_sp1.7.256/compiler/lib/intel64/:/usr/local/intel/composer_xe_2011_sp1.7.256/mkl/lib/intel64/:/usr/local/intel/composer_xe_2011_sp1.7.256/tbb/lib/intel64//cc4.1.0_libc2.4_kernel2.6.16.21/:/usr/local/intel/composer_xe_2011_sp1.7.256/compiler/lib/intel64/:/usr/local/intel/composer_xe_2011_sp1.7.256/ipp/../compiler/lib/intel64/:/usr/local/intel/composer_xe_2011_sp1.7.256/ipp/lib/intel64/:/usr/local/intel/composer_xe_2011_sp1.7.256/compiler/lib/intel64/:/usr/local/intel/composer_xe_2011_sp1.7.256/mkl/lib/intel64/:/usr/local/intel/composer_xe_2011_sp1.7.256/tbb/lib/intel64//cc4.1.0_libc2.4_kernel2.6.16.21/:/usr/local/cuda-6.0/lib64/:/usr/local/cuda-6.0/lib/:/usr/local/x86_64/gnu/openmpi-1.8.3-dlopen/lib/:/usr/local/x86_64/gnu/mpc-1.0/lib/:/usr/local/x86_64/gnu/mpfr-3.1.1/lib/:/usr/local/x86_64/gnu/gmp-5.0.5/lib/:/usr/local/intel-15.3.0/composer_xe_2015.3.187/ipp/lib/intel64/:/usr/local/intel-15.3.0/composer_xe_2015.3.187/compiler/lib/intel64/:/usr/local/intel-15.3.0/composer_xe_2015.3.187/mkl/lib/intel64/:/usr/local/intel-15.3.0/composer_xe_2015.3.187/tbb/lib/intel64/gcc4.4/:/usr/local/x86_64/gnu/cfitsio-3.290/lib/:/usr/local/x86_64/gnu/gcc-4.8.2/lib/gcc/x86_64-unknown-linux-gnu/4.8.2/../../../:/lib/:/usr/lib/]
  ignore line: [COLLECT_GCC_OPTIONS='-v' '-o' 'cmTryCompileExec4129585168' '-rdynamic' '-shared-libgcc' '-mtune=generic' '-march=x86-64']
  link line: [ /usr/local/x86_64/gnu/gcc-4.8.2/libexec/gcc/x86_64-unknown-linux-gnu/4.8.2/collect2 --eh-frame-hdr -m elf_x86_64 -export-dynamic -dynamic-linker /lib64/ld-linux-x86-64.so.2 -o cmTryCompileExec4129585168 /usr/lib/../lib64/crt1.o /usr/lib/../lib64/crti.o /usr/local/x86_64/gnu/gcc-4.8.2/lib/gcc/x86_64-unknown-linux-gnu/4.8.2/crtbegin.o -L/usr/local/cuda-6.0/lib64/../lib64 -L/usr/local/cuda-6.0/lib/../lib64 -L/usr/local/x86_64/gnu/gcc-4.8.2/lib/gcc/x86_64-unknown-linux-gnu/4.8.2 -L/usr/local/x86_64/gnu/gcc-4.8.2/lib/gcc/x86_64-unknown-linux-gnu/4.8.2/../../../../lib64 -L/lib/../lib64 -L/usr/lib/../lib64 -L/usr/local/intel/composer_xe_2011_sp1.7.256/compiler/lib/intel64 -L/usr/local/intel/composer_xe_2011_sp1.7.256/mkl/lib/intel64 -L/usr/local/intel/composer_xe_2011_sp1.7.256/compiler/lib/intel64 -L/usr/local/intel/composer_xe_2011_sp1.7.256/ipp/../compiler/lib/intel64 -L/usr/local/intel/composer_xe_2011_sp1.7.256/ipp/lib/intel64 -L/usr/local/intel/composer_xe_2011_sp1.7.256/compiler/lib/intel64 -L/usr/local/intel/composer_xe_2011_sp1.7.256/mkl/lib/intel64 -L/usr/local/intel/composer_xe_2011_sp1.7.256/tbb/lib/intel64//cc4.1.0_libc2.4_kernel2.6.16.21 -L/usr/local/intel/composer_xe_2011_sp1.7.256/compiler/lib/intel64 -L/usr/local/intel/composer_xe_2011_sp1.7.256/ipp/../compiler/lib/intel64 -L/usr/local/intel/composer_xe_2011_sp1.7.256/ipp/lib/intel64 -L/usr/local/intel/composer_xe_2011_sp1.7.256/compiler/lib/intel64 -L/usr/local/intel/composer_xe_2011_sp1.7.256/mkl/lib/intel64 -L/usr/local/intel/composer_xe_2011_sp1.7.256/tbb/lib/intel64//cc4.1.0_libc2.4_kernel2.6.16.21 -L/usr/local/intel/composer_xe_2011_sp1.7.256/compiler/lib/intel64 -L/usr/local/intel/composer_xe_2011_sp1.7.256/mkl/lib/intel64 -L/usr/local/intel/composer_xe_2011_sp1.7.256/compiler/lib/intel64 -L/usr/local/intel/composer_xe_2011_sp1.7.256/ipp/../compiler/lib/intel64 -L/usr/local/intel/composer_xe_2011_sp1.7.256/ipp/lib/intel64 -L/usr/local/intel/composer_xe_2011_sp1.7.256/compiler/lib/intel64 -L/usr/local/intel/composer_xe_2011_sp1.7.256/mkl/lib/intel64 -L/usr/local/intel/composer_xe_2011_sp1.7.256/tbb/lib/intel64//cc4.1.0_libc2.4_kernel2.6.16.21 -L/usr/local/intel/composer_xe_2011_sp1.7.256/compiler/lib/intel64 -L/usr/local/intel/composer_xe_2011_sp1.7.256/ipp/../compiler/lib/intel64 -L/usr/local/intel/composer_xe_2011_sp1.7.256/ipp/lib/intel64 -L/usr/local/intel/composer_xe_2011_sp1.7.256/compiler/lib/intel64 -L/usr/local/intel/composer_xe_2011_sp1.7.256/mkl/lib/intel64 -L/usr/local/intel/composer_xe_2011_sp1.7.256/tbb/lib/intel64//cc4.1.0_libc2.4_kernel2.6.16.21 -L/usr/local/cuda-6.0/lib64 -L/usr/local/cuda-6.0/lib -L/usr/local/x86_64/gnu/openmpi-1.8.3-dlopen/lib -L/usr/local/x86_64/gnu/mpc-1.0/lib -L/usr/local/x86_64/gnu/mpfr-3.1.1/lib -L/usr/local/x86_64/gnu/gmp-5.0.5/lib -L/usr/local/intel-15.3.0/composer_xe_2015.3.187/ipp/lib/intel64 -L/usr/local/intel-15.3.0/composer_xe_2015.3.187/compiler/lib/intel64 -L/usr/local/intel-15.3.0/composer_xe_2015.3.187/mkl/lib/intel64 -L/usr/local/intel-15.3.0/composer_xe_2015.3.187/tbb/lib/intel64/gcc4.4 -L/usr/local/x86_64/gnu/cfitsio-3.290/lib -L/usr/local/x86_64/gnu/gcc-4.8.2/lib/gcc/x86_64-unknown-linux-gnu/4.8.2/../../.. CMakeFiles/cmTryCompileExec4129585168.dir/CMakeFortranCompilerABI.F.o -lgfortran -lm -lgcc_s -lgcc -lquadmath -lm -lgcc_s -lgcc -lc -lgcc_s -lgcc /usr/local/x86_64/gnu/gcc-4.8.2/lib/gcc/x86_64-unknown-linux-gnu/4.8.2/crtend.o /usr/lib/../lib64/crtn.o]
    arg [/usr/local/x86_64/gnu/gcc-4.8.2/libexec/gcc/x86_64-unknown-linux-gnu/4.8.2/collect2] ==> ignore
    arg [--eh-frame-hdr] ==> ignore
    arg [-m] ==> ignore
    arg [elf_x86_64] ==> ignore
    arg [-export-dynamic] ==> ignore
    arg [-dynamic-linker] ==> ignore
    arg [/lib64/ld-linux-x86-64.so.2] ==> ignore
    arg [-o] ==> ignore
    arg [cmTryCompileExec4129585168] ==> ignore
    arg [/usr/lib/../lib64/crt1.o] ==> ignore
    arg [/usr/lib/../lib64/crti.o] ==> ignore
    arg [/usr/local/x86_64/gnu/gcc-4.8.2/lib/gcc/x86_64-unknown-linux-gnu/4.8.2/crtbegin.o] ==> ignore
    arg [-L/usr/local/cuda-6.0/lib64/../lib64] ==> dir [/usr/local/cuda-6.0/lib64/../lib64]
    arg [-L/usr/local/cuda-6.0/lib/../lib64] ==> dir [/usr/local/cuda-6.0/lib/../lib64]
    arg [-L/usr/local/x86_64/gnu/gcc-4.8.2/lib/gcc/x86_64-unknown-linux-gnu/4.8.2] ==> dir [/usr/local/x86_64/gnu/gcc-4.8.2/lib/gcc/x86_64-unknown-linux-gnu/4.8.2]
    arg [-L/usr/local/x86_64/gnu/gcc-4.8.2/lib/gcc/x86_64-unknown-linux-gnu/4.8.2/../../../../lib64] ==> dir [/usr/local/x86_64/gnu/gcc-4.8.2/lib/gcc/x86_64-unknown-linux-gnu/4.8.2/../../../../lib64]
    arg [-L/lib/../lib64] ==> dir [/lib/../lib64]
    arg [-L/usr/lib/../lib64] ==> dir [/usr/lib/../lib64]
    arg [-L/usr/local/intel/composer_xe_2011_sp1.7.256/compiler/lib/intel64] ==> dir [/usr/local/intel/composer_xe_2011_sp1.7.256/compiler/lib/intel64]
    arg [-L/usr/local/intel/composer_xe_2011_sp1.7.256/mkl/lib/intel64] ==> dir [/usr/local/intel/composer_xe_2011_sp1.7.256/mkl/lib/intel64]
    arg [-L/usr/local/intel/composer_xe_2011_sp1.7.256/compiler/lib/intel64] ==> dir [/usr/local/intel/composer_xe_2011_sp1.7.256/compiler/lib/intel64]
    arg [-L/usr/local/intel/composer_xe_2011_sp1.7.256/ipp/../compiler/lib/intel64] ==> dir [/usr/local/intel/composer_xe_2011_sp1.7.256/ipp/../compiler/lib/intel64]
    arg [-L/usr/local/intel/composer_xe_2011_sp1.7.256/ipp/lib/intel64] ==> dir [/usr/local/intel/composer_xe_2011_sp1.7.256/ipp/lib/intel64]
    arg [-L/usr/local/intel/composer_xe_2011_sp1.7.256/compiler/lib/intel64] ==> dir [/usr/local/intel/composer_xe_2011_sp1.7.256/compiler/lib/intel64]
    arg [-L/usr/local/intel/composer_xe_2011_sp1.7.256/mkl/lib/intel64] ==> dir [/usr/local/intel/composer_xe_2011_sp1.7.256/mkl/lib/intel64]
    arg [-L/usr/local/intel/composer_xe_2011_sp1.7.256/tbb/lib/intel64//cc4.1.0_libc2.4_kernel2.6.16.21] ==> dir [/usr/local/intel/composer_xe_2011_sp1.7.256/tbb/lib/intel64//cc4.1.0_libc2.4_kernel2.6.16.21]
    arg [-L/usr/local/intel/composer_xe_2011_sp1.7.256/compiler/lib/intel64] ==> dir [/usr/local/intel/composer_xe_2011_sp1.7.256/compiler/lib/intel64]
    arg [-L/usr/local/intel/composer_xe_2011_sp1.7.256/ipp/../compiler/lib/intel64] ==> dir [/usr/local/intel/composer_xe_2011_sp1.7.256/ipp/../compiler/lib/intel64]
    arg [-L/usr/local/intel/composer_xe_2011_sp1.7.256/ipp/lib/intel64] ==> dir [/usr/local/intel/composer_xe_2011_sp1.7.256/ipp/lib/intel64]
    arg [-L/usr/local/intel/composer_xe_2011_sp1.7.256/compiler/lib/intel64] ==> dir [/usr/local/intel/composer_xe_2011_sp1.7.256/compiler/lib/intel64]
    arg [-L/usr/local/intel/composer_xe_2011_sp1.7.256/mkl/lib/intel64] ==> dir [/usr/local/intel/composer_xe_2011_sp1.7.256/mkl/lib/intel64]
    arg [-L/usr/local/intel/composer_xe_2011_sp1.7.256/tbb/lib/intel64//cc4.1.0_libc2.4_kernel2.6.16.21] ==> dir [/usr/local/intel/composer_xe_2011_sp1.7.256/tbb/lib/intel64//cc4.1.0_libc2.4_kernel2.6.16.21]
    arg [-L/usr/local/intel/composer_xe_2011_sp1.7.256/compiler/lib/intel64] ==> dir [/usr/local/intel/composer_xe_2011_sp1.7.256/compiler/lib/intel64]
    arg [-L/usr/local/intel/composer_xe_2011_sp1.7.256/mkl/lib/intel64] ==> dir [/usr/local/intel/composer_xe_2011_sp1.7.256/mkl/lib/intel64]
    arg [-L/usr/local/intel/composer_xe_2011_sp1.7.256/compiler/lib/intel64] ==> dir [/usr/local/intel/composer_xe_2011_sp1.7.256/compiler/lib/intel64]
    arg [-L/usr/local/intel/composer_xe_2011_sp1.7.256/ipp/../compiler/lib/intel64] ==> dir [/usr/local/intel/composer_xe_2011_sp1.7.256/ipp/../compiler/lib/intel64]
    arg [-L/usr/local/intel/composer_xe_2011_sp1.7.256/ipp/lib/intel64] ==> dir [/usr/local/intel/composer_xe_2011_sp1.7.256/ipp/lib/intel64]
    arg [-L/usr/local/intel/composer_xe_2011_sp1.7.256/compiler/lib/intel64] ==> dir [/usr/local/intel/composer_xe_2011_sp1.7.256/compiler/lib/intel64]
    arg [-L/usr/local/intel/composer_xe_2011_sp1.7.256/mkl/lib/intel64] ==> dir [/usr/local/intel/composer_xe_2011_sp1.7.256/mkl/lib/intel64]
    arg [-L/usr/local/intel/composer_xe_2011_sp1.7.256/tbb/lib/intel64//cc4.1.0_libc2.4_kernel2.6.16.21] ==> dir [/usr/local/intel/composer_xe_2011_sp1.7.256/tbb/lib/intel64//cc4.1.0_libc2.4_kernel2.6.16.21]
    arg [-L/usr/local/intel/composer_xe_2011_sp1.7.256/compiler/lib/intel64] ==> dir [/usr/local/intel/composer_xe_2011_sp1.7.256/compiler/lib/intel64]
    arg [-L/usr/local/intel/composer_xe_2011_sp1.7.256/ipp/../compiler/lib/intel64] ==> dir [/usr/local/intel/composer_xe_2011_sp1.7.256/ipp/../compiler/lib/intel64]
    arg [-L/usr/local/intel/composer_xe_2011_sp1.7.256/ipp/lib/intel64] ==> dir [/usr/local/intel/composer_xe_2011_sp1.7.256/ipp/lib/intel64]
    arg [-L/usr/local/intel/composer_xe_2011_sp1.7.256/compiler/lib/intel64] ==> dir [/usr/local/intel/composer_xe_2011_sp1.7.256/compiler/lib/intel64]
    arg [-L/usr/local/intel/composer_xe_2011_sp1.7.256/mkl/lib/intel64] ==> dir [/usr/local/intel/composer_xe_2011_sp1.7.256/mkl/lib/intel64]
    arg [-L/usr/local/intel/composer_xe_2011_sp1.7.256/tbb/lib/intel64//cc4.1.0_libc2.4_kernel2.6.16.21] ==> dir [/usr/local/intel/composer_xe_2011_sp1.7.256/tbb/lib/intel64//cc4.1.0_libc2.4_kernel2.6.16.21]
    arg [-L/usr/local/cuda-6.0/lib64] ==> dir [/usr/local/cuda-6.0/lib64]
    arg [-L/usr/local/cuda-6.0/lib] ==> dir [/usr/local/cuda-6.0/lib]
    arg [-L/usr/local/x86_64/gnu/openmpi-1.8.3-dlopen/lib] ==> dir [/usr/local/x86_64/gnu/openmpi-1.8.3-dlopen/lib]
    arg [-L/usr/local/x86_64/gnu/mpc-1.0/lib] ==> dir [/usr/local/x86_64/gnu/mpc-1.0/lib]
    arg [-L/usr/local/x86_64/gnu/mpfr-3.1.1/lib] ==> dir [/usr/local/x86_64/gnu/mpfr-3.1.1/lib]
    arg [-L/usr/local/x86_64/gnu/gmp-5.0.5/lib] ==> dir [/usr/local/x86_64/gnu/gmp-5.0.5/lib]
    arg [-L/usr/local/intel-15.3.0/composer_xe_2015.3.187/ipp/lib/intel64] ==> dir [/usr/local/intel-15.3.0/composer_xe_2015.3.187/ipp/lib/intel64]
    arg [-L/usr/local/intel-15.3.0/composer_xe_2015.3.187/compiler/lib/intel64] ==> dir [/usr/local/intel-15.3.0/composer_xe_2015.3.187/compiler/lib/intel64]
    arg [-L/usr/local/intel-15.3.0/composer_xe_2015.3.187/mkl/lib/intel64] ==> dir [/usr/local/intel-15.3.0/composer_xe_2015.3.187/mkl/lib/intel64]
    arg [-L/usr/local/intel-15.3.0/composer_xe_2015.3.187/tbb/lib/intel64/gcc4.4] ==> dir [/usr/local/intel-15.3.0/composer_xe_2015.3.187/tbb/lib/intel64/gcc4.4]
    arg [-L/usr/local/x86_64/gnu/cfitsio-3.290/lib] ==> dir [/usr/local/x86_64/gnu/cfitsio-3.290/lib]
    arg [-L/usr/local/x86_64/gnu/gcc-4.8.2/lib/gcc/x86_64-unknown-linux-gnu/4.8.2/../../..] ==> dir [/usr/local/x86_64/gnu/gcc-4.8.2/lib/gcc/x86_64-unknown-linux-gnu/4.8.2/../../..]
    arg [CMakeFiles/cmTryCompileExec4129585168.dir/CMakeFortranCompilerABI.F.o] ==> ignore
    arg [-lgfortran] ==> lib [gfortran]
    arg [-lm] ==> lib [m]
    arg [-lgcc_s] ==> lib [gcc_s]
    arg [-lgcc] ==> lib [gcc]
    arg [-lquadmath] ==> lib [quadmath]
    arg [-lm] ==> lib [m]
    arg [-lgcc_s] ==> lib [gcc_s]
    arg [-lgcc] ==> lib [gcc]
    arg [-lc] ==> lib [c]
    arg [-lgcc_s] ==> lib [gcc_s]
    arg [-lgcc] ==> lib [gcc]
    arg [/usr/local/x86_64/gnu/gcc-4.8.2/lib/gcc/x86_64-unknown-linux-gnu/4.8.2/crtend.o] ==> ignore
    arg [/usr/lib/../lib64/crtn.o] ==> ignore
  remove lib [gcc_s]
  remove lib [gcc]
  remove lib [gcc_s]
  remove lib [gcc]
  remove lib [gcc_s]
  remove lib [gcc]
  collapse dir [/usr/local/cuda-6.0/lib64/../lib64] ==> [/usr/local/cuda-6.0/lib64]
  collapse dir [/usr/local/cuda-6.0/lib/../lib64] ==> [/usr/local/cuda-6.0/lib64]
  collapse dir [/usr/local/x86_64/gnu/gcc-4.8.2/lib/gcc/x86_64-unknown-linux-gnu/4.8.2] ==> [/usr/local/x86_64/gnu/gcc-4.8.2/lib/gcc/x86_64-unknown-linux-gnu/4.8.2]
  collapse dir [/usr/local/x86_64/gnu/gcc-4.8.2/lib/gcc/x86_64-unknown-linux-gnu/4.8.2/../../../../lib64] ==> [/usr/local/x86_64/gnu/gcc-4.8.2/lib64]
  collapse dir [/lib/../lib64] ==> [/lib64]
  collapse dir [/usr/lib/../lib64] ==> [/usr/lib64]
  collapse dir [/usr/local/intel/composer_xe_2011_sp1.7.256/compiler/lib/intel64] ==> [/usr/local/intel/composer_xe_2011_sp1.7.256/compiler/lib/intel64]
  collapse dir [/usr/local/intel/composer_xe_2011_sp1.7.256/mkl/lib/intel64] ==> [/usr/local/intel/composer_xe_2011_sp1.7.256/mkl/lib/intel64]
  collapse dir [/usr/local/intel/composer_xe_2011_sp1.7.256/compiler/lib/intel64] ==> [/usr/local/intel/composer_xe_2011_sp1.7.256/compiler/lib/intel64]
  collapse dir [/usr/local/intel/composer_xe_2011_sp1.7.256/ipp/../compiler/lib/intel64] ==> [/usr/local/intel/composer_xe_2011_sp1.7.256/compiler/lib/intel64]
  collapse dir [/usr/local/intel/composer_xe_2011_sp1.7.256/ipp/lib/intel64] ==> [/usr/local/intel/composer_xe_2011_sp1.7.256/ipp/lib/intel64]
  collapse dir [/usr/local/intel/composer_xe_2011_sp1.7.256/compiler/lib/intel64] ==> [/usr/local/intel/composer_xe_2011_sp1.7.256/compiler/lib/intel64]
  collapse dir [/usr/local/intel/composer_xe_2011_sp1.7.256/mkl/lib/intel64] ==> [/usr/local/intel/composer_xe_2011_sp1.7.256/mkl/lib/intel64]
  collapse dir [/usr/local/intel/composer_xe_2011_sp1.7.256/tbb/lib/intel64//cc4.1.0_libc2.4_kernel2.6.16.21] ==> [/usr/local/intel/composer_xe_2011_sp1.7.256/tbb/lib/intel64/cc4.1.0_libc2.4_kernel2.6.16.21]
  collapse dir [/usr/local/intel/composer_xe_2011_sp1.7.256/compiler/lib/intel64] ==> [/usr/local/intel/composer_xe_2011_sp1.7.256/compiler/lib/intel64]
  collapse dir [/usr/local/intel/composer_xe_2011_sp1.7.256/ipp/../compiler/lib/intel64] ==> [/usr/local/intel/composer_xe_2011_sp1.7.256/compiler/lib/intel64]
  collapse dir [/usr/local/intel/composer_xe_2011_sp1.7.256/ipp/lib/intel64] ==> [/usr/local/intel/composer_xe_2011_sp1.7.256/ipp/lib/intel64]
  collapse dir [/usr/local/intel/composer_xe_2011_sp1.7.256/compiler/lib/intel64] ==> [/usr/local/intel/composer_xe_2011_sp1.7.256/compiler/lib/intel64]
  collapse dir [/usr/local/intel/composer_xe_2011_sp1.7.256/mkl/lib/intel64] ==> [/usr/local/intel/composer_xe_2011_sp1.7.256/mkl/lib/intel64]
  collapse dir [/usr/local/intel/composer_xe_2011_sp1.7.256/tbb/lib/intel64//cc4.1.0_libc2.4_kernel2.6.16.21] ==> [/usr/local/intel/composer_xe_2011_sp1.7.256/tbb/lib/intel64/cc4.1.0_libc2.4_kernel2.6.16.21]
  collapse dir [/usr/local/intel/composer_xe_2011_sp1.7.256/compiler/lib/intel64] ==> [/usr/local/intel/composer_xe_2011_sp1.7.256/compiler/lib/intel64]
  collapse dir [/usr/local/intel/composer_xe_2011_sp1.7.256/mkl/lib/intel64] ==> [/usr/local/intel/composer_xe_2011_sp1.7.256/mkl/lib/intel64]
  collapse dir [/usr/local/intel/composer_xe_2011_sp1.7.256/compiler/lib/intel64] ==> [/usr/local/intel/composer_xe_2011_sp1.7.256/compiler/lib/intel64]
  collapse dir [/usr/local/intel/composer_xe_2011_sp1.7.256/ipp/../compiler/lib/intel64] ==> [/usr/local/intel/composer_xe_2011_sp1.7.256/compiler/lib/intel64]
  collapse dir [/usr/local/intel/composer_xe_2011_sp1.7.256/ipp/lib/intel64] ==> [/usr/local/intel/composer_xe_2011_sp1.7.256/ipp/lib/intel64]
  collapse dir [/usr/local/intel/composer_xe_2011_sp1.7.256/compiler/lib/intel64] ==> [/usr/local/intel/composer_xe_2011_sp1.7.256/compiler/lib/intel64]
  collapse dir [/usr/local/intel/composer_xe_2011_sp1.7.256/mkl/lib/intel64] ==> [/usr/local/intel/composer_xe_2011_sp1.7.256/mkl/lib/intel64]
  collapse dir [/usr/local/intel/composer_xe_2011_sp1.7.256/tbb/lib/intel64//cc4.1.0_libc2.4_kernel2.6.16.21] ==> [/usr/local/intel/composer_xe_2011_sp1.7.256/tbb/lib/intel64/cc4.1.0_libc2.4_kernel2.6.16.21]
  collapse dir [/usr/local/intel/composer_xe_2011_sp1.7.256/compiler/lib/intel64] ==> [/usr/local/intel/composer_xe_2011_sp1.7.256/compiler/lib/intel64]
  collapse dir [/usr/local/intel/composer_xe_2011_sp1.7.256/ipp/../compiler/lib/intel64] ==> [/usr/local/intel/composer_xe_2011_sp1.7.256/compiler/lib/intel64]
  collapse dir [/usr/local/intel/composer_xe_2011_sp1.7.256/ipp/lib/intel64] ==> [/usr/local/intel/composer_xe_2011_sp1.7.256/ipp/lib/intel64]
  collapse dir [/usr/local/intel/composer_xe_2011_sp1.7.256/compiler/lib/intel64] ==> [/usr/local/intel/composer_xe_2011_sp1.7.256/compiler/lib/intel64]
  collapse dir [/usr/local/intel/composer_xe_2011_sp1.7.256/mkl/lib/intel64] ==> [/usr/local/intel/composer_xe_2011_sp1.7.256/mkl/lib/intel64]
  collapse dir [/usr/local/intel/composer_xe_2011_sp1.7.256/tbb/lib/intel64//cc4.1.0_libc2.4_kernel2.6.16.21] ==> [/usr/local/intel/composer_xe_2011_sp1.7.256/tbb/lib/intel64/cc4.1.0_libc2.4_kernel2.6.16.21]
  collapse dir [/usr/local/cuda-6.0/lib64] ==> [/usr/local/cuda-6.0/lib64]
  collapse dir [/usr/local/cuda-6.0/lib] ==> [/usr/local/cuda-6.0/lib]
  collapse dir [/usr/local/x86_64/gnu/openmpi-1.8.3-dlopen/lib] ==> [/usr/local/x86_64/gnu/openmpi-1.8.3-dlopen/lib]
  collapse dir [/usr/local/x86_64/gnu/mpc-1.0/lib] ==> [/usr/local/x86_64/gnu/mpc-1.0/lib]
  collapse dir [/usr/local/x86_64/gnu/mpfr-3.1.1/lib] ==> [/usr/local/x86_64/gnu/mpfr-3.1.1/lib]
  collapse dir [/usr/local/x86_64/gnu/gmp-5.0.5/lib] ==> [/usr/local/x86_64/gnu/gmp-5.0.5/lib]
  collapse dir [/usr/local/intel-15.3.0/composer_xe_2015.3.187/ipp/lib/intel64] ==> [/usr/local/intel-15.3.0/composer_xe_2015.3.187/ipp/lib/intel64]
  collapse dir [/usr/local/intel-15.3.0/composer_xe_2015.3.187/compiler/lib/intel64] ==> [/usr/local/intel-15.3.0/composer_xe_2015.3.187/compiler/lib/intel64]
  collapse dir [/usr/local/intel-15.3.0/composer_xe_2015.3.187/mkl/lib/intel64] ==> [/usr/local/intel-15.3.0/composer_xe_2015.3.187/mkl/lib/intel64]
  collapse dir [/usr/local/intel-15.3.0/composer_xe_2015.3.187/tbb/lib/intel64/gcc4.4] ==> [/usr/local/intel-15.3.0/composer_xe_2015.3.187/tbb/lib/intel64/gcc4.4]
  collapse dir [/usr/local/x86_64/gnu/cfitsio-3.290/lib] ==> [/usr/local/x86_64/gnu/cfitsio-3.290/lib]
  collapse dir [/usr/local/x86_64/gnu/gcc-4.8.2/lib/gcc/x86_64-unknown-linux-gnu/4.8.2/../../..] ==> [/usr/local/x86_64/gnu/gcc-4.8.2/lib]
  implicit libs: [gfortran;m;quadmath;m;c]
  implicit dirs: [/usr/local/cuda-6.0/lib64;/usr/local/x86_64/gnu/gcc-4.8.2/lib/gcc/x86_64-unknown-linux-gnu/4.8.2;/usr/local/x86_64/gnu/gcc-4.8.2/lib64;/lib64;/usr/lib64;/usr/local/intel/composer_xe_2011_sp1.7.256/compiler/lib/intel64;/usr/local/intel/composer_xe_2011_sp1.7.256/mkl/lib/intel64;/usr/local/intel/composer_xe_2011_sp1.7.256/ipp/lib/intel64;/usr/local/intel/composer_xe_2011_sp1.7.256/tbb/lib/intel64/cc4.1.0_libc2.4_kernel2.6.16.21;/usr/local/cuda-6.0/lib;/usr/local/x86_64/gnu/openmpi-1.8.3-dlopen/lib;/usr/local/x86_64/gnu/mpc-1.0/lib;/usr/local/x86_64/gnu/mpfr-3.1.1/lib;/usr/local/x86_64/gnu/gmp-5.0.5/lib;/usr/local/intel-15.3.0/composer_xe_2015.3.187/ipp/lib/intel64;/usr/local/intel-15.3.0/composer_xe_2015.3.187/compiler/lib/intel64;/usr/local/intel-15.3.0/composer_xe_2015.3.187/mkl/lib/intel64;/usr/local/intel-15.3.0/composer_xe_2015.3.187/tbb/lib/intel64/gcc4.4;/usr/local/x86_64/gnu/cfitsio-3.290/lib;/usr/local/x86_64/gnu/gcc-4.8.2/lib]


Determining if the Fortran compiler supports Fortran 90 passed with the following output:
Change Dir: /home/llentati/PulsarCode/TempoNest/Ellipsis/build/CMakeFiles/CMakeTmp

Run Build Command:/usr/bin/gmake "cmTryCompileExec366079314/fast"
/usr/bin/gmake -f CMakeFiles/cmTryCompileExec366079314.dir/build.make CMakeFiles/cmTryCompileExec366079314.dir/build
gmake[1]: Entering directory `/mnt/home/llentati/PulsarCode/TempoNest/Ellipsis/build/CMakeFiles/CMakeTmp'
/usr/local/x86_64/gnu/cmake-2.8.8/bin/cmake -E cmake_progress_report /home/llentati/PulsarCode/TempoNest/Ellipsis/build/CMakeFiles/CMakeTmp/CMakeFiles 1
Building Fortran object CMakeFiles/cmTryCompileExec366079314.dir/testFortranCompilerF90.f90.o
/usr/local/x86_64/gnu/gcc-4.8.2/bin/gfortran    -c /home/llentati/PulsarCode/TempoNest/Ellipsis/build/CMakeFiles/CMakeTmp/testFortranCompilerF90.f90 -o CMakeFiles/cmTryCompileExec366079314.dir/testFortranCompilerF90.f90.o
Linking Fortran executable cmTryCompileExec366079314
/usr/local/x86_64/gnu/cmake-2.8.8/bin/cmake -E cmake_link_script CMakeFiles/cmTryCompileExec366079314.dir/link.txt --verbose=1
/usr/local/x86_64/gnu/gcc-4.8.2/bin/gfortran         CMakeFiles/cmTryCompileExec366079314.dir/testFortranCompilerF90.f90.o  -o cmTryCompileExec366079314 -rdynamic 
gmake[1]: Leaving directory `/mnt/home/llentati/PulsarCode/TempoNest/Ellipsis/build/CMakeFiles/CMakeTmp'


Determining if the Fortran sgemm exists passed with the following output:
Change Dir: /home/llentati/PulsarCode/TempoNest/Ellipsis/build/CMakeFiles/CMakeTmp

Run Build Command:/usr/bin/gmake "cmTryCompileExec195348605/fast"
/usr/bin/gmake -f CMakeFiles/cmTryCompileExec195348605.dir/build.make CMakeFiles/cmTryCompileExec195348605.dir/build
gmake[1]: Entering directory `/mnt/home/llentati/PulsarCode/TempoNest/Ellipsis/build/CMakeFiles/CMakeTmp'
/usr/local/x86_64/gnu/cmake-2.8.8/bin/cmake -E cmake_progress_report /home/llentati/PulsarCode/TempoNest/Ellipsis/build/CMakeFiles/CMakeTmp/CMakeFiles 1
Building Fortran object CMakeFiles/cmTryCompileExec195348605.dir/testFortranCompiler.f.o
/usr/local/x86_64/gnu/gcc-4.8.2/bin/gfortran   -std=f95 -pedantic -Wall -Wextra  -Wfatal-errors -O3     -c /home/llentati/PulsarCode/TempoNest/Ellipsis/build/CMakeFiles/CMakeTmp/testFortranCompiler.f -o CMakeFiles/cmTryCompileExec195348605.dir/testFortranCompiler.f.o
Linking Fortran executable cmTryCompileExec195348605
/usr/local/x86_64/gnu/cmake-2.8.8/bin/cmake -E cmake_link_script CMakeFiles/cmTryCompileExec195348605.dir/link.txt --verbose=1
/usr/local/x86_64/gnu/gcc-4.8.2/bin/gfortran       -std=f95 -pedantic -Wall -Wextra  -Wfatal-errors -O3   CMakeFiles/cmTryCompileExec195348605.dir/testFortranCompiler.f.o  -o cmTryCompileExec195348605 -rdynamic /usr/lib64/libblas.so 
gmake[1]: Leaving directory `/mnt/home/llentati/PulsarCode/TempoNest/Ellipsis/build/CMakeFiles/CMakeTmp'


Determining if files pthread.h exist passed with the following output:
Change Dir: /home/llentati/PulsarCode/TempoNest/Ellipsis/build/CMakeFiles/CMakeTmp

Run Build Command:/usr/bin/gmake "cmTryCompileExec1454128425/fast"
/usr/bin/gmake -f CMakeFiles/cmTryCompileExec1454128425.dir/build.make CMakeFiles/cmTryCompileExec1454128425.dir/build
gmake[1]: Entering directory `/mnt/home/llentati/PulsarCode/TempoNest/Ellipsis/build/CMakeFiles/CMakeTmp'
/usr/local/x86_64/gnu/cmake-2.8.8/bin/cmake -E cmake_progress_report /home/llentati/PulsarCode/TempoNest/Ellipsis/build/CMakeFiles/CMakeTmp/CMakeFiles 1
Building C object CMakeFiles/cmTryCompileExec1454128425.dir/CheckIncludeFiles.c.o
/usr/local/x86_64/gnu/gcc-4.8.2/bin/gcc   -mtune=native -O2 -ffast-math -pthread  -std=c89 -pedantic -Wall -Wextra -Wfatal-errors -O3     -o CMakeFiles/cmTryCompileExec1454128425.dir/CheckIncludeFiles.c.o   -c /home/llentati/PulsarCode/TempoNest/Ellipsis/build/CMakeFiles/CMakeTmp/CheckIncludeFiles.c
Linking C executable cmTryCompileExec1454128425
/usr/local/x86_64/gnu/cmake-2.8.8/bin/cmake -E cmake_link_script CMakeFiles/cmTryCompileExec1454128425.dir/link.txt --verbose=1
/usr/local/x86_64/gnu/gcc-4.8.2/bin/gcc   -mtune=native -O2 -ffast-math -pthread  -std=c89 -pedantic -Wall -Wextra -Wfatal-errors -O3      CMakeFiles/cmTryCompileExec1454128425.dir/CheckIncludeFiles.c.o  -o cmTryCompileExec1454128425 -rdynamic 
gmake[1]: Leaving directory `/mnt/home/llentati/PulsarCode/TempoNest/Ellipsis/build/CMakeFiles/CMakeTmp'


Determining if the pthread_create exist passed with the following output:
Change Dir: /home/llentati/PulsarCode/TempoNest/Ellipsis/build/CMakeFiles/CMakeTmp

Run Build Command:/usr/bin/gmake "cmTryCompileExec3100295796/fast"
/usr/bin/gmake -f CMakeFiles/cmTryCompileExec3100295796.dir/build.make CMakeFiles/cmTryCompileExec3100295796.dir/build
gmake[1]: Entering directory `/mnt/home/llentati/PulsarCode/TempoNest/Ellipsis/build/CMakeFiles/CMakeTmp'
/usr/local/x86_64/gnu/cmake-2.8.8/bin/cmake -E cmake_progress_report /home/llentati/PulsarCode/TempoNest/Ellipsis/build/CMakeFiles/CMakeTmp/CMakeFiles 1
Building C object CMakeFiles/cmTryCompileExec3100295796.dir/CheckSymbolExists.c.o
/usr/local/x86_64/gnu/gcc-4.8.2/bin/gcc   -mtune=native -O2 -ffast-math -pthread  -std=c89 -pedantic -Wall -Wextra -Wfatal-errors -O3     -o CMakeFiles/cmTryCompileExec3100295796.dir/CheckSymbolExists.c.o   -c /home/llentati/PulsarCode/TempoNest/Ellipsis/build/CMakeFiles/CMakeTmp/CheckSymbolExists.c
/home/llentati/PulsarCode/TempoNest/Ellipsis/build/CMakeFiles/CMakeTmp/CheckSymbolExists.c: In function main:
/home/llentati/PulsarCode/TempoNest/Ellipsis/build/CMakeFiles/CMakeTmp/CheckSymbolExists.c:8:11: warning: ISO C forbids conversion of function pointer to object pointer type [-Wpedantic]
   return ((int*)(&pthread_create))[argc];
           ^
Linking C executable cmTryCompileExec3100295796
/usr/local/x86_64/gnu/cmake-2.8.8/bin/cmake -E cmake_link_script CMakeFiles/cmTryCompileExec3100295796.dir/link.txt --verbose=1
/usr/local/x86_64/gnu/gcc-4.8.2/bin/gcc   -mtune=native -O2 -ffast-math -pthread  -std=c89 -pedantic -Wall -Wextra -Wfatal-errors -O3      CMakeFiles/cmTryCompileExec3100295796.dir/CheckSymbolExists.c.o  -o cmTryCompileExec3100295796 -rdynamic 
gmake[1]: Leaving directory `/mnt/home/llentati/PulsarCode/TempoNest/Ellipsis/build/CMakeFiles/CMakeTmp'

File /home/llentati/PulsarCode/TempoNest/Ellipsis/build/CMakeFiles/CMakeTmp/CheckSymbolExists.c:
/* */
#include <pthread.h>

int main(int argc, char** argv)
{
  (void)argv;
#ifndef pthread_create
  return ((int*)(&pthread_create))[argc];
#else
  (void)argc;
  return 0;
#endif
}

Determining if the Fortran cheev exists passed with the following output:
Change Dir: /home/llentati/PulsarCode/TempoNest/Ellipsis/build/CMakeFiles/CMakeTmp

Run Build Command:/usr/bin/gmake "cmTryCompileExec3580111845/fast"
/usr/bin/gmake -f CMakeFiles/cmTryCompileExec3580111845.dir/build.make CMakeFiles/cmTryCompileExec3580111845.dir/build
gmake[1]: Entering directory `/mnt/home/llentati/PulsarCode/TempoNest/Ellipsis/build/CMakeFiles/CMakeTmp'
/usr/local/x86_64/gnu/cmake-2.8.8/bin/cmake -E cmake_progress_report /home/llentati/PulsarCode/TempoNest/Ellipsis/build/CMakeFiles/CMakeTmp/CMakeFiles 1
Building Fortran object CMakeFiles/cmTryCompileExec3580111845.dir/testFortranCompiler.f.o
/usr/local/x86_64/gnu/gcc-4.8.2/bin/gfortran   -std=f95 -pedantic -Wall -Wextra  -Wfatal-errors -O3     -c /home/llentati/PulsarCode/TempoNest/Ellipsis/build/CMakeFiles/CMakeTmp/testFortranCompiler.f -o CMakeFiles/cmTryCompileExec3580111845.dir/testFortranCompiler.f.o
Linking Fortran executable cmTryCompileExec3580111845
/usr/local/x86_64/gnu/cmake-2.8.8/bin/cmake -E cmake_link_script CMakeFiles/cmTryCompileExec3580111845.dir/link.txt --verbose=1
/usr/local/x86_64/gnu/gcc-4.8.2/bin/gfortran       -std=f95 -pedantic -Wall -Wextra  -Wfatal-errors -O3   CMakeFiles/cmTryCompileExec3580111845.dir/testFortranCompiler.f.o  -o cmTryCompileExec3580111845 -rdynamic /usr/lib64/liblapack.so /usr/lib64/libblas.so 
gmake[1]: Leaving directory `/mnt/home/llentati/PulsarCode/TempoNest/Ellipsis/build/CMakeFiles/CMakeTmp'


