Changed directory to /home/ltl21/PulsarCode/Git/TempoNest/Examples/Example2.

JobID: 1718625
======
Time: Tue Sep  8 10:17:03 BST 2015
Running on master node: tesla115
Current directory: /home/ltl21/PulsarCode/Git/TempoNest/Examples/Example2

Nodes allocated:
================
tesla115 tesla116 tesla117 tesla118

numtasks=8, numnodes=4, mpi_tasks_per_node=2 (OMP_NUM_THREADS=1)

Executing command:
==================
mpirun -ppn 2 -np 8 gpu_run_task.sh /home/ltl21/PulsarCode/T2Runtime/bin/tempo2 -gr temponest -f J0030+0451.par J0030+0451.tim 

ibwarn: [32545] _do_madrpc: recv failed: Interrupted system call
ibwarn: [32545] mad_rpc: _do_madrpc failed; dport (Lid 754)
slurmstepd: classportinfo query: No error
This program comes with ABSOLUTELY NO WARRANTY.
This is free software, and you are welcome to redistribute it
under conditions of GPL license.

Looking for /home/ltl21/PulsarCode/T2Runtime/plugins//temponest_linux-gnu_plug.t2
This program comes with ABSOLUTELY NO WARRANTY.
This is free software, and you are welcome to redistribute it
under conditions of GPL license.

The start date/time is: Tue Sep  8 10:17:04 2015
WARNING [TIM1]: Please place MODE flags in the parameter file 
Global TNEQ 0 
Fitting for 0 group noise terms, and for 0 groups, 0 Times 
WARNING [TROP2]: Assume standard atmospheric pressure (no data) for site axi at MJD 53000.0
WARNING [TROP1]: Assume zero zenith wet delay (no data) for site axi  at MJD 53000.0
WARNING: duplicated warnings have been suppressed.
making freqs 0 1
making freqs 1 2
making freqs 2 3
making freqs 3 4
making freqs 4 5
making freqs 5 6
Num T2 its 2 
[doFit.C:93] Deprecated call to doFit() -> better to use doFitAll()
This program comes with ABSOLUTELY NO WARRANTY.
This is free software, and you are welcome to redistribute it
under conditions of GPL license.

Looking for /home/ltl21/PulsarCode/T2Runtime/plugins//temponest_linux-gnu_plug.t2
This program comes with ABSOLUTELY NO WARRANTY.
This is free software, and you are welcome to redistribute it
under conditions of GPL license.

The start date/time is: Tue Sep  8 10:17:04 2015
WARNING [TIM1]: Please place MODE flags in the parameter file 
Global TNEQ 0 
Fitting for 0 group noise terms, and for 0 groups, 0 Times 
WARNING [TROP2]: Assume standard atmospheric pressure (no data) for site axi at MJD 53000.0
WARNING [TROP1]: Assume zero zenith wet delay (no data) for site axi  at MJD 53000.0
WARNING: duplicated warnings have been suppressed.
making freqs 0 1
making freqs 1 2
making freqs 2 3
making freqs 3 4
making freqs 4 5
making freqs 5 6
Num T2 its 2 
[doFit.C:93] Deprecated call to doFit() -> better to use doFitAll()
This program comes with ABSOLUTELY NO WARRANTY.
This is free software, and you are welcome to redistribute it
under conditions of GPL license.

Looking for /home/ltl21/PulsarCode/T2Runtime/plugins//temponest_linux-gnu_plug.t2
This program comes with ABSOLUTELY NO WARRANTY.
This is free software, and you are welcome to redistribute it
under conditions of GPL license.

The start date/time is: Tue Sep  8 10:17:04 2015
WARNING [TIM1]: Please place MODE flags in the parameter file 
Global TNEQ 0 
Fitting for 0 group noise terms, and for 0 groups, 0 Times 
WARNING [TROP2]: Assume standard atmospheric pressure (no data) for site axi at MJD 53000.0
WARNING [TROP1]: Assume zero zenith wet delay (no data) for site axi  at MJD 53000.0
WARNING: duplicated warnings have been suppressed.
making freqs 0 1
making freqs 1 2
making freqs 2 3
making freqs 3 4
making freqs 4 5
making freqs 5 6
Num T2 its 2 
[doFit.C:93] Deprecated call to doFit() -> better to use doFitAll()
This program comes with ABSOLUTELY NO WARRANTY.
This is free software, and you are welcome to redistribute it
under conditions of GPL license.

Looking for /home/ltl21/PulsarCode/T2Runtime/plugins//temponest_linux-gnu_plug.t2
This program comes with ABSOLUTELY NO WARRANTY.
This is free software, and you are welcome to redistribute it
under conditions of GPL license.

The start date/time is: Tue Sep  8 10:17:04 2015
WARNING [TIM1]: Please place MODE flags in the parameter file 
Global TNEQ 0 
Fitting for 0 group noise terms, and for 0 groups, 0 Times 
WARNING [TROP2]: Assume standard atmospheric pressure (no data) for site axi at MJD 53000.0
WARNING [TROP1]: Assume zero zenith wet delay (no data) for site axi  at MJD 53000.0
WARNING: duplicated warnings have been suppressed.
making freqs 0 1
making freqs 1 2
making freqs 2 3
making freqs 3 4
making freqs 4 5
making freqs 5 6
Num T2 its 2 
[doFit.C:93] Deprecated call to doFit() -> better to use doFitAll()
Complete return


Results for PSR J0030+0451


RMS pre-fit residual = 1.041 (us), RMS post-fit residual = 1.041 (us)
Fit Chisq = 1.408e+04	Chisqr/nfree = 14081.25/122 = 115.42	pre/post = 1.00002
Number of fit parameters: 8
Number of points in fit = 130
** NOTE: All parameter uncertainties multiplied by sqrt(red. chisq)
Offset: -5.85966e-11 3.27435e-07 offset_e*sqrt(n) = 3.73333e-06 n = 130


PARAMETER       Pre-fit                   Post-fit                  Uncertainty   Difference   Fit
---------------------------------------------------------------------------------------------------
RAJ (rad)       0.132894457099784         0.132894457102272         8.9521e-09    2.4885e-12    Y
RAJ (hms)       00:30:27.4299630           00:30:27.4299630         0.0001231     3.4219e-08   
DECJ (rad)      0.0848411933106807        0.0848411933251172        2.0736e-08    1.4437e-11    Y
DECJ (dms)      +04:51:39.75230           +04:51:39.75230           0.0042772     2.9777e-06   
F0 (s^-1)       205.530696088273          205.530696088273          1.798e-12     0             Y
F1 (s^-2)       -4.30603883991342e-16     -4.30603885331753e-16     2.2397e-20    -1.3404e-24   Y
PEPOCH (MJD)    53000                     53000                     0             0             N
POSEPOCH (MJD)  53000                     53000                     0             0             N
DMEPOCH (MJD)   53000                     53000                     0             0             N
PMRA (mas/yr)   -4.05413525836408         -4.05438895368363         0.6453        -0.0002537    Y
PMDEC (mas/yr)  -5.03376865001804         -5.03330593702049         1.5043        0.00046271    Y
PX (mas)        4.02291243326134          4.02290738497255          0.22193       -5.0483e-06   Y
START (MJD)     0                         52999.9990000007          0             53000         N
FINISH (MJD)    0                         54806.0009999921          0             54806         N
TZRMJD          0                         53909.9999999879          0             53910         N
TZRFRQ (MHz)    0                         1440                      0             1440          N
TZRSITE         AXIS                     
TRES            0                         1.04074227502069          0             1.0407        N
EPHVER          TEMPO2                    TEMPO2                    0             0             N
---------------------------------------------------------------------------------------------------
** WARNING: All parameter uncertainties multiplied by sqrt(red. chisq)

Derived parameters:

P0 (s)      = 0.00486545328280556       4.2562e-17   
P1          = 1.01935288857115e-20      5.302e-25    
tau_c (Myr) = 7567.7
bs (G)      = 2.2536e+08

Total proper motion = 6.4631 +/- 1.2395 mas/yr
Total time span = 1806.000 days = 4.945 years

Tempo2 usage
Units:                 TCB (tempo2)
Time ephemeris:        IF99 (tempo2)
Troposphere corr.?     Yes (tempo2)
Dilate freq?           Yes (tempo2)
Electron density (1AU) 4
Solar system ephem     DE414
Time scale             TT(TAI)
Binary model           NONE
**** UNITS was not set in the parameter file: using TCB (tempo2) **** 
[doFit.C:93] Deprecated call to doFit() -> better to use doFitAll()
Complete return


Results for PSR J0030+0451


RMS pre-fit residual = 1.041 (us), RMS post-fit residual = 1.041 (us)
Fit Chisq = 1.408e+04	Chisqr/nfree = 14081.25/122 = 115.42	pre/post = 1.00002
Number of fit parameters: 8
Number of points in fit = 130
** NOTE: All parameter uncertainties multiplied by sqrt(red. chisq)
Offset: -5.85966e-11 3.27435e-07 offset_e*sqrt(n) = 3.73333e-06 n = 130


PARAMETER       Pre-fit                   Post-fit                  Uncertainty   Difference   Fit
---------------------------------------------------------------------------------------------------
RAJ (rad)       0.132894457099784         0.132894457102272         8.9521e-09    2.4885e-12    Y
RAJ (hms)       00:30:27.4299630           00:30:27.4299630         0.0001231     3.4219e-08   
DECJ (rad)      0.0848411933106807        0.0848411933251172        2.0736e-08    1.4437e-11    Y
DECJ (dms)      +04:51:39.75230           +04:51:39.75230           0.0042772     2.9777e-06   
F0 (s^-1)       205.530696088273          205.530696088273          1.798e-12     0             Y
F1 (s^-2)       -4.30603883991342e-16     -4.30603885331753e-16     2.2397e-20    -1.3404e-24   Y
PEPOCH (MJD)    53000                     53000                     0             0             N
POSEPOCH (MJD)  53000                     53000                     0             0             N
DMEPOCH (MJD)   53000                     53000                     0             0             N
PMRA (mas/yr)   -4.05413525836408         -4.05438895368363         0.6453        -0.0002537    Y
PMDEC (mas/yr)  -5.03376865001804         -5.03330593702049         1.5043        0.00046271    Y
PX (mas)        4.02291243326134          4.02290738497255          0.22193       -5.0483e-06   Y
START (MJD)     0                         52999.9990000007          0             53000         N
FINISH (MJD)    0                         54806.0009999921          0             54806         N
TZRMJD          0                         53909.9999999879          0             53910         N
TZRFRQ (MHz)    0                         1440                      0             1440          N
TZRSITE         AXIS                     
TRES            0                         1.04074227502069          0             1.0407        N
EPHVER          TEMPO2                    TEMPO2                    0             0             N
---------------------------------------------------------------------------------------------------
** WARNING: All parameter uncertainties multiplied by sqrt(red. chisq)

Derived parameters:

P0 (s)      = 0.00486545328280556       4.2562e-17   
P1          = 1.01935288857115e-20      5.302e-25    
tau_c (Myr) = 7567.7
bs (G)      = 2.2536e+08

Total proper motion = 6.4631 +/- 1.2395 mas/yr
Total time span = 1806.000 days = 4.945 years

Tempo2 usage
Units:                 TCB (tempo2)
Time ephemeris:        IF99 (tempo2)
Troposphere corr.?     Yes (tempo2)
Dilate freq?           Yes (tempo2)
Electron density (1AU) 4
Solar system ephem     DE414
Time scale             TT(TAI)
Binary model           NONE
**** UNITS was not set in the parameter file: using TCB (tempo2) **** 
[doFit.C:93] Deprecated call to doFit() -> better to use doFitAll()
Complete return


Results for PSR J0030+0451


RMS pre-fit residual = 1.041 (us), RMS post-fit residual = 1.041 (us)
Fit Chisq = 1.408e+04	Chisqr/nfree = 14081.25/122 = 115.42	pre/post = 1.00002
Number of fit parameters: 8
Number of points in fit = 130
** NOTE: All parameter uncertainties multiplied by sqrt(red. chisq)
Offset: -5.85966e-11 3.27435e-07 offset_e*sqrt(n) = 3.73333e-06 n = 130


PARAMETER       Pre-fit                   Post-fit                  Uncertainty   Difference   Fit
---------------------------------------------------------------------------------------------------
RAJ (rad)       0.132894457099784         0.132894457102272         8.9521e-09    2.4885e-12    Y
RAJ (hms)       00:30:27.4299630           00:30:27.4299630         0.0001231     3.4219e-08   
DECJ (rad)      0.0848411933106807        0.0848411933251172        2.0736e-08    1.4437e-11    Y
DECJ (dms)      +04:51:39.75230           +04:51:39.75230           0.0042772     2.9777e-06   
F0 (s^-1)       205.530696088273          205.530696088273          1.798e-12     0             Y
F1 (s^-2)       -4.30603883991342e-16     -4.30603885331753e-16     2.2397e-20    -1.3404e-24   Y
PEPOCH (MJD)    53000                     53000                     0             0             N
POSEPOCH (MJD)  53000                     53000                     0             0             N
DMEPOCH (MJD)   53000                     53000                     0             0             N
PMRA (mas/yr)   -4.05413525836408         -4.05438895368363         0.6453        -0.0002537    Y
PMDEC (mas/yr)  -5.03376865001804         -5.03330593702049         1.5043        0.00046271    Y
PX (mas)        4.02291243326134          4.02290738497255          0.22193       -5.0483e-06   Y
START (MJD)     0                         52999.9990000007          0             53000         N
FINISH (MJD)    0                         54806.0009999921          0             54806         N
TZRMJD          0                         53909.9999999879          0             53910         N
TZRFRQ (MHz)    0                         1440                      0             1440          N
TZRSITE         AXIS                     
TRES            0                         1.04074227502069          0             1.0407        N
EPHVER          TEMPO2                    TEMPO2                    0             0             N
---------------------------------------------------------------------------------------------------
** WARNING: All parameter uncertainties multiplied by sqrt(red. chisq)

Derived parameters:

P0 (s)      = 0.00486545328280556       4.2562e-17   
P1          = 1.01935288857115e-20      5.302e-25    
tau_c (Myr) = 7567.7
bs (G)      = 2.2536e+08

Total proper motion = 6.4631 +/- 1.2395 mas/yr
Total time span = 1806.000 days = 4.945 years

Tempo2 usage
Units:                 TCB (tempo2)
Time ephemeris:        IF99 (tempo2)
Troposphere corr.?     Yes (tempo2)
Dilate freq?           Yes (tempo2)
Electron density (1AU) 4
Solar system ephem     DE414
Time scale             TT(TAI)
Binary model           NONE
**** UNITS was not set in the parameter file: using TCB (tempo2) **** 
[doFit.C:93] Deprecated call to doFit() -> better to use doFitAll()
Complete return


Results for PSR J0030+0451


RMS pre-fit residual = 1.041 (us), RMS post-fit residual = 1.041 (us)
Fit Chisq = 1.408e+04	Chisqr/nfree = 14081.25/122 = 115.42	pre/post = 1.00002
Number of fit parameters: 8
Number of points in fit = 130
** NOTE: All parameter uncertainties multiplied by sqrt(red. chisq)
Offset: -5.85966e-11 3.27435e-07 offset_e*sqrt(n) = 3.73333e-06 n = 130


PARAMETER       Pre-fit                   Post-fit                  Uncertainty   Difference   Fit
---------------------------------------------------------------------------------------------------
RAJ (rad)       0.132894457099784         0.132894457102272         8.9521e-09    2.4885e-12    Y
RAJ (hms)       00:30:27.4299630           00:30:27.4299630         0.0001231     3.4219e-08   
DECJ (rad)      0.0848411933106807        0.0848411933251172        2.0736e-08    1.4437e-11    Y
DECJ (dms)      +04:51:39.75230           +04:51:39.75230           0.0042772     2.9777e-06   
F0 (s^-1)       205.530696088273          205.530696088273          1.798e-12     0             Y
F1 (s^-2)       -4.30603883991342e-16     -4.30603885331753e-16     2.2397e-20    -1.3404e-24   Y
PEPOCH (MJD)    53000                     53000                     0             0             N
POSEPOCH (MJD)  53000                     53000                     0             0             N
DMEPOCH (MJD)   53000                     53000                     0             0             N
PMRA (mas/yr)   -4.05413525836408         -4.05438895368363         0.6453        -0.0002537    Y
PMDEC (mas/yr)  -5.03376865001804         -5.03330593702049         1.5043        0.00046271    Y
PX (mas)        4.02291243326134          4.02290738497255          0.22193       -5.0483e-06   Y
START (MJD)     0                         52999.9990000007          0             53000         N
FINISH (MJD)    0                         54806.0009999921          0             54806         N
TZRMJD          0                         53909.9999999879          0             53910         N
TZRFRQ (MHz)    0                         1440                      0             1440          N
TZRSITE         AXIS                     
TRES            0                         1.04074227502069          0             1.0407        N
EPHVER          TEMPO2                    TEMPO2                    0             0             N
---------------------------------------------------------------------------------------------------
** WARNING: All parameter uncertainties multiplied by sqrt(red. chisq)

Derived parameters:

P0 (s)      = 0.00486545328280556       4.2562e-17   
P1          = 1.01935288857115e-20      5.302e-25    
tau_c (Myr) = 7567.7
bs (G)      = 2.2536e+08

Total proper motion = 6.4631 +/- 1.2395 mas/yr
Total time span = 1806.000 days = 4.945 years

Tempo2 usage
Units:                 TCB (tempo2)
Time ephemeris:        IF99 (tempo2)
Troposphere corr.?     Yes (tempo2)
Dilate freq?           Yes (tempo2)
Electron density (1AU) 4
Solar system ephem     DE414
Time scale             TT(TAI)
Binary model           NONE
**** UNITS was not set in the parameter file: using TCB (tempo2) **** 
[doFit.C:93] Deprecated call to doFit() -> better to use doFitAll()
Complete return


Results for PSR J0030+0451


RMS pre-fit residual = 1.041 (us), RMS post-fit residual = 1.041 (us)
Fit Chisq = 1.408e+04	Chisqr/nfree = 14080.88/122 = 115.417	pre/post = 0.999985
Number of fit parameters: 8
Number of points in fit = 130
** NOTE: All parameter uncertainties multiplied by sqrt(red. chisq)
Offset: 3.07212e-11 3.2743e-07 offset_e*sqrt(n) = 3.73328e-06 n = 130


PARAMETER       Pre-fit                   Post-fit                  Uncertainty   Difference   Fit
---------------------------------------------------------------------------------------------------
RAJ (rad)       0.132894457102272         0.132894457103691         8.952e-09     1.4186e-12    Y
RAJ (hms)        00:30:27.4299630          00:30:27.4299631         0.0001231     1.9507e-08   
DECJ (rad)      0.0848411933251172        0.0848411933216011        2.0736e-08    -3.5161e-12   Y
DECJ (dms)      +04:51:39.75230           +04:51:39.75230           0.0042771     -7.2526e-07  
F0 (s^-1)       205.530696088273          205.530696088273          1.7979e-12    0             Y
F1 (s^-2)       -4.30603885331753e-16     -4.30603887691095e-16     2.2397e-20    -2.3593e-24   Y
PEPOCH (MJD)    53000                     53000                     0             0             N
POSEPOCH (MJD)  53000                     53000                     0             0             N
DMEPOCH (MJD)   53000                     53000                     0             0             N
PMRA (mas/yr)   -4.05438895368363         -4.05445936505675         0.64529       -7.0411e-05   Y
PMDEC (mas/yr)  -5.03330593702049         -5.0331228685027          1.5043        0.00018307    Y
PX (mas)        4.02290738497255          4.0229053610752           0.22192       -2.0239e-06   Y
START (MJD)     52999.9990000007          52999.9990000007          0             0             N
FINISH (MJD)    54806.0009999921          54806.0009999921          0             0             N
TZRMJD          53909.9999999879          53909.9999999879          0             0             N
TZRFRQ (MHz)    1440                      1440                      0             0             N
TZRSITE         AXIS                     
TRES            1.04074227502069          1.04075798232122          0             1.5707e-05    N
EPHVER          TEMPO2                    TEMPO2                    0             0             N
---------------------------------------------------------------------------------------------------
** WARNING: All parameter uncertainties multiplied by sqrt(red. chisq)

Derived parameters:

P0 (s)      = 0.00486545328280556       4.2562e-17   
P1          = 1.01935289415634e-20      5.3019e-25   
tau_c (Myr) = 7567.7
bs (G)      = 2.2536e+08

Total proper motion = 6.463 +/- 1.2395 mas/yr
Total time span = 1806.000 days = 4.945 years

Tempo2 usage
Units:                 TCB (tempo2)
Time ephemeris:        IF99 (tempo2)
Troposphere corr.?     Yes (tempo2)
Dilate freq?           Yes (tempo2)
Electron density (1AU) 4
Solar system ephem     DE414
Time scale             TT(TAI)
Binary model           NONE
**** UNITS was not set in the parameter file: using TCB (tempo2) **** 
Graphical Interface: TempoNest
Author:              L. Lentati
Version:             1.0
----------------------------------------------------------------
This program comes with ABSOLUTELY NO WARRANTY.
This is free software, and you are welcome to redistribute it
under conditions of GPL license.

----------------------------------------------------------------




*****************************************************
Starting TempoNest
*****************************************************



Details of the fit:
file root set to results/PL-7C-M-DD-3-J0030+0451- 
Including Red Noise: Power Law Model to 6 Coefficients 
fitting for: Arbitrary Phase 
fitting for: RAJ 
fitting for: DECJ 
fitting for: F0 
fitting for: F1 
fitting for: PMRA 
fitting for: PMDEC 
fitting for: PX 
Found 0 jumps to fit 
total Timing Model params to fit:  8 
marginalising over timing param: 0 
marginalising over timing param: 1 
margiComplete return


Results for PSR J0030+0451


RMS pre-fit residual = 1.041 (us), RMS post-fit residual = 1.041 (us)
Fit Chisq = 1.408e+04	Chisqr/nfree = 14080.88/122 = 115.417	pre/post = 0.999985
Number of fit parameters: 8
Number of points in fit = 130
** NOTE: All parameter uncertainties multiplied by sqrt(red. chisq)
Offset: 3.07212e-11 3.2743e-07 offset_e*sqrt(n) = 3.73328e-06 n = 130


PARAMETER       Pre-fit                   Post-fit                  Uncertainty   Difference   Fit
---------------------------------------------------------------------------------------------------
RAJ (rad)       0.132894457102272         0.132894457103691         8.952e-09     1.4186e-12    Y
RAJ (hms)        00:30:27.4299630          00:30:27.4299631         0.0001231     1.9507e-08   
DECJ (rad)      0.0848411933251172        0.0848411933216011        2.0736e-08    -3.5161e-12   Y
DECJ (dms)      +04:51:39.75230           +04:51:39.75230           0.0042771     -7.2526e-07  
F0 (s^-1)       205.530696088273          205.530696088273          1.7979e-12    0             Y
F1 (s^-2)       -4.30603885331753e-16     -4.30603887691095e-16     2.2397e-20    -2.3593e-24   Y
PEPOCH (MJD)    53000                     53000                     0             0             N
POSEPOCH (MJD)  53000                     53000                     0             0             N
DMEPOCH (MJD)   53000                     53000                     0             0             N
PMRA (mas/yr)   -4.05438895368363         -4.05445936505675         0.64529       -7.0411e-05   Y
PMDEC (mas/yr)  -5.03330593702049         -5.0331228685027          1.5043        0.00018307    Y
PX (mas)        4.02290738497255          4.0229053610752           0.22192       -2.0239e-06   Y
START (MJD)     52999.9990000007          52999.9990000007          0             0             N
FINISH (MJD)    54806.0009999921          54806.0009999921          0             0             N
TZRMJD          53909.9999999879          53909.9999999879          0             0             N
TZRFRQ (MHz)    1440                      1440                      0             0             N
TZRSITE         AXIS                     
TRES            1.04074227502069          1.04075798232122          0             1.5707e-05    N
EPHVER          TEMPO2                    TEMPO2                    0             0             N
---------------------------------------------------------------------------------------------------
** WARNING: All parameter uncertainties multiplied by sqrt(red. chisq)

Derived parameters:

P0 (s)      = 0.00486545328280556       4.2562e-17   
P1          = 1.01935289415634e-20      5.3019e-25   
tau_c (Myr) = 7567.7
bs (G)      = 2.2536e+08

Total proper motion = 6.463 +/- 1.2395 mas/yr
Total time span = 1806.000 days = 4.945 years

Tempo2 usage
Units:                 TCB (tempo2)
Time ephemeris:        IF99 (tempo2)
Troposphere corr.?     Yes (tempo2)
Dilate freq?           Yes (tempo2)
Electron density (1AU) 4
Solar system ephem     DE414
Time scale             TT(TAI)
Binary model           NONE
**** UNITS was not set in the parameter file: using TCB (tempo2) **** 
Graphical Interface: TempoNest
Author:              L. Lentati
Version:             1.0
----------------------------------------------------------------
This program comes with ABSOLUTELY NO WARRANTY.
This is free software, and you are welcome to redistribute it
under conditions of GPL license.

----------------------------------------------------------------




*****************************************************
Starting TempoNest
*****************************************************



Details of the fit:
file root set to results/PL-7C-M-DD-3-J0030+0451- 
Including Red Noise: Power Law Model to 6 Coefficients 
fitting for: Arbitrary Phase 
fitting for: RAJ 
fitting for: DECJ 
fitting for: F0 
fitting for: F1 
fitting for: PMRA 
fitting for: PMDEC 
fitting for: PX 
Found 0 jumps to fit 
total Timing Model params to fit:  8 
marginalising over timing param: 0 
marginalising over timing param: 1 
margiComplete return


Results for PSR J0030+0451


RMS pre-fit residual = 1.041 (us), RMS post-fit residual = 1.041 (us)
Fit Chisq = 1.408e+04	Chisqr/nfree = 14080.88/122 = 115.417	pre/post = 0.999985
Number of fit parameters: 8
Number of points in fit = 130
** NOTE: All parameter uncertainties multiplied by sqrt(red. chisq)
Offset: 3.07212e-11 3.2743e-07 offset_e*sqrt(n) = 3.73328e-06 n = 130


PARAMETER       Pre-fit                   Post-fit                  Uncertainty   Difference   Fit
---------------------------------------------------------------------------------------------------
RAJ (rad)       0.132894457102272         0.132894457103691         8.952e-09     1.4186e-12    Y
RAJ (hms)        00:30:27.4299630          00:30:27.4299631         0.0001231     1.9507e-08   
DECJ (rad)      0.0848411933251172        0.0848411933216011        2.0736e-08    -3.5161e-12   Y
DECJ (dms)      +04:51:39.75230           +04:51:39.75230           0.0042771     -7.2526e-07  
F0 (s^-1)       205.530696088273          205.530696088273          1.7979e-12    0             Y
F1 (s^-2)       -4.30603885331753e-16     -4.30603887691095e-16     2.2397e-20    -2.3593e-24   Y
PEPOCH (MJD)    53000                     53000                     0             0             N
POSEPOCH (MJD)  53000                     53000                     0             0             N
DMEPOCH (MJD)   53000                     53000                     0             0             N
PMRA (mas/yr)   -4.05438895368363         -4.05445936505675         0.64529       -7.0411e-05   Y
PMDEC (mas/yr)  -5.03330593702049         -5.0331228685027          1.5043        0.00018307    Y
PX (mas)        4.02290738497255          4.0229053610752           0.22192       -2.0239e-06   Y
START (MJD)     52999.9990000007          52999.9990000007          0             0             N
FINISH (MJD)    54806.0009999921          54806.0009999921          0             0             N
TZRMJD          53909.9999999879          53909.9999999879          0             0             N
TZRFRQ (MHz)    1440                      1440                      0             0             N
TZRSITE         AXIS                     
TRES            1.04074227502069          1.04075798232122          0             1.5707e-05    N
EPHVER          TEMPO2                    TEMPO2                    0             0             N
---------------------------------------------------------------------------------------------------
** WARNING: All parameter uncertainties multiplied by sqrt(red. chisq)

Derived parameters:

P0 (s)      = 0.00486545328280556       4.2562e-17   
P1          = 1.01935289415634e-20      5.3019e-25   
tau_c (Myr) = 7567.7
bs (G)      = 2.2536e+08

Total proper motion = 6.463 +/- 1.2395 mas/yr
Total time span = 1806.000 days = 4.945 years

Tempo2 usage
Units:                 TCB (tempo2)
Time ephemeris:        IF99 (tempo2)
Troposphere corr.?     Yes (tempo2)
Dilate freq?           Yes (tempo2)
Electron density (1AU) 4
Solar system ephem     DE414
Time scale             TT(TAI)
Binary model           NONE
**** UNITS was not set in the parameter file: using TCB (tempo2) **** 
Graphical Interface: TempoNest
Author:              L. Lentati
Version:             1.0
----------------------------------------------------------------
This program comes with ABSOLUTELY NO WARRANTY.
This is free software, and you are welcome to redistribute it
under conditions of GPL license.

----------------------------------------------------------------




*****************************************************
Starting TempoNest
*****************************************************



Details of the fit:
file root set to results/PL-7C-M-DD-3-J0030+0451- 
Including Red Noise: Power Law Model to 6 Coefficients 
fitting for: Arbitrary Phase 
fitting for: RAJ 
fitting for: DECJ 
fitting for: F0 
fitting for: F1 
fitting for: PMRA 
fitting for: PMDEC 
fitting for: PX 
Found 0 jumps to fit 
total Timing Model params to fit:  8 
marginalising over timing param: 0 
marginalising over timing param: 1 
margiComplete return


Results for PSR J0030+0451


RMS pre-fit residual = 1.041 (us), RMS post-fit residual = 1.041 (us)
Fit Chisq = 1.408e+04	Chisqr/nfree = 14080.88/122 = 115.417	pre/post = 0.999985
Number of fit parameters: 8
Number of points in fit = 130
** NOTE: All parameter uncertainties multiplied by sqrt(red. chisq)
Offset: 3.07212e-11 3.2743e-07 offset_e*sqrt(n) = 3.73328e-06 n = 130


PARAMETER       Pre-fit                   Post-fit                  Uncertainty   Difference   Fit
---------------------------------------------------------------------------------------------------
RAJ (rad)       0.132894457102272         0.132894457103691         8.952e-09     1.4186e-12    Y
RAJ (hms)        00:30:27.4299630          00:30:27.4299631         0.0001231     1.9507e-08   
DECJ (rad)      0.0848411933251172        0.0848411933216011        2.0736e-08    -3.5161e-12   Y
DECJ (dms)      +04:51:39.75230           +04:51:39.75230           0.0042771     -7.2526e-07  
F0 (s^-1)       205.530696088273          205.530696088273          1.7979e-12    0             Y
F1 (s^-2)       -4.30603885331753e-16     -4.30603887691095e-16     2.2397e-20    -2.3593e-24   Y
PEPOCH (MJD)    53000                     53000                     0             0             N
POSEPOCH (MJD)  53000                     53000                     0             0             N
DMEPOCH (MJD)   53000                     53000                     0             0             N
PMRA (mas/yr)   -4.05438895368363         -4.05445936505675         0.64529       -7.0411e-05   Y
PMDEC (mas/yr)  -5.03330593702049         -5.0331228685027          1.5043        0.00018307    Y
PX (mas)        4.02290738497255          4.0229053610752           0.22192       -2.0239e-06   Y
START (MJD)     52999.9990000007          52999.9990000007          0             0             N
FINISH (MJD)    54806.0009999921          54806.0009999921          0             0             N
TZRMJD          53909.9999999879          53909.9999999879          0             0             N
TZRFRQ (MHz)    1440                      1440                      0             0             N
TZRSITE         AXIS                     
TRES            1.04074227502069          1.04075798232122          0             1.5707e-05    N
EPHVER          TEMPO2                    TEMPO2                    0             0             N
---------------------------------------------------------------------------------------------------
** WARNING: All parameter uncertainties multiplied by sqrt(red. chisq)

Derived parameters:

P0 (s)      = 0.00486545328280556       4.2562e-17   
P1          = 1.01935289415634e-20      5.3019e-25   
tau_c (Myr) = 7567.7
bs (G)      = 2.2536e+08

Total proper motion = 6.463 +/- 1.2395 mas/yr
Total time span = 1806.000 days = 4.945 years

Tempo2 usage
Units:                 TCB (tempo2)
Time ephemeris:        IF99 (tempo2)
Troposphere corr.?     Yes (tempo2)
Dilate freq?           Yes (tempo2)
Electron density (1AU) 4
Solar system ephem     DE414
Time scale             TT(TAI)
Binary model           NONE
**** UNITS was not set in the parameter file: using TCB (tempo2) **** 
Graphical Interface: TempoNest
Author:              L. Lentati
Version:             1.0
----------------------------------------------------------------
This program comes with ABSOLUTELY NO WARRANTY.
This is free software, and you are welcome to redistribute it
under conditions of GPL license.

----------------------------------------------------------------




*****************************************************
Starting TempoNest
*****************************************************



Details of the fit:
file root set to results/PL-7C-M-DD-3-J0030+0451- 
Including Red Noise: Power Law Model to 6 Coefficients 
fitting for: Arbitrary Phase 
fitting for: RAJ 
fitting for: DECJ 
fitting for: F0 
fitting for: F1 
fitting for: PMRA 
fitting for: PMDEC 
fitting for: PX 
Found 0 jumps to fit 
total Timing Model params to fit:  8 
marginalising over timing param: 0 
marginalising over timing param: 1 
marginalising over timing param: 2 
marginalising over timing param: 3 
marginalising over timing param: 4 
marginalising over timing param: 5 
marginalising over timing param: 6 
marginalising over timing param: 7 

Priors:
Prior on Red Noise Log Amplitude : -20 -> -8
Prior on Red Noise Slope : 0 -> 7


Marginalising over all Timing model parameters, pre-computing Matrices
nalising over timing param: 2 
marginalising over timing param: 3 
marginalising over timing param: 4 
marginalising over timing param: 5 
marginalising over timing param: 6 
marginalising over timing param: 7 

Priors:
Prior on Red Noise Log Amplitude : -20 -> -8
Prior on Red Noise Slope : 0 -> 7


Marginalising over all Timing model parameters, pre-computing Matrices
nalising over timing param: 2 
marginalising over timing param: 3 
marginalising over timing param: 4 
marginalising over timing param: 5 
marginalising over timing param: 6 
marginalising over timing param: 7 

Priors:
Prior on Red Noise Log Amplitude : -20 -> -8
Prior on Red Noise Slope : 0 -> 7


Marginalising over all Timing model parameters, pre-computing Matrices
nalising over timing param: 2 
marginalising over timing param: 3 
marginalising over timing param: 4 
marginalising over timing param: 5 
marginalising over timing param: 6 
marginalising over timing param: 7 

Priors:
Prior on Red Noise Log Amplitude : -20 -> -8
Prior on Red Noise Slope : 0 -> 7


Marginalising over all Timing model parameters, pre-computing Matrices
This program comes with ABSOLUTELY NO WARRANTY.
This is free software, and you are welcome to redistribute it
under conditions of GPL license.

Looking for /home/ltl21/PulsarCode/T2Runtime/plugins//temponest_linux-gnu_plug.t2
This program comes with ABSOLUTELY NO WARRANTY.
This is free software, and you are welcome to redistribute it
under conditions of GPL license.

The start date/time is: Tue Sep  8 10:17:04 2015
WARNING [TIM1]: Please place MODE flags in the parameter file 
Global TNEQ 0 
Fitting for 0 group noise terms, and for 0 groups, 0 Times 
WARNING [TROP2]: Assume standard atmospheric pressure (no data) for site axi at MJD 53000.0
WARNING [TROP1]: Assume zero zenith wet delay (no data) for site axi  at MJD 53000.0
WARNING: duplicated warnings have been suppressed.
making freqs 0 1
making freqs 1 2
making freqs 2 3
making freqs 3 4
making freqs 4 5
making freqs 5 6
Num T2 its 2 
[doFit.C:93] Deprecated call to doFit() -> better to use doFitAll()
This program comes with ABSOLUTELY NO WARRANTY.
This is free software, and you are welcome to redistribute it
under conditions of GPL license.

Looking for /home/ltl21/PulsarCode/T2Runtime/plugins//temponest_linux-gnu_plug.t2
This program comes with ABSOLUTELY NO WARRANTY.
This is free software, and you are welcome to redistribute it
under conditions of GPL license.

The start date/time is: Tue Sep  8 10:17:04 2015
WARNING [TIM1]: Please place MODE flags in the parameter file 
Global TNEQ 0 
Fitting for 0 group noise terms, and for 0 groups, 0 Times 
WARNING [TROP2]: Assume standard atmospheric pressure (no data) for site axi at MJD 53000.0
WARNING [TROP1]: Assume zero zenith wet delay (no data) for site axi  at MJD 53000.0
WARNING: duplicated warnings have been suppressed.
making freqs 0 1
making freqs 1 2
making freqs 2 3
making freqs 3 4
making freqs 4 5
making freqs 5 6
Num T2 its 2 
[doFit.C:93] Deprecated call to doFit() -> better to use doFitAll()
This program comes with ABSOLUTELY NO WARRANTY.
This is free software, and you are welcome to redistribute it
under conditions of GPL license.

Looking for /home/ltl21/PulsarCode/T2Runtime/plugins//temponest_linux-gnu_plug.t2
This program comes with ABSOLUTELY NO WARRANTY.
This is free software, and you are welcome to redistribute it
under conditions of GPL license.

The start date/time is: Tue Sep  8 10:17:04 2015
WARNING [TIM1]: Please place MODE flags in the parameter file 
Global TNEQ 0 
Fitting for 0 group noise terms, and for 0 groups, 0 Times 
WARNING [TROP2]: Assume standard atmospheric pressure (no data) for site axi at MJD 53000.0
WARNING [TROP1]: Assume zero zenith wet delay (no data) for site axi  at MJD 53000.0
WARNING: duplicated warnings have been suppressed.
making freqs 0 1
making freqs 1 2
making freqs 2 3
making freqs 3 4
making freqs 4 5
making freqs 5 6
Num T2 its 2 
[doFit.C:93] Deprecated call to doFit() -> better to use doFitAll()
This program comes with ABSOLUTELY NO WARRANTY.
This is free software, and you are welcome to redistribute it
under conditions of GPL license.

Looking for /home/ltl21/PulsarCode/T2Runtime/plugins//temponest_linux-gnu_plug.t2
This program comes with ABSOLUTELY NO WARRANTY.
This is free software, and you are welcome to redistribute it
under conditions of GPL license.

The start date/time is: Tue Sep  8 10:17:04 2015
WARNING [TIM1]: Please place MODE flags in the parameter file 
Global TNEQ 0 
Fitting for 0 group noise terms, and for 0 groups, 0 Times 
WARNING [TROP2]: Assume standard atmospheric pressure (no data) for site axi at MJD 53000.0
WARNING [TROP1]: Assume zero zenith wet delay (no data) for site axi  at MJD 53000.0
WARNING: duplicated warnings have been suppressed.
making freqs 0 1
making freqs 1 2
making freqs 2 3
making freqs 3 4
making freqs 4 5
making freqs 5 6
Num T2 its 2 
[doFit.C:93] Deprecated call to doFit() -> better to use doFitAll()
Complete return


Results for PSR J0030+0451


RMS pre-fit residual = 1.041 (us), RMS post-fit residual = 1.041 (us)
Fit Chisq = 1.408e+04	Chisqr/nfree = 14081.25/122 = 115.42	pre/post = 1.00002
Number of fit parameters: 8
Number of points in fit = 130
** NOTE: All parameter uncertainties multiplied by sqrt(red. chisq)
Offset: -5.85966e-11 3.27435e-07 offset_e*sqrt(n) = 3.73333e-06 n = 130


PARAMETER       Pre-fit                   Post-fit                  Uncertainty   Difference   Fit
---------------------------------------------------------------------------------------------------
RAJ (rad)       0.132894457099784         0.132894457102272         8.9521e-09    2.4885e-12    Y
RAJ (hms)       00:30:27.4299630           00:30:27.4299630         0.0001231     3.4219e-08   
DECJ (rad)      0.0848411933106807        0.0848411933251172        2.0736e-08    1.4437e-11    Y
DECJ (dms)      +04:51:39.75230           +04:51:39.75230           0.0042772     2.9777e-06   
F0 (s^-1)       205.530696088273          205.530696088273          1.798e-12     0             Y
F1 (s^-2)       -4.30603883991342e-16     -4.30603885331753e-16     2.2397e-20    -1.3404e-24   Y
PEPOCH (MJD)    53000                     53000                     0             0             N
POSEPOCH (MJD)  53000                     53000                     0             0             N
DMEPOCH (MJD)   53000                     53000                     0             0             N
PMRA (mas/yr)   -4.05413525836408         -4.05438895368363         0.6453        -0.0002537    Y
PMDEC (mas/yr)  -5.03376865001804         -5.03330593702049         1.5043        0.00046271    Y
PX (mas)        4.02291243326134          4.02290738497255          0.22193       -5.0483e-06   Y
START (MJD)     0                         52999.9990000007          0             53000         N
FINISH (MJD)    0                         54806.0009999921          0             54806         N
TZRMJD          0                         53909.9999999879          0             53910         N
TZRFRQ (MHz)    0                         1440                      0             1440          N
TZRSITE         AXIS                     
TRES            0                         1.04074227502069          0             1.0407        N
EPHVER          TEMPO2                    TEMPO2                    0             0             N
---------------------------------------------------------------------------------------------------
** WARNING: All parameter uncertainties multiplied by sqrt(red. chisq)

Derived parameters:

P0 (s)      = 0.00486545328280556       4.2562e-17   
P1          = 1.01935288857115e-20      5.302e-25    
tau_c (Myr) = 7567.7
bs (G)      = 2.2536e+08

Total proper motion = 6.4631 +/- 1.2395 mas/yr
Total time span = 1806.000 days = 4.945 years

Tempo2 usage
Units:                 TCB (tempo2)
Time ephemeris:        IF99 (tempo2)
Troposphere corr.?     Yes (tempo2)
Dilate freq?           Yes (tempo2)
Electron density (1AU) 4
Solar system ephem     DE414
Time scale             TT(TAI)
Binary model           NONE
**** UNITS was not set in the parameter file: using TCB (tempo2) **** 
[doFit.C:93] Deprecated call to doFit() -> better to use doFitAll()
Complete return


Results for PSR J0030+0451


RMS pre-fit residual = 1.041 (us), RMS post-fit residual = 1.041 (us)
Fit Chisq = 1.408e+04	Chisqr/nfree = 14081.25/122 = 115.42	pre/post = 1.00002
Number of fit parameters: 8
Number of points in fit = 130
** NOTE: All parameter uncertainties multiplied by sqrt(red. chisq)
Offset: -5.85966e-11 3.27435e-07 offset_e*sqrt(n) = 3.73333e-06 n = 130


PARAMETER       Pre-fit                   Post-fit                  Uncertainty   Difference   Fit
---------------------------------------------------------------------------------------------------
RAJ (rad)       0.132894457099784         0.132894457102272         8.9521e-09    2.4885e-12    Y
RAJ (hms)       00:30:27.4299630           00:30:27.4299630         0.0001231     3.4219e-08   
DECJ (rad)      0.0848411933106807        0.0848411933251172        2.0736e-08    1.4437e-11    Y
DECJ (dms)      +04:51:39.75230           +04:51:39.75230           0.0042772     2.9777e-06   
F0 (s^-1)       205.530696088273          205.530696088273          1.798e-12     0             Y
F1 (s^-2)       -4.30603883991342e-16     -4.30603885331753e-16     2.2397e-20    -1.3404e-24   Y
PEPOCH (MJD)    53000                     53000                     0             0             N
POSEPOCH (MJD)  53000                     53000                     0             0             N
DMEPOCH (MJD)   53000                     53000                     0             0             N
PMRA (mas/yr)   -4.05413525836408         -4.05438895368363         0.6453        -0.0002537    Y
PMDEC (mas/yr)  -5.03376865001804         -5.03330593702049         1.5043        0.00046271    Y
PX (mas)        4.02291243326134          4.02290738497255          0.22193       -5.0483e-06   Y
START (MJD)     0                         52999.9990000007          0             53000         N
FINISH (MJD)    0                         54806.0009999921          0             54806         N
TZRMJD          0                         53909.9999999879          0             53910         N
TZRFRQ (MHz)    0                         1440                      0             1440          N
TZRSITE         AXIS                     
TRES            0                         1.04074227502069          0             1.0407        N
EPHVER          TEMPO2                    TEMPO2                    0             0             N
---------------------------------------------------------------------------------------------------
** WARNING: All parameter uncertainties multiplied by sqrt(red. chisq)

Derived parameters:

P0 (s)      = 0.00486545328280556       4.2562e-17   
P1          = 1.01935288857115e-20      5.302e-25    
tau_c (Myr) = 7567.7
bs (G)      = 2.2536e+08

Total proper motion = 6.4631 +/- 1.2395 mas/yr
Total time span = 1806.000 days = 4.945 years

Tempo2 usage
Units:                 TCB (tempo2)
Time ephemeris:        IF99 (tempo2)
Troposphere corr.?     Yes (tempo2)
Dilate freq?           Yes (tempo2)
Electron density (1AU) 4
Solar system ephem     DE414
Time scale             TT(TAI)
Binary model           NONE
**** UNITS was not set in the parameter file: using TCB (tempo2) **** 
[doFit.C:93] Deprecated call to doFit() -> better to use doFitAll()
Complete return


Results for PSR J0030+0451


RMS pre-fit residual = 1.041 (us), RMS post-fit residual = 1.041 (us)
Fit Chisq = 1.408e+04	Chisqr/nfree = 14081.25/122 = 115.42	pre/post = 1.00002
Number of fit parameters: 8
Number of points in fit = 130
** NOTE: All parameter uncertainties multiplied by sqrt(red. chisq)
Offset: -5.85966e-11 3.27435e-07 offset_e*sqrt(n) = 3.73333e-06 n = 130


PARAMETER       Pre-fit                   Post-fit                  Uncertainty   Difference   Fit
---------------------------------------------------------------------------------------------------
RAJ (rad)       0.132894457099784         0.132894457102272         8.9521e-09    2.4885e-12    Y
RAJ (hms)       00:30:27.4299630           00:30:27.4299630         0.0001231     3.4219e-08   
DECJ (rad)      0.0848411933106807        0.0848411933251172        2.0736e-08    1.4437e-11    Y
DECJ (dms)      +04:51:39.75230           +04:51:39.75230           0.0042772     2.9777e-06   
F0 (s^-1)       205.530696088273          205.530696088273          1.798e-12     0             Y
F1 (s^-2)       -4.30603883991342e-16     -4.30603885331753e-16     2.2397e-20    -1.3404e-24   Y
PEPOCH (MJD)    53000                     53000                     0             0             N
POSEPOCH (MJD)  53000                     53000                     0             0             N
DMEPOCH (MJD)   53000                     53000                     0             0             N
PMRA (mas/yr)   -4.05413525836408         -4.05438895368363         0.6453        -0.0002537    Y
PMDEC (mas/yr)  -5.03376865001804         -5.03330593702049         1.5043        0.00046271    Y
PX (mas)        4.02291243326134          4.02290738497255          0.22193       -5.0483e-06   Y
START (MJD)     0                         52999.9990000007          0             53000         N
FINISH (MJD)    0                         54806.0009999921          0             54806         N
TZRMJD          0                         53909.9999999879          0             53910         N
TZRFRQ (MHz)    0                         1440                      0             1440          N
TZRSITE         AXIS                     
TRES            0                         1.04074227502069          0             1.0407        N
EPHVER          TEMPO2                    TEMPO2                    0             0             N
---------------------------------------------------------------------------------------------------
** WARNING: All parameter uncertainties multiplied by sqrt(red. chisq)

Derived parameters:

P0 (s)      = 0.00486545328280556       4.2562e-17   
P1          = 1.01935288857115e-20      5.302e-25    
tau_c (Myr) = 7567.7
bs (G)      = 2.2536e+08

Total proper motion = 6.4631 +/- 1.2395 mas/yr
Total time span = 1806.000 days = 4.945 years

Tempo2 usage
Units:                 TCB (tempo2)
Time ephemeris:        IF99 (tempo2)
Troposphere corr.?     Yes (tempo2)
Dilate freq?           Yes (tempo2)
Electron density (1AU) 4
Solar system ephem     DE414
Time scale             TT(TAI)
Binary model           NONE
**** UNITS was not set in the parameter file: using TCB (tempo2) **** 
[doFit.C:93] Deprecated call to doFit() -> better to use doFitAll()
Complete return


Results for PSR J0030+0451


RMS pre-fit residual = 1.041 (us), RMS post-fit residual = 1.041 (us)
Fit Chisq = 1.408e+04	Chisqr/nfree = 14081.25/122 = 115.42	pre/post = 1.00002
Number of fit parameters: 8
Number of points in fit = 130
** NOTE: All parameter uncertainties multiplied by sqrt(red. chisq)
Offset: -5.85966e-11 3.27435e-07 offset_e*sqrt(n) = 3.73333e-06 n = 130


PARAMETER       Pre-fit                   Post-fit                  Uncertainty   Difference   Fit
---------------------------------------------------------------------------------------------------
RAJ (rad)       0.132894457099784         0.132894457102272         8.9521e-09    2.4885e-12    Y
RAJ (hms)       00:30:27.4299630           00:30:27.4299630         0.0001231     3.4219e-08   
DECJ (rad)      0.0848411933106807        0.0848411933251172        2.0736e-08    1.4437e-11    Y
DECJ (dms)      +04:51:39.75230           +04:51:39.75230           0.0042772     2.9777e-06   
F0 (s^-1)       205.530696088273          205.530696088273          1.798e-12     0             Y
F1 (s^-2)       -4.30603883991342e-16     -4.30603885331753e-16     2.2397e-20    -1.3404e-24   Y
PEPOCH (MJD)    53000                     53000                     0             0             N
POSEPOCH (MJD)  53000                     53000                     0             0             N
DMEPOCH (MJD)   53000                     53000                     0             0             N
PMRA (mas/yr)   -4.05413525836408         -4.05438895368363         0.6453        -0.0002537    Y
PMDEC (mas/yr)  -5.03376865001804         -5.03330593702049         1.5043        0.00046271    Y
PX (mas)        4.02291243326134          4.02290738497255          0.22193       -5.0483e-06   Y
START (MJD)     0                         52999.9990000007          0             53000         N
FINISH (MJD)    0                         54806.0009999921          0             54806         N
TZRMJD          0                         53909.9999999879          0             53910         N
TZRFRQ (MHz)    0                         1440                      0             1440          N
TZRSITE         AXIS                     
TRES            0                         1.04074227502069          0             1.0407        N
EPHVER          TEMPO2                    TEMPO2                    0             0             N
---------------------------------------------------------------------------------------------------
** WARNING: All parameter uncertainties multiplied by sqrt(red. chisq)

Derived parameters:

P0 (s)      = 0.00486545328280556       4.2562e-17   
P1          = 1.01935288857115e-20      5.302e-25    
tau_c (Myr) = 7567.7
bs (G)      = 2.2536e+08

Total proper motion = 6.4631 +/- 1.2395 mas/yr
Total time span = 1806.000 days = 4.945 years

Tempo2 usage
Units:                 TCB (tempo2)
Time ephemeris:        IF99 (tempo2)
Troposphere corr.?     Yes (tempo2)
Dilate freq?           Yes (tempo2)
Electron density (1AU) 4
Solar system ephem     DE414
Time scale             TT(TAI)
Binary model           NONE
**** UNITS was not set in the parameter file: using TCB (tempo2) **** 
[doFit.C:93] Deprecated call to doFit() -> better to use doFitAll()
Complete return


Results for PSR J0030+0451


RMS pre-fit residual = 1.041 (us), RMS post-fit residual = 1.041 (us)
Fit Chisq = 1.408e+04	Chisqr/nfree = 14080.88/122 = 115.417	pre/post = 0.999985
Number of fit parameters: 8
Number of points in fit = 130
** NOTE: All parameter uncertainties multiplied by sqrt(red. chisq)
Offset: 3.07212e-11 3.2743e-07 offset_e*sqrt(n) = 3.73328e-06 n = 130


PARAMETER       Pre-fit                   Post-fit                  Uncertainty   Difference   Fit
---------------------------------------------------------------------------------------------------
RAJ (rad)       0.132894457102272         0.132894457103691         8.952e-09     1.4186e-12    Y
RAJ (hms)        00:30:27.4299630          00:30:27.4299631         0.0001231     1.9507e-08   
DECJ (rad)      0.0848411933251172        0.0848411933216011        2.0736e-08    -3.5161e-12   Y
DECJ (dms)      +04:51:39.75230           +04:51:39.75230           0.0042771     -7.2526e-07  
F0 (s^-1)       205.530696088273          205.530696088273          1.7979e-12    0             Y
F1 (s^-2)       -4.30603885331753e-16     -4.30603887691095e-16     2.2397e-20    -2.3593e-24   Y
PEPOCH (MJD)    53000                     53000                     0             0             N
POSEPOCH (MJD)  53000                     53000                     0             0             N
DMEPOCH (MJD)   53000                     53000                     0             0             N
PMRA (mas/yr)   -4.05438895368363         -4.05445936505675         0.64529       -7.0411e-05   Y
PMDEC (mas/yr)  -5.03330593702049         -5.0331228685027          1.5043        0.00018307    Y
PX (mas)        4.02290738497255          4.0229053610752           0.22192       -2.0239e-06   Y
START (MJD)     52999.9990000007          52999.9990000007          0             0             N
FINISH (MJD)    54806.0009999921          54806.0009999921          0             0             N
TZRMJD          53909.9999999879          53909.9999999879          0             0             N
TZRFRQ (MHz)    1440                      1440                      0             0             N
TZRSITE         AXIS                     
TRES            1.04074227502069          1.04075798232122          0             1.5707e-05    N
EPHVER          TEMPO2                    TEMPO2                    0             0             N
---------------------------------------------------------------------------------------------------
** WARNING: All parameter uncertainties multiplied by sqrt(red. chisq)

Derived parameters:

P0 (s)      = 0.00486545328280556       4.2562e-17   
P1          = 1.01935289415634e-20      5.3019e-25   
tau_c (Myr) = 7567.7
bs (G)      = 2.2536e+08

Total proper motion = 6.463 +/- 1.2395 mas/yr
Total time span = 1806.000 days = 4.945 years

Tempo2 usage
Units:                 TCB (tempo2)
Time ephemeris:        IF99 (tempo2)
Troposphere corr.?     Yes (tempo2)
Dilate freq?           Yes (tempo2)
Electron density (1AU) 4
Solar system ephem     DE414
Time scale             TT(TAI)
Binary model           NONE
**** UNITS was not set in the parameter file: using TCB (tempo2) **** 
Graphical Interface: TempoNest
Author:              L. Lentati
Version:             1.0
----------------------------------------------------------------
This program comes with ABSOLUTELY NO WARRANTY.
This is free software, and you are welcome to redistribute it
under conditions of GPL license.

----------------------------------------------------------------




*****************************************************
Starting TempoNest
*****************************************************



Details of the fit:
file root set to results/PL-7C-M-DD-3-J0030+0451- 
Including Red Noise: Power Law Model to 6 Coefficients 
fitting for: Arbitrary Phase 
fitting for: RAJ 
fitting for: DECJ 
fitting for: F0 
fitting for: F1 
fitting for: PMRA 
fitting for: PMDEC 
fitting for: PX 
Found 0 jumps to fit 
total Timing Model params to fit:  8 
marginalising over timing param: 0 
marginalising over timing param: 1 
margiComplete return


Results for PSR J0030+0451


RMS pre-fit residual = 1.041 (us), RMS post-fit residual = 1.041 (us)
Fit Chisq = 1.408e+04	Chisqr/nfree = 14080.88/122 = 115.417	pre/post = 0.999985
Number of fit parameters: 8
Number of points in fit = 130
** NOTE: All parameter uncertainties multiplied by sqrt(red. chisq)
Offset: 3.07212e-11 3.2743e-07 offset_e*sqrt(n) = 3.73328e-06 n = 130


PARAMETER       Pre-fit                   Post-fit                  Uncertainty   Difference   Fit
---------------------------------------------------------------------------------------------------
RAJ (rad)       0.132894457102272         0.132894457103691         8.952e-09     1.4186e-12    Y
RAJ (hms)        00:30:27.4299630          00:30:27.4299631         0.0001231     1.9507e-08   
DECJ (rad)      0.0848411933251172        0.0848411933216011        2.0736e-08    -3.5161e-12   Y
DECJ (dms)      +04:51:39.75230           +04:51:39.75230           0.0042771     -7.2526e-07  
F0 (s^-1)       205.530696088273          205.530696088273          1.7979e-12    0             Y
F1 (s^-2)       -4.30603885331753e-16     -4.30603887691095e-16     2.2397e-20    -2.3593e-24   Y
PEPOCH (MJD)    53000                     53000                     0             0             N
POSEPOCH (MJD)  53000                     53000                     0             0             N
DMEPOCH (MJD)   53000                     53000                     0             0             N
PMRA (mas/yr)   -4.05438895368363         -4.05445936505675         0.64529       -7.0411e-05   Y
PMDEC (mas/yr)  -5.03330593702049         -5.0331228685027          1.5043        0.00018307    Y
PX (mas)        4.02290738497255          4.0229053610752           0.22192       -2.0239e-06   Y
START (MJD)     52999.9990000007          52999.9990000007          0             0             N
FINISH (MJD)    54806.0009999921          54806.0009999921          0             0             N
TZRMJD          53909.9999999879          53909.9999999879          0             0             N
TZRFRQ (MHz)    1440                      1440                      0             0             N
TZRSITE         AXIS                     
TRES            1.04074227502069          1.04075798232122          0             1.5707e-05    N
EPHVER          TEMPO2                    TEMPO2                    0             0             N
---------------------------------------------------------------------------------------------------
** WARNING: All parameter uncertainties multiplied by sqrt(red. chisq)

Derived parameters:

P0 (s)      = 0.00486545328280556       4.2562e-17   
P1          = 1.01935289415634e-20      5.3019e-25   
tau_c (Myr) = 7567.7
bs (G)      = 2.2536e+08

Total proper motion = 6.463 +/- 1.2395 mas/yr
Total time span = 1806.000 days = 4.945 years

Tempo2 usage
Units:                 TCB (tempo2)
Time ephemeris:        IF99 (tempo2)
Troposphere corr.?     Yes (tempo2)
Dilate freq?           Yes (tempo2)
Electron density (1AU) 4
Solar system ephem     DE414
Time scale             TT(TAI)
Binary model           NONE
**** UNITS was not set in the parameter file: using TCB (tempo2) **** 
Graphical Interface: TempoNest
Author:              L. Lentati
Version:             1.0
----------------------------------------------------------------
This program comes with ABSOLUTELY NO WARRANTY.
This is free software, and you are welcome to redistribute it
under conditions of GPL license.

----------------------------------------------------------------




*****************************************************
Starting TempoNest
*****************************************************



Details of the fit:
file root set to results/PL-7C-M-DD-3-J0030+0451- 
Including Red Noise: Power Law Model to 6 Coefficients 
fitting for: Arbitrary Phase 
fitting for: RAJ 
fitting for: DECJ 
fitting for: F0 
fitting for: F1 
fitting for: PMRA 
fitting for: PMDEC 
fitting for: PX 
Found 0 jumps to fit 
total Timing Model params to fit:  8 
marginalising over timing param: 0 
marginalising over timing param: 1 
margiComplete return


Results for PSR J0030+0451


RMS pre-fit residual = 1.041 (us), RMS post-fit residual = 1.041 (us)
Fit Chisq = 1.408e+04	Chisqr/nfree = 14080.88/122 = 115.417	pre/post = 0.999985
Number of fit parameters: 8
Number of points in fit = 130
** NOTE: All parameter uncertainties multiplied by sqrt(red. chisq)
Offset: 3.07212e-11 3.2743e-07 offset_e*sqrt(n) = 3.73328e-06 n = 130


PARAMETER       Pre-fit                   Post-fit                  Uncertainty   Difference   Fit
---------------------------------------------------------------------------------------------------
RAJ (rad)       0.132894457102272         0.132894457103691         8.952e-09     1.4186e-12    Y
RAJ (hms)        00:30:27.4299630          00:30:27.4299631         0.0001231     1.9507e-08   
DECJ (rad)      0.0848411933251172        0.0848411933216011        2.0736e-08    -3.5161e-12   Y
DECJ (dms)      +04:51:39.75230           +04:51:39.75230           0.0042771     -7.2526e-07  
F0 (s^-1)       205.530696088273          205.530696088273          1.7979e-12    0             Y
F1 (s^-2)       -4.30603885331753e-16     -4.30603887691095e-16     2.2397e-20    -2.3593e-24   Y
PEPOCH (MJD)    53000                     53000                     0             0             N
POSEPOCH (MJD)  53000                     53000                     0             0             N
DMEPOCH (MJD)   53000                     53000                     0             0             N
PMRA (mas/yr)   -4.05438895368363         -4.05445936505675         0.64529       -7.0411e-05   Y
PMDEC (mas/yr)  -5.03330593702049         -5.0331228685027          1.5043        0.00018307    Y
PX (mas)        4.02290738497255          4.0229053610752           0.22192       -2.0239e-06   Y
START (MJD)     52999.9990000007          52999.9990000007          0             0             N
FINISH (MJD)    54806.0009999921          54806.0009999921          0             0             N
TZRMJD          53909.9999999879          53909.9999999879          0             0             N
TZRFRQ (MHz)    1440                      1440                      0             0             N
TZRSITE         AXIS                     
TRES            1.04074227502069          1.04075798232122          0             1.5707e-05    N
EPHVER          TEMPO2                    TEMPO2                    0             0             N
---------------------------------------------------------------------------------------------------
** WARNING: All parameter uncertainties multiplied by sqrt(red. chisq)

Derived parameters:

P0 (s)      = 0.00486545328280556       4.2562e-17   
P1          = 1.01935289415634e-20      5.3019e-25   
tau_c (Myr) = 7567.7
bs (G)      = 2.2536e+08

Total proper motion = 6.463 +/- 1.2395 mas/yr
Total time span = 1806.000 days = 4.945 years

Tempo2 usage
Units:                 TCB (tempo2)
Time ephemeris:        IF99 (tempo2)
Troposphere corr.?     Yes (tempo2)
Dilate freq?           Yes (tempo2)
Electron density (1AU) 4
Solar system ephem     DE414
Time scale             TT(TAI)
Binary model           NONE
**** UNITS was not set in the parameter file: using TCB (tempo2) **** 
Graphical Interface: TempoNest
Author:              L. Lentati
Version:             1.0
----------------------------------------------------------------
This program comes with ABSOLUTELY NO WARRANTY.
This is free software, and you are welcome to redistribute it
under conditions of GPL license.

----------------------------------------------------------------




*****************************************************
Starting TempoNest
*****************************************************



Details of the fit:
file root set to results/PL-7C-M-DD-3-J0030+0451- 
Including Red Noise: Power Law Model to 6 Coefficients 
fitting for: Arbitrary Phase 
fitting for: RAJ 
fitting for: DECJ 
fitting for: F0 
fitting for: F1 
fitting for: PMRA 
fitting for: PMDEC 
fitting for: PX 
Found 0 jumps to fit 
total Timing Model params to fit:  8 
marginalising over timing param: 0 
marginalising over timing param: 1 
margiComplete return


Results for PSR J0030+0451


RMS pre-fit residual = 1.041 (us), RMS post-fit residual = 1.041 (us)
Fit Chisq = 1.408e+04	Chisqr/nfree = 14080.88/122 = 115.417	pre/post = 0.999985
Number of fit parameters: 8
Number of points in fit = 130
** NOTE: All parameter uncertainties multiplied by sqrt(red. chisq)
Offset: 3.07212e-11 3.2743e-07 offset_e*sqrt(n) = 3.73328e-06 n = 130


PARAMETER       Pre-fit                   Post-fit                  Uncertainty   Difference   Fit
---------------------------------------------------------------------------------------------------
RAJ (rad)       0.132894457102272         0.132894457103691         8.952e-09     1.4186e-12    Y
RAJ (hms)        00:30:27.4299630          00:30:27.4299631         0.0001231     1.9507e-08   
DECJ (rad)      0.0848411933251172        0.0848411933216011        2.0736e-08    -3.5161e-12   Y
DECJ (dms)      +04:51:39.75230           +04:51:39.75230           0.0042771     -7.2526e-07  
F0 (s^-1)       205.530696088273          205.530696088273          1.7979e-12    0             Y
F1 (s^-2)       -4.30603885331753e-16     -4.30603887691095e-16     2.2397e-20    -2.3593e-24   Y
PEPOCH (MJD)    53000                     53000                     0             0             N
POSEPOCH (MJD)  53000                     53000                     0             0             N
DMEPOCH (MJD)   53000                     53000                     0             0             N
PMRA (mas/yr)   -4.05438895368363         -4.05445936505675         0.64529       -7.0411e-05   Y
PMDEC (mas/yr)  -5.03330593702049         -5.0331228685027          1.5043        0.00018307    Y
PX (mas)        4.02290738497255          4.0229053610752           0.22192       -2.0239e-06   Y
START (MJD)     52999.9990000007          52999.9990000007          0             0             N
FINISH (MJD)    54806.0009999921          54806.0009999921          0             0             N
TZRMJD          53909.9999999879          53909.9999999879          0             0             N
TZRFRQ (MHz)    1440                      1440                      0             0             N
TZRSITE         AXIS                     
TRES            1.04074227502069          1.04075798232122          0             1.5707e-05    N
EPHVER          TEMPO2                    TEMPO2                    0             0             N
---------------------------------------------------------------------------------------------------
** WARNING: All parameter uncertainties multiplied by sqrt(red. chisq)

Derived parameters:

P0 (s)      = 0.00486545328280556       4.2562e-17   
P1          = 1.01935289415634e-20      5.3019e-25   
tau_c (Myr) = 7567.7
bs (G)      = 2.2536e+08

Total proper motion = 6.463 +/- 1.2395 mas/yr
Total time span = 1806.000 days = 4.945 years

Tempo2 usage
Units:                 TCB (tempo2)
Time ephemeris:        IF99 (tempo2)
Troposphere corr.?     Yes (tempo2)
Dilate freq?           Yes (tempo2)
Electron density (1AU) 4
Solar system ephem     DE414
Time scale             TT(TAI)
Binary model           NONE
**** UNITS was not set in the parameter file: using TCB (tempo2) **** 
Graphical Interface: TempoNest
Author:              L. Lentati
Version:             1.0
----------------------------------------------------------------
This program comes with ABSOLUTELY NO WARRANTY.
This is free software, and you are welcome to redistribute it
under conditions of GPL license.

----------------------------------------------------------------




*****************************************************
Starting TempoNest
*****************************************************



Details of the fit:
file root set to results/PL-7C-M-DD-3-J0030+0451- 
Including Red Noise: Power Law Model to 6 Coefficients 
fitting for: Arbitrary Phase 
fitting for: RAJ 
fitting for: DECJ 
fitting for: F0 
fitting for: F1 
fitting for: PMRA 
fitting for: PMDEC 
fitting for: PX 
Found 0 jumps to fit 
total Timing Model params to fit:  8 
marginalising over timing param: 0 
marginalising over timing param: 1 
marginalising over timing param: 2 
marginalising over timing param: 3 
marginalising over timing param: 4 
marginalising over timing param: 5 
marginalising over timing param: 6 
marginalising over timing param: 7 

Priors:
Prior on Red Noise Log Amplitude : -20 -> -8
Prior on Red Noise Slope : 0 -> 7


Marginalising over all Timing model parameters, pre-computing Matrices
nalising over timing param: 2 
marginalising over timing param: 3 
marginalising over timing param: 4 
marginalising over timing param: 5 
marginalising over timing param: 6 
marginalising over timing param: 7 

Priors:
Prior on Red Noise Log Amplitude : -20 -> -8
Prior on Red Noise Slope : 0 -> 7


Marginalising over all Timing model parameters, pre-computing Matrices
nalising over timing param: 2 
marginalising over timing param: 3 
marginalising over timing param: 4 
marginalising over timing param: 5 
marginalising over timing param: 6 
marginalising over timing param: 7 

Priors:
Prior on Red Noise Log Amplitude : -20 -> -8
Prior on Red Noise Slope : 0 -> 7


Marginalising over all Timing model parameters, pre-computing Matrices
nalising over timing param: 2 
marginalising over timing param: 3 
marginalising over timing param: 4 
marginalising over timing param: 5 
marginalising over timing param: 6 
marginalising over timing param: 7 

Priors:
Prior on Red Noise Log Amplitude : -20 -> -8
Prior on Red Noise Slope : 0 -> 7


Marginalising over all Timing model parameters, pre-computing Matrices
 my rank           3
 my rank           0
 my rank           2
 my rank           1
 my rank           5
 my rank           7
 my rank           4
 my rank           6
 MultiNest Warning: no resume file found, starting from scratch
 *****************************************************
 MultiNest v3.6
 Copyright Farhan Feroz & Mike Hobson
 Release Mar 2014

 no. of live points =  200
 dimensionality =    2
 *****************************************************
 Starting MultiNest
 generating live points
 live points generated, starting sampling
Acceptance Rate:                        0.980392
Replacements:                                250
Total Samples:                               255
Nested Sampling ln(Z):              -5075.534582
Importance Nested Sampling ln(Z):    1875.860202 +/-  0.431641
Acceptance Rate:                        0.917431
Replacements:                                300
Total Samples:                               327
Nested Sampling ln(Z):              -4796.159740
Importance Nested Sampling ln(Z):    1875.903736 +/-  0.366897
Acceptance Rate:                        0.857843
Replacements:                                350
Total Samples:                               408
Nested Sampling ln(Z):               1257.644628
Importance Nested Sampling ln(Z):    1875.817112 +/-  0.329061
Acceptance Rate:                        0.785855
Replacements:                                400
Total Samples:                               509
Nested Sampling ln(Z):               1767.234943
Importance Nested Sampling ln(Z):    1875.649157 +/-  0.312115
Acceptance Rate:                        0.712025
Replacements:                                450
Total Samples:                               632
Nested Sampling ln(Z):               1795.292870
Importance Nested Sampling ln(Z):    1875.528416 +/-  0.288336
Acceptance Rate:                        0.608273
Replacements:                                500
Total Samples:                               822
Nested Sampling ln(Z):               1820.455776
Importance Nested Sampling ln(Z):    1875.574869 +/-  0.239613
Acceptance Rate:                        0.535540
Replacements:                                550
Total Samples:                              1027
Nested Sampling ln(Z):               1837.947471
Importance Nested Sampling ln(Z):    1875.474168 +/-  0.217243
Acceptance Rate:                        0.503778
Replacements:                                600
Total Samples:                              1191
Nested Sampling ln(Z):               1849.631860
Importance Nested Sampling ln(Z):    1875.644658 +/-  0.177383
Acceptance Rate:                        0.499616
Replacements:                                650
Total Samples:                              1301
Nested Sampling ln(Z):               1857.838335
Importance Nested Sampling ln(Z):    1875.682992 +/-  0.153072
Acceptance Rate:                        0.501433
Replacements:                                700
Total Samples:                              1396
Nested Sampling ln(Z):               1863.275051
Importance Nested Sampling ln(Z):    1875.601852 +/-  0.139921
Acceptance Rate:                        0.499334
Replacements:                                750
Total Samples:                              1502
Nested Sampling ln(Z):               1867.398520
Importance Nested Sampling ln(Z):    1875.601496 +/-  0.117929
Acceptance Rate:                        0.492914
Replacements:                                800
Total Samples:                              1623
Nested Sampling ln(Z):               1870.154965
Importance Nested Sampling ln(Z):    1875.547919 +/-  0.104195
Acceptance Rate:                        0.495338
Replacements:                                850
Total Samples:                              1716
Nested Sampling ln(Z):               1871.460801
Importance Nested Sampling ln(Z):    1875.504652 +/-  0.093757
Acceptance Rate:                        0.494234
Replacements:                                900
Total Samples:                              1821
Nested Sampling ln(Z):               1872.348910
Importance Nested Sampling ln(Z):    1875.517461 +/-  0.082459
Acceptance Rate:                        0.488683
Replacements:                                950
Total Samples:                              1944
Nested Sampling ln(Z):               1873.033685
Importance Nested Sampling ln(Z):    1875.541563 +/-  0.072595
Acceptance Rate:                        0.481232
Replacements:                               1000
Total Samples:                              2078
Nested Sampling ln(Z):               1873.625897
Importance Nested Sampling ln(Z):    1875.537123 +/-  0.063685
Acceptance Rate:                        0.470641
Replacements:                               1050
Total Samples:                              2231
Nested Sampling ln(Z):               1874.038137
Importance Nested Sampling ln(Z):    1875.541978 +/-  0.055300
Acceptance Rate:                        0.458907
Replacements:                               1100
Total Samples:                              2397
Nested Sampling ln(Z):               1874.338268
Importance Nested Sampling ln(Z):    1875.526272 +/-  0.048229
Acceptance Rate:                        0.446949
Replacements:                               1150
Total Samples:                              2573
Nested Sampling ln(Z):               1874.569189
Importance Nested Sampling ln(Z):    1875.494265 +/-  0.041777
Acceptance Rate:                        0.440529
Replacements:                               1200
Total Samples:                              2724
Nested Sampling ln(Z):               1874.748149
Importance Nested Sampling ln(Z):    1875.504633 +/-  0.036211
Acceptance Rate:                        0.429997
Replacements:                               1250
Total Samples:                              2907
Nested Sampling ln(Z):               1874.892019
Importance Nested Sampling ln(Z):    1875.502093 +/-  0.030570
Acceptance Rate:                        0.422902
Replacements:                               1300
Total Samples:                              3074
Nested Sampling ln(Z):               1875.004935
Importance Nested Sampling ln(Z):    1875.498328 +/-  0.026268
Acceptance Rate:                        0.421618
Replacements:                               1334
Total Samples:                              3164
Nested Sampling ln(Z):               1875.067350
Importance Nested Sampling ln(Z):    1875.506074 +/-  0.024341
 ln(ev)=   1875.4174184648004      +/-  0.13423356395561031     
 Total Likelihood Evaluations:         3164
 Sampling finished. Exiting MultiNest
Processing Posteriors 
Processing Posteriors 
Processing Posteriors 
Processing Posteriors 
Processing Posteriors 
Processing Posteriors 
Processing Posteriors 
Processing Posteriors 


TempoNest Results for PSR J0030+0451


Evidence = 0	

PARAMETER          Tempo2-Fit              TempoNest-Fit          Uncertainty   Difference   Fit
---------------------------------------------------------------------------------------------------
RAJ (rad)       0.132894457103691         0.132894457102272         0             -1.4186e-12   M
RAJ (hms)        00:30:27.4299630          00:30:27.4299630342      0             -1.9507e-08  
DECJ (rad)      0.0848411933216011        0.0848411933251172        0             3.5161e-12    M
DECJ (dms)      +04:51:39.75230           +04:51:39.7523029778      0             7.2526e-07   
F0 (s^-1)       205.530696088273          205.530696088273          0             0             M
F1 (s^-2)       -4.30603887691095e-16     -4.30603885331753e-16     0             2.3593e-24    M
PMRA (mas/yr)   -4.05445936505675         -4.05438895368363         0             7.0411e-05    M
PMDEC (mas/yr)  -5.0331228685027          -5.03330593702049         0             -0.00018307   M
PX (mas)        4.0229053610752           4.02290738497255          0             2.0239e-06    M
---------------------------------------------------------------------------------------------------
------------------------------------------------------------------------------
Stochastic Parameters:
Power Law Red Noise Model:
Log Amplitude: -12.8509 +/- 0.220686
Spectral Index: 2.8996 +/- 1.1967
------------------------------------------------------------------------------

Derived parameters:

P0 (s)      = 0.00486545328280556       0            
P1          = 1.01935288857115e-20      0            
tau_c (Myr) = 7567.7
bs (G)      = 2.2536e+08

Total proper motion = 6.4631 +/- 0 mas/yr
Total time span = 1806.000 days = 4.945 years
writing par file results/PL-7C-M-DD-3-J0030+0451-.par. 
The stop date/time was: Tue Sep  8 10:17:14 2015
Total Wall clock run time: 10 


TempoNest Results for PSR J0030+0451


Evidence = 0	

PARAMETER          Tempo2-Fit              TempoNest-Fit          Uncertainty   Difference   Fit
---------------------------------------------------------------------------------------------------
RAJ (rad)       0.132894457103691         0.132894457102272         0             -1.4186e-12   M
RAJ (hms)        00:30:27.4299630          00:30:27.4299630342      0             -1.9507e-08  
DECJ (rad)      0.0848411933216011        0.0848411933251172        0             3.5161e-12    M
DECJ (dms)      +04:51:39.75230           +04:51:39.7523029778      0             7.2526e-07   
F0 (s^-1)       205.530696088273          205.530696088273          0             0             M
F1 (s^-2)       -4.30603887691095e-16     -4.30603885331753e-16     0             2.3593e-24    M
PMRA (mas/yr)   -4.05445936505675         -4.05438895368363         0             7.0411e-05    M
PMDEC (mas/yr)  -5.0331228685027          -5.03330593702049         0             -0.00018307   M
PX (mas)        4.0229053610752           4.02290738497255          0             2.0239e-06    M
---------------------------------------------------------------------------------------------------
------------------------------------------------------------------------------
Stochastic Parameters:
Power Law Red Noise Model:
Log Amplitude: -12.8509 +/- 0.220686
Spectral Index: 2.8996 +/- 1.1967
------------------------------------------------------------------------------

Derived parameters:

P0 (s)      = 0.00486545328280556       0            
P1          = 1.01935288857115e-20      0            
tau_c (Myr) = 7567.7
bs (G)      = 2.2536e+08

Total proper motion = 6.4631 +/- 0 mas/yr
Total time span = 1806.000 days = 4.945 years


TempoNest Results for PSR J0030+0451


Evidence = 0	

PARAMETER          Tempo2-Fit              TempoNest-Fit          Uncertainty   Difference   Fit
---------------------------------------------------------------------------------------------------
RAJ (rad)       0.132894457103691         0.132894457102272         0             -1.4186e-12   M
RAJ (hms)        00:30:27.4299630          00:30:27.4299630342      0             -1.9507e-08  
DECJ (rad)      0.0848411933216011        0.0848411933251172        0             3.5161e-12    M
DECJ (dms)      +04:51:39.75230           +04:51:39.7523029778      0             7.2526e-07   
F0 (s^-1)       205.530696088273          205.530696088273          0             0             M
F1 (s^-2)       -4.30603887691095e-16     -4.30603885331753e-16     0             2.3593e-24    M
PMRA (mas/yr)   -4.05445936505675         -4.05438895368363         0             7.0411e-05    M
PMDEC (mas/yr)  -5.0331228685027          -5.03330593702049         0             -0.00018307   M


TempoNest Results for PSR J0030+0451
PX (mas)        4.0229053610752           4.02290738497255          0             

2.0239e-06    M
Evidence = 0	

PARAMETER          Tempo2-Fit              TempoNest-Fit          Uncertainty   Difference   Fit
---------------------------------------------------------------------------------------------------
---------------------------------------------------------------------------------------------------
RAJ (rad)       0.132894457103691         ------------------------------------------------------------------------------
Stochastic Parameters:
Power Law Red Noise Model:
Log Amplitude: -12.8509 +/- 0.220686
Spectral Index: 2.8996 +/- 1.1967
0.132894457102272         0             ------------------------------------------------------------------------------

Derived parameters:

P0 (s)      = 0.00486545328280556       0            
-1.4186e-12   P1          = 1.01935288857115e-20      0            
tau_c (Myr) = 7567.7
bs (G)      = 2.2536e+08

Total proper motion = 6.4631 +/- 0 mas/yr
M
Total time span = 1806.000 days = 4.945 years
RAJ (hms)        00:30:27.4299630          00:30:27.4299630342      0             -1.9507e-08  
DECJ (rad)      0.0848411933216011        0.0848411933251172        0             3.5161e-12    M
DECJ (dms)      +04:51:39.75230           +04:51:39.7523029778      0             7.2526e-07   
F0 (s^-1)       205.530696088273          205.530696088273          0             0             M
F1 (s^-2)       -4.30603887691095e-16     -4.30603885331753e-16     0             2.3593e-24    M
PMRA (mas/yr)   -4.05445936505675         -4.05438895368363         0             7.0411e-05    M
PMDEC (mas/yr)  -5.0331228685027          -5.03330593702049         0             -0.00018307   M
PX (mas)        4.0229053610752           4.02290738497255          0             2.0239e-06    M
---------------------------------------------------------------------------------------------------
------------------------------------------------------------------------------
Stochastic Parameters:
Power Law Red Noise Model:
Log Amplitude: -12.8509 +/- 0.220686
Spectral Index: 2.8996 +/- 1.1967
------------------------------------------------------------------------------

Derived parameters:

P0 (s)      = 0.00486545328280556       0            
P1          = 1.01935288857115e-20      0            
tau_c (Myr) = 7567.7
bs (G)      = 2.2536e+08

Total proper motion = 6.4631 +/- 0 mas/yr
Total time span = 1806.000 days = 4.945 years
writing par file results/PL-7C-M-DD-3-J0030+0451-.par. 
writing par file results/PL-7C-M-DD-3-J0030+0451-.par. 


TempoNest Results for PSR J0030+0451


Evidence = 0	

writing par file results/PL-7C-M-DD-3-J0030+0451-.par. 
PARAMETER          Tempo2-Fit              TempoNest-Fit          Uncertainty   Difference   Fit
---------------------------------------------------------------------------------------------------
RAJ (rad)       0.132894457103691         0.132894457102272         0             -1.4186e-12   M
RAJ (hms)        00:30:27.4299630          00:30:27.4299630342      0             -1.9507e-08  
DECJ (rad)      0.0848411933216011        0.0848411933251172        0             3.5161e-12    M
DECJ (dms)      +04:51:39.75230           +04:51:39.7523029778      0             7.2526e-07   
F0 (s^-1)       205.530696088273          205.530696088273          0             0             M
F1 (s^-2)       -4.30603887691095e-16     

TempoNest Results for PSR J0030+0451


Evidence = 0	

PARAMETER          Tempo2-Fit              TempoNest-Fit          Uncertainty   Difference   Fit
---------------------------------------------------------------------------------------------------
-4.30603885331753e-16     0             RAJ (rad)       0.132894457103691         2.3593e-24    M
0.132894457102272         0             PMRA (mas/yr)   -4.05445936505675         -1.4186e-12   -4.05438895368363         0             M
7.0411e-05    M
RAJ (hms)        00:30:27.4299630          00:30:27.4299630342      0             -1.9507e-08  
PMDEC (mas/yr)  -5.0331228685027          DECJ (rad)      0.0848411933216011        0.0848411933251172        -5.03330593702049         0             0             3.5161e-12    M
-0.00018307   M
DECJ (dms)      +04:51:39.75230           +04:51:39.7523029778      0             7.2526e-07   
F0 (s^-1)       PX (mas)        4.0229053610752           205.530696088273          4.02290738497255          0             205.530696088273          0             2.0239e-06    M
0             M
---------------------------------------------------------------------------------------------------
F1 (s^-2)       -4.30603887691095e-16     ------------------------------------------------------------------------------
Stochastic Parameters:
-4.30603885331753e-16     0             Power Law Red Noise Model:
2.3593e-24    M
Log Amplitude: -12.8509 +/- 0.220686
Spectral Index: 2.8996 +/- 1.1967
PMRA (mas/yr)   -4.05445936505675         ------------------------------------------------------------------------------

Derived parameters:

-4.05438895368363         0             P0 (s)      = 0.00486545328280556       0            
P1          = 1.01935288857115e-20      0            
7.0411e-05    M
tau_c (Myr) = 7567.7
PMDEC (mas/yr)  -5.0331228685027          bs (G)      = 2.2536e+08

Total proper motion = 6.4631 +/- 0 mas/yr
-5.03330593702049         0             Total time span = 1806.000 days = 4.945 years
-0.00018307   M
PX (mas)        writing par file results/PL-7C-M-DD-3-J0030+0451-.par. 
4.0229053610752           4.02290738497255          0             2.0239e-06    M
---------------------------------------------------------------------------------------------------
------------------------------------------------------------------------------
Stochastic Parameters:
Power Law Red Noise Model:
Log Amplitude: -12.8509 +/- 0.220686
Spectral Index: 2.8996 +/- 1.1967


------------------------------------------------------------------------------

Derived parameters:

TempoNest Results for PSR J0030+0451


P0 (s)      = 0.00486545328280556       0            
P1          = 1.01935288857115e-20      0            
Evidence = 0	

PARAMETER          Tempo2-Fit              TempoNest-Fit          Uncertainty   Difference   Fit
---------------------------------------------------------------------------------------------------tau_c (Myr) = 7567.7

bs (G)      = 2.2536e+08

RAJ (rad)       0.132894457103691         Total proper motion = 6.4631 +/- 0 mas/yr
0.132894457102272         0             Total time span = 1806.000 days = 4.945 years
-1.4186e-12   writing par file results/PL-7C-M-DD-3-J0030+0451-.par. 
M
RAJ (hms)        00:30:27.4299630          00:30:27.4299630342      0             -1.9507e-08  
DECJ (rad)      0.0848411933216011        0.0848411933251172        0             3.5161e-12    M
DECJ (dms)      +04:51:39.75230           +04:51:39.7523029778      0             7.2526e-07   
F0 (s^-1)       205.530696088273          205.530696088273          0             0             M
F1 (s^-2)       -4.30603887691095e-16     -4.30603885331753e-16     0             2.3593e-24    M
PMRA (mas/yr)   -4.05445936505675         -4.05438895368363         0             7.0411e-05    M
PMDEC (mas/yr)  -5.0331228685027          -5.03330593702049         0             -0.00018307   M
PX (mas)        4.0229053610752           4.02290738497255          0             2.0239e-06    M
---------------------------------------------------------------------------------------------------
------------------------------------------------------------------------------
Stochastic Parameters:
Power Law Red Noise Model:
Log Amplitude: -12.8509 +/- 0.220686
Spectral Index: 2.8996 +/- 1.1967
------------------------------------------------------------------------------

Derived parameters:

P0 (s)      = 0.00486545328280556       0            
P1          = 1.01935288857115e-20      0            
tau_c (Myr) = 7567.7
bs (G)      = 2.2536e+08

Total proper motion = 6.4631 +/- 0 mas/yr
Total time span = 1806.000 days = 4.945 years
writing par file results/PL-7C-M-DD-3-J0030+0451-.par. 
The stop date/time was: Tue Sep  8 10:17:14 2015
Total Wall clock run time: 10 


TempoNest Results for PSR J0030+0451


Evidence = 0	

PARAMETER          Tempo2-Fit              TempoNest-Fit          Uncertainty   Difference   Fit
---------------------------------------------------------------------------------------------------
RAJ (rad)       0.132894457103691         0.132894457102272         0             -1.4186e-12   M
RAJ (hms)        00:30:27.4299630          00:30:27.4299630342      0             -1.9507e-08  
DECJ (rad)      0.0848411933216011        0.0848411933251172        0             3.5161e-12    M
DECJ (dms)      +04:51:39.75230           +04:51:39.7523029778      0             7.2526e-07   
F0 (s^-1)       205.530696088273          205.530696088273          0             0             M
F1 (s^-2)       -4.30603887691095e-16     -4.30603885331753e-16     0             2.3593e-24    M
PMRA (mas/yr)   -4.05445936505675         -4.05438895368363         0             7.0411e-05    M
PMDEC (mas/yr)  -5.0331228685027          -5.03330593702049         0             -0.00018307   M
PX (mas)        4.0229053610752           4.02290738497255          0             2.0239e-06    M
---------------------------------------------------------------------------------------------------
------------------------------------------------------------------------------
Stochastic Parameters:
Power Law Red Noise Model:
Log Amplitude: -12.8509 +/- 0.220686
Spectral Index: 2.8996 +/- 1.1967
------------------------------------------------------------------------------

Derived parameters:

P0 (s)      = 0.00486545328280556       0            
P1          = 1.01935288857115e-20      0            
tau_c (Myr) = 7567.7
bs (G)      = 2.2536e+08

Total proper motion = 6.4631 +/- 0 mas/yr
Total time span = 1806.000 days = 4.945 years
The stop date/time was: Tue Sep  8 10:17:14 2015
Total Wall clock run time: 10 
The stop date/time was: Tue Sep  8 10:17:14 2015
Total Wall clock run time: 10 
The stop date/time was: Tue Sep  8 10:17:14 2015
Total Wall clock run time: 10 
writing par file results/PL-7C-M-DD-3-J0030+0451-.par. 
The stop date/time was: Tue Sep  8 10:17:14 2015
Total Wall clock run time: 10 
The stop date/time was: Tue Sep  8 10:17:14 2015
Total Wall clock run time: 10 
The stop date/time was: Tue Sep  8 10:17:14 2015
Total Wall clock run time: 10 
